Using pre-set license
Built from '2021.2/staging' branch; Version is '2021.2.8f1 (d0e5f0a7b06a) revision 13690352'; Using compiler version '192829333'; Build Type 'Release'
OS: 'Windows 11  (10.0.22000) 64bit CoreSingleLanguage' Language: 'pt' Physical Memory: 8122 MB
BatchMode: 1, IsHumanControllingUs: 0, StartBugReporterOnCrash: 0, Is64bit: 1, IsPro: 0

COMMAND LINE ARGUMENTS:
C:\Program Files\Unity\Hub\Editor\2021.2.8f1\Editor\Unity.exe
-adb2
-batchMode
-noUpm
-name
AssetImportWorker5
-projectPath
C:/Users/Marina/Documents/Bubble/bubble/BubbleProject
-logFile
Logs/AssetImportWorker5.log
-srvPort
58785
Successfully changed project path to: C:/Users/Marina/Documents/Bubble/bubble/BubbleProject
C:/Users/Marina/Documents/Bubble/bubble/BubbleProject
[UnityMemory] Configuration Parameters - Can be set up in boot.config
    "memorysetup-bucket-allocator-granularity=16"
    "memorysetup-bucket-allocator-bucket-count=8"
    "memorysetup-bucket-allocator-block-size=33554432"
    "memorysetup-bucket-allocator-block-count=8"
    "memorysetup-main-allocator-block-size=16777216"
    "memorysetup-thread-allocator-block-size=16777216"
    "memorysetup-gfx-main-allocator-block-size=16777216"
    "memorysetup-gfx-thread-allocator-block-size=16777216"
    "memorysetup-cache-allocator-block-size=4194304"
    "memorysetup-typetree-allocator-block-size=2097152"
    "memorysetup-profiler-bucket-allocator-granularity=16"
    "memorysetup-profiler-bucket-allocator-bucket-count=8"
    "memorysetup-profiler-bucket-allocator-block-size=33554432"
    "memorysetup-profiler-bucket-allocator-block-count=8"
    "memorysetup-profiler-allocator-block-size=16777216"
    "memorysetup-profiler-editor-allocator-block-size=1048576"
    "memorysetup-temp-allocator-size-main=16777216"
    "memorysetup-job-temp-allocator-block-size=2097152"
    "memorysetup-job-temp-allocator-block-size-background=1048576"
    "memorysetup-job-temp-allocator-reduction-small-platforms=262144"
    "memorysetup-temp-allocator-size-background-worker=32768"
    "memorysetup-temp-allocator-size-job-worker=262144"
    "memorysetup-temp-allocator-size-preload-manager=33554432"
    "memorysetup-temp-allocator-size-nav-mesh-worker=65536"
    "memorysetup-temp-allocator-size-audio-worker=65536"
    "memorysetup-temp-allocator-size-cloud-worker=32768"
    "memorysetup-temp-allocator-size-gi-baking-worker=262144"
    "memorysetup-temp-allocator-size-gfx=262144"
Refreshing native plugins compatible for Editor in 120.35 ms, found 3 plugins.
Preloading 0 native plugins for Editor in 0.00 ms.
Initialize engine version: 2021.2.8f1 (d0e5f0a7b06a)
[Subsystems] Discovering subsystems at path C:/Program Files/Unity/Hub/Editor/2021.2.8f1/Editor/Data/Resources/UnitySubsystems
[Subsystems] Discovering subsystems at path C:/Users/Marina/Documents/Bubble/bubble/BubbleProject/Assets
GfxDevice: creating device client; threaded=0; jobified=0
Direct3D:
    Version:  Direct3D 11.0 [level 11.1]
    Renderer: Intel(R) HD Graphics Family (ID=0xa16)
    Vendor:   Intel
    VRAM:     2048 MB
    Driver:   20.19.15.4531
Initialize mono
Mono path[0] = 'C:/Program Files/Unity/Hub/Editor/2021.2.8f1/Editor/Data/Managed'
Mono path[1] = 'C:/Program Files/Unity/Hub/Editor/2021.2.8f1/Editor/Data/MonoBleedingEdge/lib/mono/unityjit-win32'
Mono config path = 'C:/Program Files/Unity/Hub/Editor/2021.2.8f1/Editor/Data/MonoBleedingEdge/etc'
Using monoOptions --debugger-agent=transport=dt_socket,embedding=1,server=y,suspend=n,address=127.0.0.1:56120
Begin MonoManager ReloadAssembly
Registering precompiled unity dll's ...
Register platform support module: C:/Program Files/Unity/Hub/Editor/2021.2.8f1/Editor/Data/PlaybackEngines/WindowsStandaloneSupport/UnityEditor.WindowsStandalone.Extensions.dll
Registered in 0.009329 seconds.
Native extension for WindowsStandalone target not found
Refreshing native plugins compatible for Editor in 126.09 ms, found 3 plugins.
Preloading 0 native plugins for Editor in 0.00 ms.
Mono: successfully reloaded assembly
- Completed reload, in  1.067 seconds
Domain Reload Profiling:
	ReloadAssembly (1068ms)
		BeginReloadAssembly (103ms)
			ExecutionOrderSort (0ms)
			DisableScriptedObjects (0ms)
			BackupInstance (0ms)
			ReleaseScriptingObjects (0ms)
			CreateAndSetChildDomain (1ms)
		EndReloadAssembly (746ms)
			LoadAssemblies (102ms)
			RebuildTransferFunctionScriptingTraits (0ms)
			SetupTypeCache (208ms)
			ReleaseScriptCaches (0ms)
			RebuildScriptCaches (68ms)
			SetupLoadedEditorAssemblies (378ms)
				LogAssemblyErrors (0ms)
				InitializePlatformSupportModulesInManaged (22ms)
				SetLoadedEditorAssemblies (0ms)
				RefreshPlugins (126ms)
				BeforeProcessingInitializeOnLoad (2ms)
				ProcessInitializeOnLoadAttributes (166ms)
				ProcessInitializeOnLoadMethodAttributes (62ms)
				AfterProcessingInitializeOnLoad (0ms)
				EditorAssembliesLoaded (0ms)
			ExecutionOrderSort2 (0ms)
			AwakeInstancesAfterBackupRestoration (0ms)
Platform modules already initialized, skipping
Registering precompiled user dll's ...
Registered in 0.008022 seconds.
Begin MonoManager ReloadAssembly
Native extension for WindowsStandalone target not found
Refreshing native plugins compatible for Editor in 146.69 ms, found 3 plugins.
Preloading 0 native plugins for Editor in 0.00 ms.
Mono: successfully reloaded assembly
- Completed reload, in  6.637 seconds
Domain Reload Profiling:
	ReloadAssembly (6638ms)
		BeginReloadAssembly (162ms)
			ExecutionOrderSort (0ms)
			DisableScriptedObjects (8ms)
			BackupInstance (0ms)
			ReleaseScriptingObjects (0ms)
			CreateAndSetChildDomain (31ms)
		EndReloadAssembly (5996ms)
			LoadAssemblies (2852ms)
			RebuildTransferFunctionScriptingTraits (0ms)
			SetupTypeCache (421ms)
			ReleaseScriptCaches (1ms)
			RebuildScriptCaches (123ms)
			SetupLoadedEditorAssemblies (2491ms)
				LogAssemblyErrors (0ms)
				InitializePlatformSupportModulesInManaged (16ms)
				SetLoadedEditorAssemblies (0ms)
				RefreshPlugins (147ms)
				BeforeProcessingInitializeOnLoad (137ms)
				ProcessInitializeOnLoadAttributes (1743ms)
				ProcessInitializeOnLoadMethodAttributes (442ms)
				AfterProcessingInitializeOnLoad (6ms)
				EditorAssembliesLoaded (0ms)
			ExecutionOrderSort2 (0ms)
			AwakeInstancesAfterBackupRestoration (5ms)
Platform modules already initialized, skipping
========================================================================
Worker process is ready to serve import requests
Launched and connected shader compiler UnityShaderCompiler.exe after 2.94 seconds
Refreshing native plugins compatible for Editor in 2.12 ms, found 3 plugins.
Preloading 0 native plugins for Editor in 0.00 ms.
Unloading 4286 Unused Serialized files (Serialized files now loaded: 0)
Unloading 75 unused Assets / (0.6 MB). Loaded Objects now: 4715.
Memory consumption went from 190.1 MB to 189.5 MB.
Total: 23.494900 ms (FindLiveObjects: 0.535800 ms CreateObjectMapping: 0.298900 ms MarkObjects: 22.276500 ms  DeleteObjects: 0.381900 ms)

AssetImportParameters requested are different than current active one (requested -> active):
  custom:video-decoder-ogg-theora: a1e56fd34408186e4bbccfd4996cb3dc -> 
  custom:container-muxer-webm: aa71ff27fc2769a1b78a27578f13a17b -> 
  custom:container-demuxer-webm: 4f35f7cbe854078d1ac9338744f61a02 -> 
  custom:video-encoder-webm-vp8: eb34c28f22e8b96e1ab97ce403110664 -> 
  custom:audio-encoder-webm-vorbis: bf7c407c2cedff20999df2af8eb42d56 -> 
  custom:framework-win-MediaFoundation: 216162199b28c13a410421893ffa2e32 -> 
  custom:container-demuxer-ogg: 62fdf1f143b41e24485cea50d1cbac27 -> 
  custom:video-decoder-webm-vp8: 9c59270c3fd7afecdb556c50c9e8de78 -> 
  custom:audio-decoder-ogg-vorbis: bf7c407c2cedff20999df2af8eb42d56 -> 
========================================================================
Received Import Request.
  Time since last request: 439980.341678 seconds.
  path: Assets/Sprites/UI/InGame/Win/Conchas/Perola.png
  artifactKey: Guid(59c5dd637022fb248815f77388bed6e0) Importer(815301076,1909f56bfc062723c751e8b465ee728b)
Start importing Assets/Sprites/UI/InGame/Win/Conchas/Perola.png using Guid(59c5dd637022fb248815f77388bed6e0) Importer(815301076,1909f56bfc062723c751e8b465ee728b)  -> (artifact id: 'c6663e4defec1733fff29b28391d3d74') in 0.360262 seconds 
========================================================================
Received Import Request.
  Time since last request: 0.000034 seconds.
  path: Assets/Sprites/UI/InGame/Win/Conchas/Concha Aberta.png
  artifactKey: Guid(43e3e7697d69c144eb4850e0f18a5c95) Importer(815301076,1909f56bfc062723c751e8b465ee728b)
Start importing Assets/Sprites/UI/InGame/Win/Conchas/Concha Aberta.png using Guid(43e3e7697d69c144eb4850e0f18a5c95) Importer(815301076,1909f56bfc062723c751e8b465ee728b)  -> (artifact id: '49a515ffc37c51e3ca989c19eb6b86d4') in 0.048972 seconds 
========================================================================
Received Import Request.
  Time since last request: 0.000256 seconds.
  path: Assets/Sprites/UI/InGame/Win/Conchas/Concha Cinza.png
  artifactKey: Guid(67e392e610f269340bbc51411441397b) Importer(815301076,1909f56bfc062723c751e8b465ee728b)
Start importing Assets/Sprites/UI/InGame/Win/Conchas/Concha Cinza.png using Guid(67e392e610f269340bbc51411441397b) Importer(815301076,1909f56bfc062723c751e8b465ee728b)  -> (artifact id: 'd36878b338f868702734aab5828477ff') in 0.035867 seconds 
========================================================================
Received Import Request.
  Time since last request: 0.000027 seconds.
  path: Assets/Sprites/UI/InGame/Win/Conchas/Sombra.png
  artifactKey: Guid(678814bab807bf748b3eeffb4cdefb7b) Importer(815301076,1909f56bfc062723c751e8b465ee728b)
Start importing Assets/Sprites/UI/InGame/Win/Conchas/Sombra.png using Guid(678814bab807bf748b3eeffb4cdefb7b) Importer(815301076,1909f56bfc062723c751e8b465ee728b)  -> (artifact id: '1b0602b85821df7f6bbf1345e5762394') in 0.045503 seconds 
========================================================================
Received Import Request.
  Time since last request: 0.000026 seconds.
  path: Assets/Sprites/UI/InGame/Win/Conchas/Concha Colorida.png
  artifactKey: Guid(8b300769646147b4ab88c6c9cbc3e1a1) Importer(815301076,1909f56bfc062723c751e8b465ee728b)
Start importing Assets/Sprites/UI/InGame/Win/Conchas/Concha Colorida.png using Guid(8b300769646147b4ab88c6c9cbc3e1a1) Importer(815301076,1909f56bfc062723c751e8b465ee728b)  -> (artifact id: 'bc0d47477f870e10794f173cd3aab868') in 0.034322 seconds 
========================================================================
Received Import Request.
  Time since last request: 1060.761960 seconds.
  path: Assets/Sprites/UI/InGame/Win/Conchas/Concha Aberta.png
  artifactKey: Guid(43e3e7697d69c144eb4850e0f18a5c95) Importer(815301076,1909f56bfc062723c751e8b465ee728b)
Start importing Assets/Sprites/UI/InGame/Win/Conchas/Concha Aberta.png using Guid(43e3e7697d69c144eb4850e0f18a5c95) Importer(815301076,1909f56bfc062723c751e8b465ee728b)  -> (artifact id: 'd6274fce60f63d56863dfcaa5e08e021') in 0.047169 seconds 
========================================================================
Received Import Request.
  Time since last request: 0.000040 seconds.
  path: Assets/Sprites/UI/InGame/Win/Conchas/Sombra.png
  artifactKey: Guid(678814bab807bf748b3eeffb4cdefb7b) Importer(815301076,1909f56bfc062723c751e8b465ee728b)
Start importing Assets/Sprites/UI/InGame/Win/Conchas/Sombra.png using Guid(678814bab807bf748b3eeffb4cdefb7b) Importer(815301076,1909f56bfc062723c751e8b465ee728b)  -> (artifact id: '6256196b3474cf63065e8437f07e6e7f') in 0.038469 seconds 
========================================================================
Received Import Request.
  Time since last request: 750.229378 seconds.
  path: Assets/Sprites/UI/InGame/Win/Conchas/Concha.controller
  artifactKey: Guid(13399980c7db83f4db1cd7b80f05a26f) Importer(815301076,1909f56bfc062723c751e8b465ee728b)
Start importing Assets/Sprites/UI/InGame/Win/Conchas/Concha.controller using Guid(13399980c7db83f4db1cd7b80f05a26f) Importer(815301076,1909f56bfc062723c751e8b465ee728b)  -> (artifact id: '566b6127efec40e2560bff2bace8a1e4') in 0.048457 seconds 
========================================================================
Received Import Request.
  Time since last request: 25.331891 seconds.
  path: Assets/Sprites/UI/InGame/Win/Conchas/openning_with_pearl.anim
  artifactKey: Guid(f8e142f7f6e482a4087c78429156785f) Importer(815301076,1909f56bfc062723c751e8b465ee728b)
Start importing Assets/Sprites/UI/InGame/Win/Conchas/openning_with_pearl.anim using Guid(f8e142f7f6e482a4087c78429156785f) Importer(815301076,1909f56bfc062723c751e8b465ee728b)  -> (artifact id: '78f8b429b70e1d49957dae6fe9ff19a1') in 0.014077 seconds 
========================================================================
Received Import Request.
  Time since last request: 92.240246 seconds.
  path: Assets/Sprites/UI/InGame/Win/Conchas/Concha.prefab
  artifactKey: Guid(52c1a18f2cb1a9c489cc4cdf9aaa2e01) Importer(815301076,1909f56bfc062723c751e8b465ee728b)
Start importing Assets/Sprites/UI/InGame/Win/Conchas/Concha.prefab using Guid(52c1a18f2cb1a9c489cc4cdf9aaa2e01) Importer(815301076,1909f56bfc062723c751e8b465ee728b)  -> (artifact id: 'a9145ba577c24ad180fd2c322bbeacbf') in 0.652853 seconds 
