Using pre-set license
Built from '2021.2/staging' branch; Version is '2021.2.8f1 (d0e5f0a7b06a) revision 13690352'; Using compiler version '192829333'; Build Type 'Release'
OS: 'Windows 11  (10.0.22000) 64bit CoreSingleLanguage' Language: 'pt' Physical Memory: 8122 MB
BatchMode: 1, IsHumanControllingUs: 0, StartBugReporterOnCrash: 0, Is64bit: 1, IsPro: 0

COMMAND LINE ARGUMENTS:
C:\Program Files\Unity\Hub\Editor\2021.2.8f1\Editor\Unity.exe
-adb2
-batchMode
-noUpm
-name
AssetImportWorker3
-projectPath
C:/Users/Marina/Documents/Bubble/bubble/BubbleProject
-logFile
Logs/AssetImportWorker3.log
-srvPort
59133
Successfully changed project path to: C:/Users/Marina/Documents/Bubble/bubble/BubbleProject
C:/Users/Marina/Documents/Bubble/bubble/BubbleProject
[UnityMemory] Configuration Parameters - Can be set up in boot.config
    "memorysetup-bucket-allocator-granularity=16"
    "memorysetup-bucket-allocator-bucket-count=8"
    "memorysetup-bucket-allocator-block-size=33554432"
    "memorysetup-bucket-allocator-block-count=8"
    "memorysetup-main-allocator-block-size=16777216"
    "memorysetup-thread-allocator-block-size=16777216"
    "memorysetup-gfx-main-allocator-block-size=16777216"
    "memorysetup-gfx-thread-allocator-block-size=16777216"
    "memorysetup-cache-allocator-block-size=4194304"
    "memorysetup-typetree-allocator-block-size=2097152"
    "memorysetup-profiler-bucket-allocator-granularity=16"
    "memorysetup-profiler-bucket-allocator-bucket-count=8"
    "memorysetup-profiler-bucket-allocator-block-size=33554432"
    "memorysetup-profiler-bucket-allocator-block-count=8"
    "memorysetup-profiler-allocator-block-size=16777216"
    "memorysetup-profiler-editor-allocator-block-size=1048576"
    "memorysetup-temp-allocator-size-main=16777216"
    "memorysetup-job-temp-allocator-block-size=2097152"
    "memorysetup-job-temp-allocator-block-size-background=1048576"
    "memorysetup-job-temp-allocator-reduction-small-platforms=262144"
    "memorysetup-temp-allocator-size-background-worker=32768"
    "memorysetup-temp-allocator-size-job-worker=262144"
    "memorysetup-temp-allocator-size-preload-manager=33554432"
    "memorysetup-temp-allocator-size-nav-mesh-worker=65536"
    "memorysetup-temp-allocator-size-audio-worker=65536"
    "memorysetup-temp-allocator-size-cloud-worker=32768"
    "memorysetup-temp-allocator-size-gi-baking-worker=262144"
    "memorysetup-temp-allocator-size-gfx=262144"
Refreshing native plugins compatible for Editor in 163.99 ms, found 3 plugins.
Preloading 0 native plugins for Editor in 0.00 ms.
Initialize engine version: 2021.2.8f1 (d0e5f0a7b06a)
[Subsystems] Discovering subsystems at path C:/Program Files/Unity/Hub/Editor/2021.2.8f1/Editor/Data/Resources/UnitySubsystems
[Subsystems] Discovering subsystems at path C:/Users/Marina/Documents/Bubble/bubble/BubbleProject/Assets
GfxDevice: creating device client; threaded=0; jobified=0
Direct3D:
    Version:  Direct3D 11.0 [level 11.1]
    Renderer: Intel(R) HD Graphics Family (ID=0xa16)
    Vendor:   Intel
    VRAM:     2048 MB
    Driver:   20.19.15.4531
Initialize mono
Mono path[0] = 'C:/Program Files/Unity/Hub/Editor/2021.2.8f1/Editor/Data/Managed'
Mono path[1] = 'C:/Program Files/Unity/Hub/Editor/2021.2.8f1/Editor/Data/MonoBleedingEdge/lib/mono/unityjit-win32'
Mono config path = 'C:/Program Files/Unity/Hub/Editor/2021.2.8f1/Editor/Data/MonoBleedingEdge/etc'
Using monoOptions --debugger-agent=transport=dt_socket,embedding=1,server=y,suspend=n,address=127.0.0.1:56684
Begin MonoManager ReloadAssembly
Registering precompiled unity dll's ...
Register platform support module: C:/Program Files/Unity/Hub/Editor/2021.2.8f1/Editor/Data/PlaybackEngines/WindowsStandaloneSupport/UnityEditor.WindowsStandalone.Extensions.dll
Registered in 0.005040 seconds.
Native extension for WindowsStandalone target not found
Refreshing native plugins compatible for Editor in 98.62 ms, found 3 plugins.
Preloading 0 native plugins for Editor in 0.00 ms.
Mono: successfully reloaded assembly
- Completed reload, in  0.925 seconds
Domain Reload Profiling:
	ReloadAssembly (926ms)
		BeginReloadAssembly (120ms)
			ExecutionOrderSort (0ms)
			DisableScriptedObjects (0ms)
			BackupInstance (0ms)
			ReleaseScriptingObjects (0ms)
			CreateAndSetChildDomain (1ms)
		EndReloadAssembly (683ms)
			LoadAssemblies (118ms)
			RebuildTransferFunctionScriptingTraits (0ms)
			SetupTypeCache (164ms)
			ReleaseScriptCaches (0ms)
			RebuildScriptCaches (44ms)
			SetupLoadedEditorAssemblies (389ms)
				LogAssemblyErrors (0ms)
				InitializePlatformSupportModulesInManaged (24ms)
				SetLoadedEditorAssemblies (0ms)
				RefreshPlugins (99ms)
				BeforeProcessingInitializeOnLoad (2ms)
				ProcessInitializeOnLoadAttributes (196ms)
				ProcessInitializeOnLoadMethodAttributes (68ms)
				AfterProcessingInitializeOnLoad (0ms)
				EditorAssembliesLoaded (0ms)
			ExecutionOrderSort2 (0ms)
			AwakeInstancesAfterBackupRestoration (0ms)
Platform modules already initialized, skipping
Registering precompiled user dll's ...
Registered in 0.010264 seconds.
Begin MonoManager ReloadAssembly
Native extension for WindowsStandalone target not found
Refreshing native plugins compatible for Editor in 119.99 ms, found 3 plugins.
Preloading 0 native plugins for Editor in 0.00 ms.
Mono: successfully reloaded assembly
- Completed reload, in 11.028 seconds
Domain Reload Profiling:
	ReloadAssembly (11029ms)
		BeginReloadAssembly (137ms)
			ExecutionOrderSort (0ms)
			DisableScriptedObjects (7ms)
			BackupInstance (0ms)
			ReleaseScriptingObjects (0ms)
			CreateAndSetChildDomain (29ms)
		EndReloadAssembly (10750ms)
			LoadAssemblies (100ms)
			RebuildTransferFunctionScriptingTraits (0ms)
			SetupTypeCache (385ms)
			ReleaseScriptCaches (1ms)
			RebuildScriptCaches (109ms)
			SetupLoadedEditorAssemblies (10077ms)
				LogAssemblyErrors (0ms)
				InitializePlatformSupportModulesInManaged (26ms)
				SetLoadedEditorAssemblies (0ms)
				RefreshPlugins (120ms)
				BeforeProcessingInitializeOnLoad (141ms)
				ProcessInitializeOnLoadAttributes (4602ms)
				ProcessInitializeOnLoadMethodAttributes (5180ms)
				AfterProcessingInitializeOnLoad (7ms)
				EditorAssembliesLoaded (0ms)
			ExecutionOrderSort2 (0ms)
			AwakeInstancesAfterBackupRestoration (7ms)
Platform modules already initialized, skipping
========================================================================
Worker process is ready to serve import requests
Launched and connected shader compiler UnityShaderCompiler.exe after 0.88 seconds
Refreshing native plugins compatible for Editor in 2.97 ms, found 3 plugins.
Preloading 0 native plugins for Editor in 0.00 ms.
Unloading 4197 Unused Serialized files (Serialized files now loaded: 0)
Unloading 76 unused Assets / (2.0 MB). Loaded Objects now: 4640.
Memory consumption went from 191.6 MB to 189.6 MB.
Total: 9.127200 ms (FindLiveObjects: 0.682500 ms CreateObjectMapping: 0.549800 ms MarkObjects: 6.834300 ms  DeleteObjects: 1.057900 ms)

AssetImportParameters requested are different than current active one (requested -> active):
  custom:video-decoder-ogg-theora: a1e56fd34408186e4bbccfd4996cb3dc -> 
  custom:container-muxer-webm: aa71ff27fc2769a1b78a27578f13a17b -> 
  custom:container-demuxer-webm: 4f35f7cbe854078d1ac9338744f61a02 -> 
  custom:video-encoder-webm-vp8: eb34c28f22e8b96e1ab97ce403110664 -> 
  custom:audio-encoder-webm-vorbis: bf7c407c2cedff20999df2af8eb42d56 -> 
  custom:framework-win-MediaFoundation: 216162199b28c13a410421893ffa2e32 -> 
  custom:container-demuxer-ogg: 62fdf1f143b41e24485cea50d1cbac27 -> 
  custom:video-decoder-webm-vp8: 9c59270c3fd7afecdb556c50c9e8de78 -> 
  custom:audio-decoder-ogg-vorbis: bf7c407c2cedff20999df2af8eb42d56 -> 
========================================================================
Received Import Request.
  Time since last request: 739848.129213 seconds.
  path: Assets/Prefabs/Pedras/rock3.prefab
  artifactKey: Guid(55ba0952a1d58bc4c9edc981395cc29a) Importer(815301076,1909f56bfc062723c751e8b465ee728b)
Start importing Assets/Prefabs/Pedras/rock3.prefab using Guid(55ba0952a1d58bc4c9edc981395cc29a) Importer(815301076,1909f56bfc062723c751e8b465ee728b)  -> (artifact id: '6ef470b481b7444a48764b5f8a29401a') in 1.659346 seconds 
========================================================================
Received Import Request.
  Time since last request: 45.300017 seconds.
  path: Assets/Prefabs/Inimigos/Camada 4/AnglerFish
  artifactKey: Guid(c66bd6eaa20957d428c149cbb6c0a1a5) Importer(815301076,1909f56bfc062723c751e8b465ee728b)
Start importing Assets/Prefabs/Inimigos/Camada 4/AnglerFish using Guid(c66bd6eaa20957d428c149cbb6c0a1a5) Importer(815301076,1909f56bfc062723c751e8b465ee728b)  -> (artifact id: 'ef184248783861171350a127734687bc') in 0.013274 seconds 
========================================================================
Received Import Request.
  Time since last request: 0.023176 seconds.
  path: Assets/Prefabs/Inimigos/Camada 4/AnglerFish/angler 1.prefab
  artifactKey: Guid(bcfd84bdf6166ce449681b86e5f64301) Importer(815301076,1909f56bfc062723c751e8b465ee728b)
Start importing Assets/Prefabs/Inimigos/Camada 4/AnglerFish/angler 1.prefab using Guid(bcfd84bdf6166ce449681b86e5f64301) Importer(815301076,1909f56bfc062723c751e8b465ee728b)  -> (artifact id: '0757ef9c9cd56865181598847855bb54') in 0.312362 seconds 
========================================================================
Received Import Request.
  Time since last request: 156.869507 seconds.
  path: Assets/Prefabs/Inimigos/Camada 4/Pelicano
  artifactKey: Guid(92e83f0b058ef8b408841fffbe08f751) Importer(815301076,1909f56bfc062723c751e8b465ee728b)
Start importing Assets/Prefabs/Inimigos/Camada 4/Pelicano using Guid(92e83f0b058ef8b408841fffbe08f751) Importer(815301076,1909f56bfc062723c751e8b465ee728b)  -> (artifact id: '6c04f911f41584313189e67cb15e2142') in 0.012194 seconds 
========================================================================
Received Import Request.
  Time since last request: 0.023365 seconds.
  path: Assets/Prefabs/Inimigos/Camada 4/Pelicano/Pelicano.prefab
  artifactKey: Guid(7a64017e632ef8947bc2fefc528f47ce) Importer(815301076,1909f56bfc062723c751e8b465ee728b)
Start importing Assets/Prefabs/Inimigos/Camada 4/Pelicano/Pelicano.prefab using Guid(7a64017e632ef8947bc2fefc528f47ce) Importer(815301076,1909f56bfc062723c751e8b465ee728b)  -> (artifact id: 'b509814744a80714981af01f8483a267') in 1.129821 seconds 
========================================================================
Received Import Request.
  Time since last request: 111.041417 seconds.
  path: Assets/Prefabs/Utils/Cenario/Coisas Humanas/Anzol.prefab
  artifactKey: Guid(2ade48abead40c546ada392ec05da620) Importer(815301076,1909f56bfc062723c751e8b465ee728b)
Start importing Assets/Prefabs/Utils/Cenario/Coisas Humanas/Anzol.prefab using Guid(2ade48abead40c546ada392ec05da620) Importer(815301076,1909f56bfc062723c751e8b465ee728b)  -> (artifact id: '1e76cc52efd76a947464bd6a86f2fe1f') in 0.709324 seconds 
========================================================================
Received Import Request.
  Time since last request: 0.000066 seconds.
  path: Assets/Prefabs/Utils/Cenario/Coisas Humanas/Cardume.prefab
  artifactKey: Guid(2457c49580e97ad499caf06f6494ba63) Importer(815301076,1909f56bfc062723c751e8b465ee728b)
Start importing Assets/Prefabs/Utils/Cenario/Coisas Humanas/Cardume.prefab using Guid(2457c49580e97ad499caf06f6494ba63) Importer(815301076,1909f56bfc062723c751e8b465ee728b)  -> (artifact id: '798b335204dd001aea1b077837ae81fb') in 0.369401 seconds 
========================================================================
Received Import Request.
  Time since last request: 0.000050 seconds.
  path: Assets/Prefabs/Utils/Cenario/Coisas Humanas/Garrafa.prefab
  artifactKey: Guid(e38b81f2429523a4c8b24274072954e8) Importer(815301076,1909f56bfc062723c751e8b465ee728b)
Start importing Assets/Prefabs/Utils/Cenario/Coisas Humanas/Garrafa.prefab using Guid(e38b81f2429523a4c8b24274072954e8) Importer(815301076,1909f56bfc062723c751e8b465ee728b)  -> (artifact id: '6f2a0070a0a62f1a80c9d6b3d7cc90ea') in 0.310552 seconds 
========================================================================
Received Import Request.
  Time since last request: 0.000050 seconds.
  path: Assets/Prefabs/Utils/Cenario/Coisas Humanas/Engradado.prefab
  artifactKey: Guid(3f7db351391137440aedca674b7106bf) Importer(815301076,1909f56bfc062723c751e8b465ee728b)
Start importing Assets/Prefabs/Utils/Cenario/Coisas Humanas/Engradado.prefab using Guid(3f7db351391137440aedca674b7106bf) Importer(815301076,1909f56bfc062723c751e8b465ee728b)  -> (artifact id: '1533c1e337e45051191ea2853ae98738') in 0.464420 seconds 
========================================================================
Received Import Request.
  Time since last request: 0.000034 seconds.
  path: Assets/Prefabs/Utils/Cenario/Coisas Humanas/Lata.prefab
  artifactKey: Guid(6cdb705aafc5f76479fff63b55ec5247) Importer(815301076,1909f56bfc062723c751e8b465ee728b)
Start importing Assets/Prefabs/Utils/Cenario/Coisas Humanas/Lata.prefab using Guid(6cdb705aafc5f76479fff63b55ec5247) Importer(815301076,1909f56bfc062723c751e8b465ee728b)  -> (artifact id: 'e742310cc7121990d182c68b2e108374') in 0.346431 seconds 
========================================================================
Received Import Request.
  Time since last request: 15.383865 seconds.
  path: Assets/Prefabs/Utils/Cenario/Coisas Humanas/Garrafa.png
  artifactKey: Guid(6784c180a509de44d901b657366f9185) Importer(815301076,1909f56bfc062723c751e8b465ee728b)
Start importing Assets/Prefabs/Utils/Cenario/Coisas Humanas/Garrafa.png using Guid(6784c180a509de44d901b657366f9185) Importer(815301076,1909f56bfc062723c751e8b465ee728b)  -> (artifact id: '61d99608851a40e387665dbfe7713d35') in 0.164747 seconds 
========================================================================
Received Import Request.
  Time since last request: 23.683279 seconds.
  path: Assets/Scenes/Cenas jogo/Fases/Camada 4/Fase 4_7.unity
  artifactKey: Guid(ce15c38a3c3133347a3ef07b1bba33e5) Importer(815301076,1909f56bfc062723c751e8b465ee728b)
Start importing Assets/Scenes/Cenas jogo/Fases/Camada 4/Fase 4_7.unity using Guid(ce15c38a3c3133347a3ef07b1bba33e5) Importer(815301076,1909f56bfc062723c751e8b465ee728b)  -> (artifact id: '2530b5f78a436a8ea6dd70f859b044fc') in 0.019433 seconds 
========================================================================
Received Import Request.
  Time since last request: 679.319790 seconds.
  path: Assets/Scenes/Cenas jogo/Fases/Camada 4/Fase 4_8.unity
  artifactKey: Guid(a7ba3eea1e1e01e49a8a4eb997cd1315) Importer(815301076,1909f56bfc062723c751e8b465ee728b)
Start importing Assets/Scenes/Cenas jogo/Fases/Camada 4/Fase 4_8.unity using Guid(a7ba3eea1e1e01e49a8a4eb997cd1315) Importer(815301076,1909f56bfc062723c751e8b465ee728b)  -> (artifact id: 'b351aa3f50803b972c929f095b1451c3') in 0.042620 seconds 
========================================================================
Received Import Request.
  Time since last request: 106.770654 seconds.
  path: Assets/Scenes/Cenas jogo/Fases/Camada 5
  artifactKey: Guid(4e526ee2a958ac54bb077cc014bc4d95) Importer(815301076,1909f56bfc062723c751e8b465ee728b)
Start importing Assets/Scenes/Cenas jogo/Fases/Camada 5 using Guid(4e526ee2a958ac54bb077cc014bc4d95) Importer(815301076,1909f56bfc062723c751e8b465ee728b)  -> (artifact id: '5bfcd3afc78bea66e135403ec479286e') in 0.014216 seconds 
========================================================================
Received Import Request.
  Time since last request: 2.082491 seconds.
  path: Assets/Scenes/Cenas jogo/Fases/Camada 4/Fase 4_7.unity
  artifactKey: Guid(ce15c38a3c3133347a3ef07b1bba33e5) Importer(815301076,1909f56bfc062723c751e8b465ee728b)
Start importing Assets/Scenes/Cenas jogo/Fases/Camada 4/Fase 4_7.unity using Guid(ce15c38a3c3133347a3ef07b1bba33e5) Importer(815301076,1909f56bfc062723c751e8b465ee728b)  -> (artifact id: 'c86952b6fbaccb8511c059e1799fc8d5') in 0.004905 seconds 
========================================================================
Received Import Request.
  Time since last request: 18.081318 seconds.
  path: Assets/Scenes/Cenas jogo/Fases/Camada 4/Fase 4_8.unity
  artifactKey: Guid(a7ba3eea1e1e01e49a8a4eb997cd1315) Importer(815301076,1909f56bfc062723c751e8b465ee728b)
Start importing Assets/Scenes/Cenas jogo/Fases/Camada 4/Fase 4_8.unity using Guid(a7ba3eea1e1e01e49a8a4eb997cd1315) Importer(815301076,1909f56bfc062723c751e8b465ee728b)  -> (artifact id: '6a2da7ce010f4d19bfcd9b28e8381090') in 0.004078 seconds 
========================================================================
Received Import Request.
  Time since last request: 216.393051 seconds.
  path: Assets/Scripts/Inimigos
  artifactKey: Guid(2d2e172ad538e5241a9b4cb19e009380) Importer(815301076,1909f56bfc062723c751e8b465ee728b)
Start importing Assets/Scripts/Inimigos using Guid(2d2e172ad538e5241a9b4cb19e009380) Importer(815301076,1909f56bfc062723c751e8b465ee728b)  -> (artifact id: '62308d1af80f3af23ca007c030345985') in 0.033809 seconds 
========================================================================
Received Import Request.
  Time since last request: 2.295856 seconds.
  path: Assets/Scripts/Inimigos/movimento
  artifactKey: Guid(a32522f138faae34bb0825cc751a1821) Importer(815301076,1909f56bfc062723c751e8b465ee728b)
Start importing Assets/Scripts/Inimigos/movimento using Guid(a32522f138faae34bb0825cc751a1821) Importer(815301076,1909f56bfc062723c751e8b465ee728b)  -> (artifact id: '216d25b2d327b0f2fba5b789b2e670b4') in 0.010553 seconds 
========================================================================
Received Import Request.
  Time since last request: 1.540176 seconds.
  path: Assets/Scripts/Inimigos/movimento/geral
  artifactKey: Guid(f899cacdf66c0974687cb8044bf4e351) Importer(815301076,1909f56bfc062723c751e8b465ee728b)
Start importing Assets/Scripts/Inimigos/movimento/geral using Guid(f899cacdf66c0974687cb8044bf4e351) Importer(815301076,1909f56bfc062723c751e8b465ee728b)  -> (artifact id: 'd15d34ba0cb7791a449f62427960319a') in 0.016084 seconds 
========================================================================
Received Import Request.
  Time since last request: 10.204398 seconds.
  path: Assets/Scripts/Inimigos/movimento/geral/WaitForPlayer.cs
  artifactKey: Guid(7e9f1cf899cb0aa4fb067656fac462ff) Importer(815301076,1909f56bfc062723c751e8b465ee728b)
Start importing Assets/Scripts/Inimigos/movimento/geral/WaitForPlayer.cs using Guid(7e9f1cf899cb0aa4fb067656fac462ff) Importer(815301076,1909f56bfc062723c751e8b465ee728b)  -> (artifact id: '581c14e0ad13272ea7c9e2ca074c2852') in 0.374255 seconds 
========================================================================
Received Prepare
Registering precompiled user dll's ...
Registered in 0.022470 seconds.
Begin MonoManager ReloadAssembly
Native extension for WindowsStandalone target not found
Refreshing native plugins compatible for Editor in 1.41 ms, found 3 plugins.
Preloading 0 native plugins for Editor in 0.00 ms.
Mono: successfully reloaded assembly
- Completed reload, in  2.487 seconds
Domain Reload Profiling:
	ReloadAssembly (2488ms)
		BeginReloadAssembly (196ms)
			ExecutionOrderSort (0ms)
			DisableScriptedObjects (13ms)
			BackupInstance (0ms)
			ReleaseScriptingObjects (0ms)
			CreateAndSetChildDomain (70ms)
		EndReloadAssembly (2160ms)
			LoadAssemblies (108ms)
			RebuildTransferFunctionScriptingTraits (0ms)
			SetupTypeCache (341ms)
			ReleaseScriptCaches (3ms)
			RebuildScriptCaches (89ms)
			SetupLoadedEditorAssemblies (1091ms)
				LogAssemblyErrors (0ms)
				InitializePlatformSupportModulesInManaged (18ms)
				SetLoadedEditorAssemblies (1ms)
				RefreshPlugins (2ms)
				BeforeProcessingInitializeOnLoad (105ms)
				ProcessInitializeOnLoadAttributes (843ms)
				ProcessInitializeOnLoadMethodAttributes (113ms)
				AfterProcessingInitializeOnLoad (8ms)
				EditorAssembliesLoaded (1ms)
			ExecutionOrderSort2 (0ms)
			AwakeInstancesAfterBackupRestoration (25ms)
Platform modules already initialized, skipping
Refreshing native plugins compatible for Editor in 1.27 ms, found 3 plugins.
Preloading 0 native plugins for Editor in 0.00 ms.
Unloading 4037 Unused Serialized files (Serialized files now loaded: 0)
Unloading 50 unused Assets / (1.6 MB). Loaded Objects now: 4737.
Memory consumption went from 190.2 MB to 188.6 MB.
Total: 8.098800 ms (FindLiveObjects: 0.459900 ms CreateObjectMapping: 0.241500 ms MarkObjects: 7.076200 ms  DeleteObjects: 0.319200 ms)

AssetImportParameters requested are different than current active one (requested -> active):
  custom:video-decoder-ogg-theora: a1e56fd34408186e4bbccfd4996cb3dc -> 
  custom:container-muxer-webm: aa71ff27fc2769a1b78a27578f13a17b -> 
  custom:container-demuxer-webm: 4f35f7cbe854078d1ac9338744f61a02 -> 
  custom:video-encoder-webm-vp8: eb34c28f22e8b96e1ab97ce403110664 -> 
  custom:audio-encoder-webm-vorbis: bf7c407c2cedff20999df2af8eb42d56 -> 
  custom:framework-win-MediaFoundation: 216162199b28c13a410421893ffa2e32 -> 
  custom:container-demuxer-ogg: 62fdf1f143b41e24485cea50d1cbac27 -> 
  custom:video-decoder-webm-vp8: 9c59270c3fd7afecdb556c50c9e8de78 -> 
  custom:audio-decoder-ogg-vorbis: bf7c407c2cedff20999df2af8eb42d56 -> 
========================================================================
Received Import Request.
  Time since last request: 209.206133 seconds.
  path: Assets/Scenes/Cenas jogo/Fases/Camada 4/Fase 4_9.unity
  artifactKey: Guid(01b66002f38bce248a01de5ba9ce531b) Importer(815301076,1909f56bfc062723c751e8b465ee728b)
Start importing Assets/Scenes/Cenas jogo/Fases/Camada 4/Fase 4_9.unity using Guid(01b66002f38bce248a01de5ba9ce531b) Importer(815301076,1909f56bfc062723c751e8b465ee728b)  -> (artifact id: '8ba6a3e306b4eb48621c6e001ba4b614') in 0.046925 seconds 
========================================================================
Received Import Request.
  Time since last request: 97.594020 seconds.
  path: Assets/Scenes/Cenas jogo/Fases/Camada 4/Fase 4_9.unity
  artifactKey: Guid(01b66002f38bce248a01de5ba9ce531b) Importer(815301076,1909f56bfc062723c751e8b465ee728b)
Start importing Assets/Scenes/Cenas jogo/Fases/Camada 4/Fase 4_9.unity using Guid(01b66002f38bce248a01de5ba9ce531b) Importer(815301076,1909f56bfc062723c751e8b465ee728b)  -> (artifact id: 'd48d6da120359bbb533ade56361b01b5') in 0.004076 seconds 
========================================================================
Received Import Request.
  Time since last request: 325.114815 seconds.
  path: Assets/Prefabs/Utils
  artifactKey: Guid(67a3b40c3402fea4096d92b8091a56e8) Importer(815301076,1909f56bfc062723c751e8b465ee728b)
Start importing Assets/Prefabs/Utils using Guid(67a3b40c3402fea4096d92b8091a56e8) Importer(815301076,1909f56bfc062723c751e8b465ee728b)  -> (artifact id: 'd5638f84b08f25a0d64c106b0c94e4c6') in 0.018615 seconds 
========================================================================
Received Import Request.
  Time since last request: 4.608889 seconds.
  path: Assets/Prefabs/Utils/Cenario/Sistema de particulas
  artifactKey: Guid(ea41aa6515cb6e6498a8462273f2415d) Importer(815301076,1909f56bfc062723c751e8b465ee728b)
Start importing Assets/Prefabs/Utils/Cenario/Sistema de particulas using Guid(ea41aa6515cb6e6498a8462273f2415d) Importer(815301076,1909f56bfc062723c751e8b465ee728b)  -> (artifact id: '8ddd0a6edbef86d38a521065ca474826') in 0.014096 seconds 
========================================================================
Received Import Request.
  Time since last request: 1.441130 seconds.
  path: Assets/Prefabs/Utils/Cenario/Sistema de particulas/Geiser
  artifactKey: Guid(9360f60a839562248957ef1932eeca4d) Importer(815301076,1909f56bfc062723c751e8b465ee728b)
Start importing Assets/Prefabs/Utils/Cenario/Sistema de particulas/Geiser using Guid(9360f60a839562248957ef1932eeca4d) Importer(815301076,1909f56bfc062723c751e8b465ee728b)  -> (artifact id: '45c4d61dedef264cf48e222a575bc14c') in 0.016564 seconds 
========================================================================
Received Import Request.
  Time since last request: 0.000044 seconds.
  path: Assets/Prefabs/Utils/Cenario/Sistema de particulas/Geiser/Geiser.prefab
  artifactKey: Guid(0ef91a0737eeb374e939017b3ecc905c) Importer(815301076,1909f56bfc062723c751e8b465ee728b)
Start importing Assets/Prefabs/Utils/Cenario/Sistema de particulas/Geiser/Geiser.prefab using Guid(0ef91a0737eeb374e939017b3ecc905c) Importer(815301076,1909f56bfc062723c751e8b465ee728b)  -> (artifact id: '858c46787b39a98acd615fa609458c54') in 0.459850 seconds 
========================================================================
Received Import Request.
  Time since last request: 3.843816 seconds.
  path: Assets/Prefabs/Utils/Cenario/Sistema de particulas/Geiser/Materials/New Material.mat
  artifactKey: Guid(65d9f9ac84f96c049a354ca37af3c427) Importer(815301076,1909f56bfc062723c751e8b465ee728b)
Start importing Assets/Prefabs/Utils/Cenario/Sistema de particulas/Geiser/Materials/New Material.mat using Guid(65d9f9ac84f96c049a354ca37af3c427) Importer(815301076,1909f56bfc062723c751e8b465ee728b)  -> (artifact id: 'a742ad8d06c452e4cf10d67ad90d3064') in 1.187802 seconds 
========================================================================
Received Import Request.
  Time since last request: 104.246621 seconds.
  path: Assets/Scenes/Cenas jogo/Fases/Camada 4/Fase 4_1.unity
  artifactKey: Guid(785e691784a92c1498460047e8f63b1b) Importer(815301076,1909f56bfc062723c751e8b465ee728b)
Start importing Assets/Scenes/Cenas jogo/Fases/Camada 4/Fase 4_1.unity using Guid(785e691784a92c1498460047e8f63b1b) Importer(815301076,1909f56bfc062723c751e8b465ee728b)  -> (artifact id: 'b76e3c7f77d11d175bd526f795701e82') in 0.018555 seconds 
========================================================================
Received Import Request.
  Time since last request: 167.782991 seconds.
  path: Assets/Scenes/Cenas jogo/Fases/Camada 4/Fase 4_2.unity
  artifactKey: Guid(0c04ba6876f409041ac2805e48d9d330) Importer(815301076,1909f56bfc062723c751e8b465ee728b)
Start importing Assets/Scenes/Cenas jogo/Fases/Camada 4/Fase 4_2.unity using Guid(0c04ba6876f409041ac2805e48d9d330) Importer(815301076,1909f56bfc062723c751e8b465ee728b)  -> (artifact id: '462303c4e5a7aaaffd6246bdb202b951') in 0.080395 seconds 
========================================================================
Received Import Request.
  Time since last request: 97.264709 seconds.
  path: Assets/Scenes/Cenas jogo/Fases/Camada 4/Fase 4_4.unity
  artifactKey: Guid(776f8fd7644ba0c4b8e4b8b9c1492f3c) Importer(815301076,1909f56bfc062723c751e8b465ee728b)
Start importing Assets/Scenes/Cenas jogo/Fases/Camada 4/Fase 4_4.unity using Guid(776f8fd7644ba0c4b8e4b8b9c1492f3c) Importer(815301076,1909f56bfc062723c751e8b465ee728b)  -> (artifact id: '07c9dc6f7b1c5fdffa321f1369990fdc') in 0.013577 seconds 
========================================================================
Received Import Request.
  Time since last request: 143.407109 seconds.
  path: Assets/Scenes/Cenas jogo/Fases/Camada 4/Fase 4_6.unity
  artifactKey: Guid(72660f3bb6d430944b32439d527455db) Importer(815301076,1909f56bfc062723c751e8b465ee728b)
Start importing Assets/Scenes/Cenas jogo/Fases/Camada 4/Fase 4_6.unity using Guid(72660f3bb6d430944b32439d527455db) Importer(815301076,1909f56bfc062723c751e8b465ee728b)  -> (artifact id: '71deece5faab69694d36cc1228f7bb5b') in 0.017579 seconds 
========================================================================
Received Import Request.
  Time since last request: 111.656769 seconds.
  path: Assets/Scenes/Cenas jogo/Fases/Camada 4/Fase 4_8.unity
  artifactKey: Guid(a7ba3eea1e1e01e49a8a4eb997cd1315) Importer(815301076,1909f56bfc062723c751e8b465ee728b)
Start importing Assets/Scenes/Cenas jogo/Fases/Camada 4/Fase 4_8.unity using Guid(a7ba3eea1e1e01e49a8a4eb997cd1315) Importer(815301076,1909f56bfc062723c751e8b465ee728b)  -> (artifact id: '3c8ee2814674ef31972afa879090b778') in 0.012258 seconds 
========================================================================
Received Import Request.
  Time since last request: 27.187425 seconds.
  path: Assets/Scenes/Cenas jogo/Fases/Camada 4/Fase 4_9.unity
  artifactKey: Guid(01b66002f38bce248a01de5ba9ce531b) Importer(815301076,1909f56bfc062723c751e8b465ee728b)
Start importing Assets/Scenes/Cenas jogo/Fases/Camada 4/Fase 4_9.unity using Guid(01b66002f38bce248a01de5ba9ce531b) Importer(815301076,1909f56bfc062723c751e8b465ee728b)  -> (artifact id: '830d6bbc70016f39e7c3b303308223a6') in 0.848515 seconds 
========================================================================
Received Import Request.
  Time since last request: 89.552318 seconds.
  path: Assets/Scenes/Cenas jogo/Fases/Camada 3
  artifactKey: Guid(6da5590ca66ceb94ba6176d1d5a52230) Importer(815301076,1909f56bfc062723c751e8b465ee728b)
Start importing Assets/Scenes/Cenas jogo/Fases/Camada 3 using Guid(6da5590ca66ceb94ba6176d1d5a52230) Importer(815301076,1909f56bfc062723c751e8b465ee728b)  -> (artifact id: '21b82bd9e45bc45c21637e00d8a8f5ef') in 0.035053 seconds 
========================================================================
Received Import Request.
  Time since last request: 10.422363 seconds.
  path: Assets/Prefabs/Inimigos/Camada 3/Vampiro
  artifactKey: Guid(ebb9ba16c8d6f9b4485bb7cd045d5e6e) Importer(815301076,1909f56bfc062723c751e8b465ee728b)
Start importing Assets/Prefabs/Inimigos/Camada 3/Vampiro using Guid(ebb9ba16c8d6f9b4485bb7cd045d5e6e) Importer(815301076,1909f56bfc062723c751e8b465ee728b)  -> (artifact id: '2db4ffcf82f04e69657002ff235c2032') in 0.034191 seconds 
========================================================================
Received Import Request.
  Time since last request: 1.421706 seconds.
  path: Assets/Prefabs/Inimigos/Camada 3/PeixeDragão
  artifactKey: Guid(e1e9657c4b9f3f940adcd2438b6d51f1) Importer(815301076,1909f56bfc062723c751e8b465ee728b)
Start importing Assets/Prefabs/Inimigos/Camada 3/PeixeDragão using Guid(e1e9657c4b9f3f940adcd2438b6d51f1) Importer(815301076,1909f56bfc062723c751e8b465ee728b)  -> (artifact id: 'f47052d37c85906552c4ea38a6ed3315') in 0.016373 seconds 
========================================================================
Received Import Request.
  Time since last request: 0.069998 seconds.
  path: Assets/Prefabs/Inimigos/Camada 3/PeixeDragão/fogo.prefab
  artifactKey: Guid(07f24625b516f204082d2f362e4326dd) Importer(815301076,1909f56bfc062723c751e8b465ee728b)
Start importing Assets/Prefabs/Inimigos/Camada 3/PeixeDragão/fogo.prefab using Guid(07f24625b516f204082d2f362e4326dd) Importer(815301076,1909f56bfc062723c751e8b465ee728b)  -> (artifact id: '7a5cc878826f3cb6125072be52dd4828') in 0.358170 seconds 
========================================================================
Received Import Request.
  Time since last request: 0.000035 seconds.
  path: Assets/Prefabs/Inimigos/Camada 3/PeixeDragão/peixe dragao.prefab
  artifactKey: Guid(d6dd34abca7d3e542b24688b3bb885bc) Importer(815301076,1909f56bfc062723c751e8b465ee728b)
Start importing Assets/Prefabs/Inimigos/Camada 3/PeixeDragão/peixe dragao.prefab using Guid(d6dd34abca7d3e542b24688b3bb885bc) Importer(815301076,1909f56bfc062723c751e8b465ee728b)  -> (artifact id: '714f26f19b467cc8bf35b19d3ef2a402') in 0.298360 seconds 
========================================================================
Received Import Request.
  Time since last request: 36.232931 seconds.
  path: Assets/Prefabs/Inimigos/Camada 3/Vampiro/Garrinha.prefab
  artifactKey: Guid(4cbe49a5f44781d42907daa05505b8c7) Importer(815301076,1909f56bfc062723c751e8b465ee728b)
Start importing Assets/Prefabs/Inimigos/Camada 3/Vampiro/Garrinha.prefab using Guid(4cbe49a5f44781d42907daa05505b8c7) Importer(815301076,1909f56bfc062723c751e8b465ee728b)  -> (artifact id: 'e88a6966c72dd73f27fb786b403f1948') in 0.135577 seconds 
========================================================================
Received Import Request.
  Time since last request: 0.000036 seconds.
  path: Assets/Prefabs/Inimigos/Camada 3/Vampiro/vampirio.prefab
  artifactKey: Guid(c58c72b08e2b7e24cb725da0f54833a5) Importer(815301076,1909f56bfc062723c751e8b465ee728b)
Start importing Assets/Prefabs/Inimigos/Camada 3/Vampiro/vampirio.prefab using Guid(c58c72b08e2b7e24cb725da0f54833a5) Importer(815301076,1909f56bfc062723c751e8b465ee728b)  -> (artifact id: '970406a80da97539ad5719eac81a7caf') in 0.231110 seconds 
========================================================================
Received Import Request.
  Time since last request: 33.030381 seconds.
  path: Assets/Prefabs/Inimigos/Camada 3/Estrelas/amarela.prefab
  artifactKey: Guid(40d7f8c7821e8514b9b6c0e285bb0aac) Importer(815301076,1909f56bfc062723c751e8b465ee728b)
Start importing Assets/Prefabs/Inimigos/Camada 3/Estrelas/amarela.prefab using Guid(40d7f8c7821e8514b9b6c0e285bb0aac) Importer(815301076,1909f56bfc062723c751e8b465ee728b)  -> (artifact id: 'c12ee14d16b489a006f2fd67e024de64') in 0.500118 seconds 
========================================================================
Received Import Request.
  Time since last request: 0.000030 seconds.
  path: Assets/Prefabs/Inimigos/Camada 3/Estrelas/rosa.prefab
  artifactKey: Guid(486d279a310d46c4ba4a3d5689f1215c) Importer(815301076,1909f56bfc062723c751e8b465ee728b)
Start importing Assets/Prefabs/Inimigos/Camada 3/Estrelas/rosa.prefab using Guid(486d279a310d46c4ba4a3d5689f1215c) Importer(815301076,1909f56bfc062723c751e8b465ee728b)  -> (artifact id: 'a2c674f835d2ba39765406fee74ea3b2') in 0.228271 seconds 
========================================================================
Received Import Request.
  Time since last request: 0.000075 seconds.
  path: Assets/Prefabs/Inimigos/Camada 3/Estrelas/verde.prefab
  artifactKey: Guid(3ce231e4dd5932940a4e3d743b418d97) Importer(815301076,1909f56bfc062723c751e8b465ee728b)
Start importing Assets/Prefabs/Inimigos/Camada 3/Estrelas/verde.prefab using Guid(3ce231e4dd5932940a4e3d743b418d97) Importer(815301076,1909f56bfc062723c751e8b465ee728b)  -> (artifact id: '636e9149ed257b088c72dd950c79aac8') in 0.110453 seconds 
========================================================================
Received Import Request.
  Time since last request: 51.849615 seconds.
  path: Assets/Scenes/Cenas jogo/Fases/Camada 3/Fase 3_2.unity
  artifactKey: Guid(0bed364c2aae8084d984ce1270a0f3d5) Importer(815301076,1909f56bfc062723c751e8b465ee728b)
Start importing Assets/Scenes/Cenas jogo/Fases/Camada 3/Fase 3_2.unity using Guid(0bed364c2aae8084d984ce1270a0f3d5) Importer(815301076,1909f56bfc062723c751e8b465ee728b)  -> (artifact id: 'b4bd9f2c655e2038e6ebb1734e83de67') in 0.017289 seconds 
========================================================================
Received Import Request.
  Time since last request: 16.416407 seconds.
  path: Assets/Scenes/Cenas jogo/Fases/Camada 3/Fase 3_3.unity
  artifactKey: Guid(0686ad84e49b7424091fe68e0a13b545) Importer(815301076,1909f56bfc062723c751e8b465ee728b)
Start importing Assets/Scenes/Cenas jogo/Fases/Camada 3/Fase 3_3.unity using Guid(0686ad84e49b7424091fe68e0a13b545) Importer(815301076,1909f56bfc062723c751e8b465ee728b)  -> (artifact id: '254cba7d474d3871cc145fb61271f173') in 0.014778 seconds 
========================================================================
Received Import Request.
  Time since last request: 66.856498 seconds.
  path: Assets/Scripts/Geral
  artifactKey: Guid(8cab0d94f2dc0dc4d9cfc63ff19b3070) Importer(815301076,1909f56bfc062723c751e8b465ee728b)
Start importing Assets/Scripts/Geral using Guid(8cab0d94f2dc0dc4d9cfc63ff19b3070) Importer(815301076,1909f56bfc062723c751e8b465ee728b)  -> (artifact id: '64735fc551eee6b427cd92fb50416618') in 0.015415 seconds 
========================================================================
Received Import Request.
  Time since last request: 8.587270 seconds.
  path: Assets/Scripts/Inimigos/Ataques
  artifactKey: Guid(495cd820cb3c071499cd083bc9808521) Importer(815301076,1909f56bfc062723c751e8b465ee728b)
Start importing Assets/Scripts/Inimigos/Ataques using Guid(495cd820cb3c071499cd083bc9808521) Importer(815301076,1909f56bfc062723c751e8b465ee728b)  -> (artifact id: '9fad7de18f1cd74366fe356a73e2bb70') in 0.018339 seconds 
========================================================================
Received Import Request.
  Time since last request: 4.732984 seconds.
  path: Assets/Scripts/Inimigos/Ataques/peixe dragão
  artifactKey: Guid(ae1726d75f20fd54b84098b1df238403) Importer(815301076,1909f56bfc062723c751e8b465ee728b)
Start importing Assets/Scripts/Inimigos/Ataques/peixe dragão using Guid(ae1726d75f20fd54b84098b1df238403) Importer(815301076,1909f56bfc062723c751e8b465ee728b)  -> (artifact id: '6d1b247deaf9e2679cbd9695a24041cd') in 0.012669 seconds 
========================================================================
Received Import Request.
  Time since last request: 1.423541 seconds.
  path: Assets/Scripts/Inimigos/Ataques/peixe dragão/dragonFire.cs
  artifactKey: Guid(95b649c8f17cfcb45ad825ffeb2ca69a) Importer(815301076,1909f56bfc062723c751e8b465ee728b)
Start importing Assets/Scripts/Inimigos/Ataques/peixe dragão/dragonFire.cs using Guid(95b649c8f17cfcb45ad825ffeb2ca69a) Importer(815301076,1909f56bfc062723c751e8b465ee728b)  -> (artifact id: 'd2335150d1ad071cc0b17d71ddf7f807') in 0.032098 seconds 
========================================================================
Received Import Request.
  Time since last request: 36.808065 seconds.
  path: Assets/Prefabs/Geral/PlayerController.prefab
  artifactKey: Guid(94bd39b2fd03ba04ba98d483bc9c84c4) Importer(815301076,1909f56bfc062723c751e8b465ee728b)
Start importing Assets/Prefabs/Geral/PlayerController.prefab using Guid(94bd39b2fd03ba04ba98d483bc9c84c4) Importer(815301076,1909f56bfc062723c751e8b465ee728b)  -> (artifact id: 'f58a7215a9fa570c69a910e6fba4a7bd') in 0.179707 seconds 
========================================================================
Received Import Request.
  Time since last request: 1.343053 seconds.
  path: Assets/Scripts/Controle Jogador/PlayerController.cs
  artifactKey: Guid(5c3ecfd9cd1644840bf42e50faa38fb1) Importer(815301076,1909f56bfc062723c751e8b465ee728b)
Start importing Assets/Scripts/Controle Jogador/PlayerController.cs using Guid(5c3ecfd9cd1644840bf42e50faa38fb1) Importer(815301076,1909f56bfc062723c751e8b465ee728b)  -> (artifact id: '1d8d6c8e7d086d5b5c0b18b81463f697') in 0.004868 seconds 
========================================================================
Received Import Request.
  Time since last request: 23.191435 seconds.
  path: Assets/Sounds/Inimigos/dragao.wav
  artifactKey: Guid(245adbfdca6fc8049981c2a180a9559d) Importer(815301076,1909f56bfc062723c751e8b465ee728b)
Start importing Assets/Sounds/Inimigos/dragao.wav using Guid(245adbfdca6fc8049981c2a180a9559d) Importer(815301076,1909f56bfc062723c751e8b465ee728b)  -> (artifact id: '0831bd749c6e6fe4431c9c7145308547') in 0.396251 seconds 
========================================================================
Received Import Request.
  Time since last request: 0.000041 seconds.
  path: Assets/Sprites/Cenarios/Obstaculos/Pedras/PEDRAS.png
  artifactKey: Guid(1edbe27c66a6d6543ac2c81baeb9c59a) Importer(815301076,1909f56bfc062723c751e8b465ee728b)
Start importing Assets/Sprites/Cenarios/Obstaculos/Pedras/PEDRAS.png using Guid(1edbe27c66a6d6543ac2c81baeb9c59a) Importer(815301076,1909f56bfc062723c751e8b465ee728b)  -> (artifact id: 'a3d79c93c03a8ff85d154233aa13c4ba') in 0.329793 seconds 
========================================================================
Received Import Request.
  Time since last request: 0.000046 seconds.
  path: Assets/Sprites/Cenarios/Obstaculos/Pedras/PEDRAS (3) 1.png
  artifactKey: Guid(4cf0d6946165aca42bf9d3f7f264440b) Importer(815301076,1909f56bfc062723c751e8b465ee728b)
Start importing Assets/Sprites/Cenarios/Obstaculos/Pedras/PEDRAS (3) 1.png using Guid(4cf0d6946165aca42bf9d3f7f264440b) Importer(815301076,1909f56bfc062723c751e8b465ee728b)  -> (artifact id: '35f46adbca3a79c54ddbd994a601045e') in 0.350836 seconds 
========================================================================
Received Import Request.
  Time since last request: 0.000050 seconds.
  path: Assets/Sprites/Cenarios/Obstaculos/Pedras/PEDRAS_1.png
  artifactKey: Guid(20ef6c324d6a73a4ba8c68df62106ba2) Importer(815301076,1909f56bfc062723c751e8b465ee728b)
Start importing Assets/Sprites/Cenarios/Obstaculos/Pedras/PEDRAS_1.png using Guid(20ef6c324d6a73a4ba8c68df62106ba2) Importer(815301076,1909f56bfc062723c751e8b465ee728b)  -> (artifact id: '4fbc3dd6f5517ef025083ac2b17733b3') in 0.338146 seconds 
========================================================================
Received Import Request.
  Time since last request: 0.000094 seconds.
  path: Assets/Sprites/Cenarios/Obstaculos/Pedras/Pedras Fundo.png
  artifactKey: Guid(d25c93c2e3ae26f40b5b36d1849afff3) Importer(815301076,1909f56bfc062723c751e8b465ee728b)
Start importing Assets/Sprites/Cenarios/Obstaculos/Pedras/Pedras Fundo.png using Guid(d25c93c2e3ae26f40b5b36d1849afff3) Importer(815301076,1909f56bfc062723c751e8b465ee728b)  -> (artifact id: '4b514f33c830ce4c3cf30c1358a42321') in 0.387836 seconds 
========================================================================
Received Import Request.
  Time since last request: 0.000044 seconds.
  path: Assets/Sprites/Cenarios/Obstaculos/Pedras/PEDREGULHO 2.png
  artifactKey: Guid(a9480ea633b23434a874aa1658994e55) Importer(815301076,1909f56bfc062723c751e8b465ee728b)
Start importing Assets/Sprites/Cenarios/Obstaculos/Pedras/PEDREGULHO 2.png using Guid(a9480ea633b23434a874aa1658994e55) Importer(815301076,1909f56bfc062723c751e8b465ee728b)  -> (artifact id: '47f8e4b69ef1b0c1d021764428b36dfb') in 0.435432 seconds 
========================================================================
Received Import Request.
  Time since last request: 0.000049 seconds.
  path: Assets/Sprites/Cenarios/Obstaculos/Pedras/PEDREGULHO 4.png
  artifactKey: Guid(5b2d996afd0954049b674e46e197e609) Importer(815301076,1909f56bfc062723c751e8b465ee728b)
Start importing Assets/Sprites/Cenarios/Obstaculos/Pedras/PEDREGULHO 4.png using Guid(5b2d996afd0954049b674e46e197e609) Importer(815301076,1909f56bfc062723c751e8b465ee728b)  -> (artifact id: 'cdf12e72c1f91b46558f80e3a02900e7') in 0.497190 seconds 
========================================================================
Received Import Request.
  Time since last request: 0.000046 seconds.
  path: Assets/Sprites/Cenarios/Obstaculos/Pedras/PEDREGULHO 1.png
  artifactKey: Guid(34510e186d9117d45a1e49fc0e3076cf) Importer(815301076,1909f56bfc062723c751e8b465ee728b)
Start importing Assets/Sprites/Cenarios/Obstaculos/Pedras/PEDREGULHO 1.png using Guid(34510e186d9117d45a1e49fc0e3076cf) Importer(815301076,1909f56bfc062723c751e8b465ee728b)  -> (artifact id: '9ec439e5fbc46da3d4e709fc83e709db') in 0.500302 seconds 
========================================================================
Received Import Request.
  Time since last request: 0.000041 seconds.
  path: Assets/Sprites/Inimigos/PSB/Inimigos/dragao/peixe dragao.psb
  artifactKey: Guid(6195980b6d124404ca9b5183dc7abd8c) Importer(815301076,1909f56bfc062723c751e8b465ee728b)
Start importing Assets/Sprites/Inimigos/PSB/Inimigos/dragao/peixe dragao.psb using Guid(6195980b6d124404ca9b5183dc7abd8c) Importer(815301076,1909f56bfc062723c751e8b465ee728b)  -> (artifact id: '3ad607932d47f53e4632d82f1b94b12b') in 0.279726 seconds 
========================================================================
Received Import Request.
  Time since last request: 0.000036 seconds.
  path: Assets/TextMesh Pro/Resources/Fonts & Materials/LiberationSans SDF - Drop Shadow.mat
  artifactKey: Guid(e73a58f6e2794ae7b1b7e50b7fb811b0) Importer(815301076,1909f56bfc062723c751e8b465ee728b)
Start importing Assets/TextMesh Pro/Resources/Fonts & Materials/LiberationSans SDF - Drop Shadow.mat using Guid(e73a58f6e2794ae7b1b7e50b7fb811b0) Importer(815301076,1909f56bfc062723c751e8b465ee728b)  -> (artifact id: '36b6a29cd6a4cd4cc99f498c951f9904') in 0.487059 seconds 
========================================================================
Received Import Request.
  Time since last request: 0.000043 seconds.
  path: Assets/Sprites/Cenarios/Obstaculos/Pedras/PEDREGULHO 5.png
  artifactKey: Guid(8b9f501091b742641af98658956213a4) Importer(815301076,1909f56bfc062723c751e8b465ee728b)
Start importing Assets/Sprites/Cenarios/Obstaculos/Pedras/PEDREGULHO 5.png using Guid(8b9f501091b742641af98658956213a4) Importer(815301076,1909f56bfc062723c751e8b465ee728b)  -> (artifact id: 'ca1807e7b93f6964fefa902f3b2ce8a8') in 0.427812 seconds 
========================================================================
Received Import Request.
  Time since last request: 0.000037 seconds.
  path: Assets/Sprites/Cenarios/Obstaculos/Pedras/PEDRAS (3).png
  artifactKey: Guid(41c5f3b4bfa8f7a4d9d3ae9aba0fb6a1) Importer(815301076,1909f56bfc062723c751e8b465ee728b)
Start importing Assets/Sprites/Cenarios/Obstaculos/Pedras/PEDRAS (3).png using Guid(41c5f3b4bfa8f7a4d9d3ae9aba0fb6a1) Importer(815301076,1909f56bfc062723c751e8b465ee728b)  -> (artifact id: '28efaac54a85d8a3c22e7fb889e4750c') in 0.345469 seconds 
========================================================================
Received Import Request.
  Time since last request: 97.503461 seconds.
  path: Assets/Scenes/Cenas jogo/Fases/Camada 4/Fase 4_3.unity
  artifactKey: Guid(9b8600388b0a86341b534e7283281d72) Importer(815301076,1909f56bfc062723c751e8b465ee728b)
Start importing Assets/Scenes/Cenas jogo/Fases/Camada 4/Fase 4_3.unity using Guid(9b8600388b0a86341b534e7283281d72) Importer(815301076,1909f56bfc062723c751e8b465ee728b)  -> (artifact id: '8329cb779f509772510fa4dd41fc06f6') in 0.019038 seconds 
========================================================================
Received Import Request.
  Time since last request: 9.591137 seconds.
  path: Assets/Scenes/Cenas jogo/Fases/Camada 4/Fase 4_2.unity
  artifactKey: Guid(0c04ba6876f409041ac2805e48d9d330) Importer(815301076,1909f56bfc062723c751e8b465ee728b)
Start importing Assets/Scenes/Cenas jogo/Fases/Camada 4/Fase 4_2.unity using Guid(0c04ba6876f409041ac2805e48d9d330) Importer(815301076,1909f56bfc062723c751e8b465ee728b)  -> (artifact id: 'c123130bc7e70fed68d22135f76d1e31') in 0.005527 seconds 
========================================================================
Received Import Request.
  Time since last request: 716.284757 seconds.
  path: Assets/Scripts/Inimigos/movimento/geral/WaitForPlayer.cs
  artifactKey: Guid(7e9f1cf899cb0aa4fb067656fac462ff) Importer(815301076,1909f56bfc062723c751e8b465ee728b)
Start importing Assets/Scripts/Inimigos/movimento/geral/WaitForPlayer.cs using Guid(7e9f1cf899cb0aa4fb067656fac462ff) Importer(815301076,1909f56bfc062723c751e8b465ee728b)  -> (artifact id: '59fd90aa1d9d2d8c608ca40932672bdf') in 0.998940 seconds 
========================================================================
Received Prepare
Registering precompiled user dll's ...
Registered in 0.011845 seconds.
Begin MonoManager ReloadAssembly
Native extension for WindowsStandalone target not found
Refreshing native plugins compatible for Editor in 1.29 ms, found 3 plugins.
Preloading 0 native plugins for Editor in 0.00 ms.
Mono: successfully reloaded assembly
- Completed reload, in  5.057 seconds
Domain Reload Profiling:
	ReloadAssembly (5058ms)
		BeginReloadAssembly (205ms)
			ExecutionOrderSort (0ms)
			DisableScriptedObjects (12ms)
			BackupInstance (0ms)
			ReleaseScriptingObjects (0ms)
			CreateAndSetChildDomain (63ms)
		EndReloadAssembly (4719ms)
			LoadAssemblies (133ms)
			RebuildTransferFunctionScriptingTraits (0ms)
			SetupTypeCache (327ms)
			ReleaseScriptCaches (3ms)
			RebuildScriptCaches (83ms)
			SetupLoadedEditorAssemblies (817ms)
				LogAssemblyErrors (0ms)
				InitializePlatformSupportModulesInManaged (16ms)
				SetLoadedEditorAssemblies (1ms)
				RefreshPlugins (1ms)
				BeforeProcessingInitializeOnLoad (113ms)
				ProcessInitializeOnLoadAttributes (558ms)
				ProcessInitializeOnLoadMethodAttributes (120ms)
				AfterProcessingInitializeOnLoad (8ms)
				EditorAssembliesLoaded (0ms)
			ExecutionOrderSort2 (0ms)
			AwakeInstancesAfterBackupRestoration (30ms)
Platform modules already initialized, skipping
Refreshing native plugins compatible for Editor in 1.48 ms, found 3 plugins.
Preloading 0 native plugins for Editor in 0.00 ms.
Unloading 4035 Unused Serialized files (Serialized files now loaded: 0)
Unloading 51 unused Assets / (1.6 MB). Loaded Objects now: 5004.
Memory consumption went from 287.6 MB to 286.0 MB.
Total: 7.374200 ms (FindLiveObjects: 0.638600 ms CreateObjectMapping: 0.584700 ms MarkObjects: 5.803600 ms  DeleteObjects: 0.344600 ms)

AssetImportParameters requested are different than current active one (requested -> active):
  custom:video-decoder-ogg-theora: a1e56fd34408186e4bbccfd4996cb3dc -> 
  custom:container-muxer-webm: aa71ff27fc2769a1b78a27578f13a17b -> 
  custom:container-demuxer-webm: 4f35f7cbe854078d1ac9338744f61a02 -> 
  custom:video-encoder-webm-vp8: eb34c28f22e8b96e1ab97ce403110664 -> 
  custom:audio-encoder-webm-vorbis: bf7c407c2cedff20999df2af8eb42d56 -> 
  custom:framework-win-MediaFoundation: 216162199b28c13a410421893ffa2e32 -> 
  custom:container-demuxer-ogg: 62fdf1f143b41e24485cea50d1cbac27 -> 
  custom:video-decoder-webm-vp8: 9c59270c3fd7afecdb556c50c9e8de78 -> 
  custom:audio-decoder-ogg-vorbis: bf7c407c2cedff20999df2af8eb42d56 -> 
========================================================================
Received Import Request.
  Time since last request: 152.669032 seconds.
  path: Assets/Scripts/Inimigos/movimento/geral/WaitForPlayer.cs
  artifactKey: Guid(7e9f1cf899cb0aa4fb067656fac462ff) Importer(815301076,1909f56bfc062723c751e8b465ee728b)
Start importing Assets/Scripts/Inimigos/movimento/geral/WaitForPlayer.cs using Guid(7e9f1cf899cb0aa4fb067656fac462ff) Importer(815301076,1909f56bfc062723c751e8b465ee728b)  -> (artifact id: '1a93e776b1e391aed9bf4dba2bf5d499') in 0.012361 seconds 
========================================================================
Received Prepare
Registering precompiled user dll's ...
Registered in 0.020126 seconds.
Begin MonoManager ReloadAssembly
Native extension for WindowsStandalone target not found
Refreshing native plugins compatible for Editor in 1.18 ms, found 3 plugins.
Preloading 0 native plugins for Editor in 0.00 ms.
Mono: successfully reloaded assembly
- Completed reload, in  1.887 seconds
Domain Reload Profiling:
	ReloadAssembly (1888ms)
		BeginReloadAssembly (238ms)
			ExecutionOrderSort (0ms)
			DisableScriptedObjects (16ms)
			BackupInstance (0ms)
			ReleaseScriptingObjects (0ms)
			CreateAndSetChildDomain (74ms)
		EndReloadAssembly (1440ms)
			LoadAssemblies (140ms)
			RebuildTransferFunctionScriptingTraits (0ms)
			SetupTypeCache (325ms)
			ReleaseScriptCaches (2ms)
			RebuildScriptCaches (68ms)
			SetupLoadedEditorAssemblies (809ms)
				LogAssemblyErrors (0ms)
				InitializePlatformSupportModulesInManaged (15ms)
				SetLoadedEditorAssemblies (1ms)
				RefreshPlugins (1ms)
				BeforeProcessingInitializeOnLoad (109ms)
				ProcessInitializeOnLoadAttributes (563ms)
				ProcessInitializeOnLoadMethodAttributes (111ms)
				AfterProcessingInitializeOnLoad (8ms)
				EditorAssembliesLoaded (0ms)
			ExecutionOrderSort2 (0ms)
			AwakeInstancesAfterBackupRestoration (27ms)
Platform modules already initialized, skipping
Refreshing native plugins compatible for Editor in 2.35 ms, found 3 plugins.
Preloading 0 native plugins for Editor in 0.00 ms.
Unloading 4025 Unused Serialized files (Serialized files now loaded: 0)
Unloading 50 unused Assets / (1.6 MB). Loaded Objects now: 5019.
Memory consumption went from 287.0 MB to 285.4 MB.
Total: 6.428200 ms (FindLiveObjects: 0.496800 ms CreateObjectMapping: 0.250700 ms MarkObjects: 5.345300 ms  DeleteObjects: 0.333500 ms)

AssetImportParameters requested are different than current active one (requested -> active):
  custom:video-decoder-ogg-theora: a1e56fd34408186e4bbccfd4996cb3dc -> 
  custom:container-muxer-webm: aa71ff27fc2769a1b78a27578f13a17b -> 
  custom:container-demuxer-webm: 4f35f7cbe854078d1ac9338744f61a02 -> 
  custom:video-encoder-webm-vp8: eb34c28f22e8b96e1ab97ce403110664 -> 
  custom:audio-encoder-webm-vorbis: bf7c407c2cedff20999df2af8eb42d56 -> 
  custom:framework-win-MediaFoundation: 216162199b28c13a410421893ffa2e32 -> 
  custom:container-demuxer-ogg: 62fdf1f143b41e24485cea50d1cbac27 -> 
  custom:video-decoder-webm-vp8: 9c59270c3fd7afecdb556c50c9e8de78 -> 
  custom:audio-decoder-ogg-vorbis: bf7c407c2cedff20999df2af8eb42d56 -> 
========================================================================
Received Import Request.
  Time since last request: 61.341576 seconds.
  path: Assets/Prefabs/UI/Vitória/Conchas/2 conchas.prefab
  artifactKey: Guid(7b3bbb052a645b64182651c2b6536cd9) Importer(815301076,1909f56bfc062723c751e8b465ee728b)
Start importing Assets/Prefabs/UI/Vitória/Conchas/2 conchas.prefab using Guid(7b3bbb052a645b64182651c2b6536cd9) Importer(815301076,1909f56bfc062723c751e8b465ee728b)  -> (artifact id: '5167dc9a18c252e06df1ce1af236fde3') in 0.072109 seconds 
========================================================================
Received Import Request.
  Time since last request: 0.000043 seconds.
  path: Assets/GoogleMobileAds/Editor/Resources/DummyAds/Rewarded/768x1024.prefab
  artifactKey: Guid(4e3dd9a9607da46da8125b4b59a18db2) Importer(815301076,1909f56bfc062723c751e8b465ee728b)
Start importing Assets/GoogleMobileAds/Editor/Resources/DummyAds/Rewarded/768x1024.prefab using Guid(4e3dd9a9607da46da8125b4b59a18db2) Importer(815301076,1909f56bfc062723c751e8b465ee728b)  -> (artifact id: 'b2591dbb59547a7eadb3faba77ccc598') in 0.141347 seconds 
========================================================================
Received Import Request.
  Time since last request: 0.000558 seconds.
  path: Assets/GoogleMobileAds/Editor/Resources/DummyAds/AppOpen/768x1024.prefab
  artifactKey: Guid(7d86e5c9e525f4fadbbea7ee54246b94) Importer(815301076,1909f56bfc062723c751e8b465ee728b)
Start importing Assets/GoogleMobileAds/Editor/Resources/DummyAds/AppOpen/768x1024.prefab using Guid(7d86e5c9e525f4fadbbea7ee54246b94) Importer(815301076,1909f56bfc062723c751e8b465ee728b)  -> (artifact id: 'f10a0afabb3ae9a789ee24e9cf6c9256') in 0.012048 seconds 
========================================================================
Received Import Request.
  Time since last request: 0.000046 seconds.
  path: Assets/GoogleMobileAds/Editor/Resources/DummyAds/Rewarded/1024x768.prefab
  artifactKey: Guid(ac0a546bb4fb349229fc5824b288ec00) Importer(815301076,1909f56bfc062723c751e8b465ee728b)
Start importing Assets/GoogleMobileAds/Editor/Resources/DummyAds/Rewarded/1024x768.prefab using Guid(ac0a546bb4fb349229fc5824b288ec00) Importer(815301076,1909f56bfc062723c751e8b465ee728b)  -> (artifact id: 'e189ede4403d1b805e8356cf56bef4d8') in 0.051416 seconds 
========================================================================
Received Import Request.
  Time since last request: 0.000033 seconds.
  path: Assets/GoogleMobileAds/Editor/Resources/DummyAds/AppOpen/1024x768.prefab
  artifactKey: Guid(30454d768d0994255b52eafa89dad8e2) Importer(815301076,1909f56bfc062723c751e8b465ee728b)
Start importing Assets/GoogleMobileAds/Editor/Resources/DummyAds/AppOpen/1024x768.prefab using Guid(30454d768d0994255b52eafa89dad8e2) Importer(815301076,1909f56bfc062723c751e8b465ee728b)  -> (artifact id: 'efa38af46ecb306feeb5c8da2d4e0185') in 0.013879 seconds 
========================================================================
Received Import Request.
  Time since last request: 0.000026 seconds.
  path: Assets/GoogleMobileAds/Editor/Resources/DummyAds/Banners/ADAPTIVE.prefab
  artifactKey: Guid(b2a3ea2f1837847d9981501e0eeca085) Importer(815301076,1909f56bfc062723c751e8b465ee728b)
Start importing Assets/GoogleMobileAds/Editor/Resources/DummyAds/Banners/ADAPTIVE.prefab using Guid(b2a3ea2f1837847d9981501e0eeca085) Importer(815301076,1909f56bfc062723c751e8b465ee728b)  -> (artifact id: '2233629f026b9cef9e6a37d8a490a1c7') in 0.024497 seconds 
========================================================================
Received Import Request.
  Time since last request: 0.000035 seconds.
  path: Assets/GoogleMobileAds/Editor/Resources/DummyAds/Interstitials/768x1024.prefab
  artifactKey: Guid(9e579ef4793d34e79be6a216c0b67d78) Importer(815301076,1909f56bfc062723c751e8b465ee728b)
Start importing Assets/GoogleMobileAds/Editor/Resources/DummyAds/Interstitials/768x1024.prefab using Guid(9e579ef4793d34e79be6a216c0b67d78) Importer(815301076,1909f56bfc062723c751e8b465ee728b)  -> (artifact id: 'db5697c20087a0154ce3dc35eb6f7d20') in 0.015869 seconds 
========================================================================
Received Import Request.
  Time since last request: 0.000025 seconds.
  path: Assets/Prefabs/UI/Vitória/Conchas/3 conchas.prefab
  artifactKey: Guid(0e5e102fe6cddd140a194d355d8732ed) Importer(815301076,1909f56bfc062723c751e8b465ee728b)
Start importing Assets/Prefabs/UI/Vitória/Conchas/3 conchas.prefab using Guid(0e5e102fe6cddd140a194d355d8732ed) Importer(815301076,1909f56bfc062723c751e8b465ee728b)  -> (artifact id: '9d3ab4360e388cfc1d57c7a5a26a7cfd') in 0.026362 seconds 
========================================================================
Received Import Request.
  Time since last request: 0.000057 seconds.
  path: Assets/GoogleMobileAds/Editor/Resources/DummyAds/Interstitials/1024x768.prefab
  artifactKey: Guid(53084846ca7a14a878485a5db71fda00) Importer(815301076,1909f56bfc062723c751e8b465ee728b)
Start importing Assets/GoogleMobileAds/Editor/Resources/DummyAds/Interstitials/1024x768.prefab using Guid(53084846ca7a14a878485a5db71fda00) Importer(815301076,1909f56bfc062723c751e8b465ee728b)  -> (artifact id: '471377c3750e9a4525a573096dc4204a') in 0.029247 seconds 
