Using pre-set license
Built from '2021.2/staging' branch; Version is '2021.2.8f1 (d0e5f0a7b06a) revision 13690352'; Using compiler version '192829333'; Build Type 'Release'
OS: 'Windows 11  (10.0.22000) 64bit CoreSingleLanguage' Language: 'pt' Physical Memory: 8122 MB
BatchMode: 1, IsHumanControllingUs: 0, StartBugReporterOnCrash: 0, Is64bit: 1, IsPro: 0

COMMAND LINE ARGUMENTS:
C:\Program Files\Unity\Hub\Editor\2021.2.8f1\Editor\Unity.exe
-adb2
-batchMode
-noUpm
-name
AssetImportWorker6
-projectPath
C:/Users/Marina/Documents/Bubble/bubble/BubbleProject
-logFile
Logs/AssetImportWorker6.log
-srvPort
64388
Successfully changed project path to: C:/Users/Marina/Documents/Bubble/bubble/BubbleProject
C:/Users/Marina/Documents/Bubble/bubble/BubbleProject
[UnityMemory] Configuration Parameters - Can be set up in boot.config
    "memorysetup-bucket-allocator-granularity=16"
    "memorysetup-bucket-allocator-bucket-count=8"
    "memorysetup-bucket-allocator-block-size=33554432"
    "memorysetup-bucket-allocator-block-count=8"
    "memorysetup-main-allocator-block-size=16777216"
    "memorysetup-thread-allocator-block-size=16777216"
    "memorysetup-gfx-main-allocator-block-size=16777216"
    "memorysetup-gfx-thread-allocator-block-size=16777216"
    "memorysetup-cache-allocator-block-size=4194304"
    "memorysetup-typetree-allocator-block-size=2097152"
    "memorysetup-profiler-bucket-allocator-granularity=16"
    "memorysetup-profiler-bucket-allocator-bucket-count=8"
    "memorysetup-profiler-bucket-allocator-block-size=33554432"
    "memorysetup-profiler-bucket-allocator-block-count=8"
    "memorysetup-profiler-allocator-block-size=16777216"
    "memorysetup-profiler-editor-allocator-block-size=1048576"
    "memorysetup-temp-allocator-size-main=16777216"
    "memorysetup-job-temp-allocator-block-size=2097152"
    "memorysetup-job-temp-allocator-block-size-background=1048576"
    "memorysetup-job-temp-allocator-reduction-small-platforms=262144"
    "memorysetup-temp-allocator-size-background-worker=32768"
    "memorysetup-temp-allocator-size-job-worker=262144"
    "memorysetup-temp-allocator-size-preload-manager=33554432"
    "memorysetup-temp-allocator-size-nav-mesh-worker=65536"
    "memorysetup-temp-allocator-size-audio-worker=65536"
    "memorysetup-temp-allocator-size-cloud-worker=32768"
    "memorysetup-temp-allocator-size-gi-baking-worker=262144"
    "memorysetup-temp-allocator-size-gfx=262144"
Refreshing native plugins compatible for Editor in 323.06 ms, found 3 plugins.
Preloading 0 native plugins for Editor in 0.00 ms.
Initialize engine version: 2021.2.8f1 (d0e5f0a7b06a)
[Subsystems] Discovering subsystems at path C:/Program Files/Unity/Hub/Editor/2021.2.8f1/Editor/Data/Resources/UnitySubsystems
[Subsystems] Discovering subsystems at path C:/Users/Marina/Documents/Bubble/bubble/BubbleProject/Assets
GfxDevice: creating device client; threaded=0; jobified=0
Direct3D:
    Version:  Direct3D 11.0 [level 11.1]
    Renderer: Intel(R) HD Graphics Family (ID=0xa16)
    Vendor:   Intel
    VRAM:     2048 MB
    Driver:   20.19.15.4531
Initialize mono
Mono path[0] = 'C:/Program Files/Unity/Hub/Editor/2021.2.8f1/Editor/Data/Managed'
Mono path[1] = 'C:/Program Files/Unity/Hub/Editor/2021.2.8f1/Editor/Data/MonoBleedingEdge/lib/mono/unityjit-win32'
Mono config path = 'C:/Program Files/Unity/Hub/Editor/2021.2.8f1/Editor/Data/MonoBleedingEdge/etc'
Using monoOptions --debugger-agent=transport=dt_socket,embedding=1,server=y,suspend=n,address=127.0.0.1:56004
Begin MonoManager ReloadAssembly
Registering precompiled unity dll's ...
Register platform support module: C:/Program Files/Unity/Hub/Editor/2021.2.8f1/Editor/Data/PlaybackEngines/WindowsStandaloneSupport/UnityEditor.WindowsStandalone.Extensions.dll
Registered in 0.008246 seconds.
Native extension for WindowsStandalone target not found
Refreshing native plugins compatible for Editor in 153.77 ms, found 3 plugins.
Preloading 0 native plugins for Editor in 0.00 ms.
Mono: successfully reloaded assembly
- Completed reload, in  1.197 seconds
Domain Reload Profiling:
	ReloadAssembly (1198ms)
		BeginReloadAssembly (145ms)
			ExecutionOrderSort (0ms)
			DisableScriptedObjects (0ms)
			BackupInstance (0ms)
			ReleaseScriptingObjects (0ms)
			CreateAndSetChildDomain (2ms)
		EndReloadAssembly (861ms)
			LoadAssemblies (138ms)
			RebuildTransferFunctionScriptingTraits (0ms)
			SetupTypeCache (255ms)
			ReleaseScriptCaches (0ms)
			RebuildScriptCaches (47ms)
			SetupLoadedEditorAssemblies (452ms)
				LogAssemblyErrors (0ms)
				InitializePlatformSupportModulesInManaged (22ms)
				SetLoadedEditorAssemblies (0ms)
				RefreshPlugins (154ms)
				BeforeProcessingInitializeOnLoad (2ms)
				ProcessInitializeOnLoadAttributes (202ms)
				ProcessInitializeOnLoadMethodAttributes (71ms)
				AfterProcessingInitializeOnLoad (0ms)
				EditorAssembliesLoaded (0ms)
			ExecutionOrderSort2 (0ms)
			AwakeInstancesAfterBackupRestoration (0ms)
Platform modules already initialized, skipping
Registering precompiled user dll's ...
Registered in 0.013316 seconds.
Begin MonoManager ReloadAssembly
Native extension for WindowsStandalone target not found
Refreshing native plugins compatible for Editor in 144.30 ms, found 3 plugins.
Preloading 0 native plugins for Editor in 0.00 ms.
Mono: successfully reloaded assembly
- Completed reload, in  4.829 seconds
Domain Reload Profiling:
	ReloadAssembly (4830ms)
		BeginReloadAssembly (349ms)
			ExecutionOrderSort (0ms)
			DisableScriptedObjects (13ms)
			BackupInstance (0ms)
			ReleaseScriptingObjects (0ms)
			CreateAndSetChildDomain (51ms)
		EndReloadAssembly (4159ms)
			LoadAssemblies (247ms)
			RebuildTransferFunctionScriptingTraits (0ms)
			SetupTypeCache (627ms)
			ReleaseScriptCaches (2ms)
			RebuildScriptCaches (197ms)
			SetupLoadedEditorAssemblies (2947ms)
				LogAssemblyErrors (0ms)
				InitializePlatformSupportModulesInManaged (24ms)
				SetLoadedEditorAssemblies (0ms)
				RefreshPlugins (144ms)
				BeforeProcessingInitializeOnLoad (210ms)
				ProcessInitializeOnLoadAttributes (2357ms)
				ProcessInitializeOnLoadMethodAttributes (200ms)
				AfterProcessingInitializeOnLoad (11ms)
				EditorAssembliesLoaded (0ms)
			ExecutionOrderSort2 (0ms)
			AwakeInstancesAfterBackupRestoration (10ms)
Platform modules already initialized, skipping
========================================================================
Worker process is ready to serve import requests
Launched and connected shader compiler UnityShaderCompiler.exe after 0.12 seconds
Refreshing native plugins compatible for Editor in 1.85 ms, found 3 plugins.
Preloading 0 native plugins for Editor in 0.00 ms.
Unloading 4199 Unused Serialized files (Serialized files now loaded: 0)
Unloading 76 unused Assets / (0.6 MB). Loaded Objects now: 4641.
Memory consumption went from 188.4 MB to 187.7 MB.
Total: 9.029000 ms (FindLiveObjects: 0.601600 ms CreateObjectMapping: 0.604400 ms MarkObjects: 7.208600 ms  DeleteObjects: 0.603200 ms)

AssetImportParameters requested are different than current active one (requested -> active):
  custom:video-decoder-ogg-theora: a1e56fd34408186e4bbccfd4996cb3dc -> 
  custom:container-muxer-webm: aa71ff27fc2769a1b78a27578f13a17b -> 
  custom:container-demuxer-webm: 4f35f7cbe854078d1ac9338744f61a02 -> 
  custom:video-encoder-webm-vp8: eb34c28f22e8b96e1ab97ce403110664 -> 
  custom:audio-encoder-webm-vorbis: bf7c407c2cedff20999df2af8eb42d56 -> 
  custom:framework-win-MediaFoundation: 216162199b28c13a410421893ffa2e32 -> 
  custom:container-demuxer-ogg: 62fdf1f143b41e24485cea50d1cbac27 -> 
  custom:video-decoder-webm-vp8: 9c59270c3fd7afecdb556c50c9e8de78 -> 
  custom:audio-decoder-ogg-vorbis: bf7c407c2cedff20999df2af8eb42d56 -> 
========================================================================
Received Import Request.
  Time since last request: 694043.594502 seconds.
  path: Assets/Scenes/Cenas jogo/Fases/Camada 5/Fase 5_9.unity
  artifactKey: Guid(27e06993843d25344b3e38af769bff17) Importer(815301076,1909f56bfc062723c751e8b465ee728b)
Start importing Assets/Scenes/Cenas jogo/Fases/Camada 5/Fase 5_9.unity using Guid(27e06993843d25344b3e38af769bff17) Importer(815301076,1909f56bfc062723c751e8b465ee728b)  -> (artifact id: '89f84afe246868a31404ff44e8dd17fa') in 0.022063 seconds 
========================================================================
Received Import Request.
  Time since last request: 0.000067 seconds.
  path: Assets/Scenes/Cenas jogo/Fases/Camada 5/Fase 5_7 1.unity
  artifactKey: Guid(09d110b36d2cc7f4da19b63f7e0acb1b) Importer(815301076,1909f56bfc062723c751e8b465ee728b)
Start importing Assets/Scenes/Cenas jogo/Fases/Camada 5/Fase 5_7 1.unity using Guid(09d110b36d2cc7f4da19b63f7e0acb1b) Importer(815301076,1909f56bfc062723c751e8b465ee728b)  -> (artifact id: '83b58dc72681eec32a8e54245758c456') in 0.009710 seconds 
========================================================================
Received Import Request.
  Time since last request: 0.063578 seconds.
  path: Assets/Scenes/Cenas jogo/Fases/Camada 5/Fase 5_2.unity
  artifactKey: Guid(0cb826b917ebda54e8b54a17d7e68d7e) Importer(815301076,1909f56bfc062723c751e8b465ee728b)
Start importing Assets/Scenes/Cenas jogo/Fases/Camada 5/Fase 5_2.unity using Guid(0cb826b917ebda54e8b54a17d7e68d7e) Importer(815301076,1909f56bfc062723c751e8b465ee728b)  -> (artifact id: 'd891be99783455fafabe184211b0d878') in 0.012402 seconds 
========================================================================
Received Import Request.
  Time since last request: 19.809614 seconds.
  path: Assets/Scenes/Cenas jogo/Fases/Camada 5/Fase 5_1Settings.lighting
  artifactKey: Guid(e7251a424ea715b4fa604d34f0383c16) Importer(815301076,1909f56bfc062723c751e8b465ee728b)
Start importing Assets/Scenes/Cenas jogo/Fases/Camada 5/Fase 5_1Settings.lighting using Guid(e7251a424ea715b4fa604d34f0383c16) Importer(815301076,1909f56bfc062723c751e8b465ee728b)  -> (artifact id: '25c787214130a49d78048e3f20fd35ef') in 0.052161 seconds 
========================================================================
Received Import Request.
  Time since last request: 3.825737 seconds.
  path: Assets/Scenes/Cenas jogo/Fases/Camada 5/Fase 5_3.unity
  artifactKey: Guid(286247df36d23394e9a372e89bc7f28c) Importer(815301076,1909f56bfc062723c751e8b465ee728b)
Start importing Assets/Scenes/Cenas jogo/Fases/Camada 5/Fase 5_3.unity using Guid(286247df36d23394e9a372e89bc7f28c) Importer(815301076,1909f56bfc062723c751e8b465ee728b)  -> (artifact id: '47c128da6a07e6ce0e162ac2d72a8635') in 0.012235 seconds 
========================================================================
Received Import Request.
  Time since last request: 8.432967 seconds.
  path: Assets/Scenes/Cenas jogo/Fases/Camada 5/Fase 5_4.unity
  artifactKey: Guid(fb22628c90b7f394680df55e30a38480) Importer(815301076,1909f56bfc062723c751e8b465ee728b)
Start importing Assets/Scenes/Cenas jogo/Fases/Camada 5/Fase 5_4.unity using Guid(fb22628c90b7f394680df55e30a38480) Importer(815301076,1909f56bfc062723c751e8b465ee728b)  -> (artifact id: 'c25b4094cc7d00222665b1d66d175c0f') in 0.016339 seconds 
========================================================================
Received Import Request.
  Time since last request: 34.208448 seconds.
  path: Assets/Scenes/Cenas jogo/Fases/Camada 5/Fase 5_5.unity
  artifactKey: Guid(1533119418cc9dc48953b16814e09322) Importer(815301076,1909f56bfc062723c751e8b465ee728b)
Start importing Assets/Scenes/Cenas jogo/Fases/Camada 5/Fase 5_5.unity using Guid(1533119418cc9dc48953b16814e09322) Importer(815301076,1909f56bfc062723c751e8b465ee728b)  -> (artifact id: '157915e0cbf6963e7aa34f5c39d34f1b') in 0.043980 seconds 
========================================================================
Received Import Request.
  Time since last request: 14.587284 seconds.
  path: Assets/Scenes/Cenas jogo/Fases/Camada 5/Fase 5_6 1.unity
  artifactKey: Guid(3f9ada3a43094a940b9cbf996a84848f) Importer(815301076,1909f56bfc062723c751e8b465ee728b)
Start importing Assets/Scenes/Cenas jogo/Fases/Camada 5/Fase 5_6 1.unity using Guid(3f9ada3a43094a940b9cbf996a84848f) Importer(815301076,1909f56bfc062723c751e8b465ee728b)  -> (artifact id: '4d3d7032678510622077d2c6a6eac135') in 0.008211 seconds 
========================================================================
Received Import Request.
  Time since last request: 17.797487 seconds.
  path: Assets/Scenes/Cenas jogo/Fases/Camada 5/Fase 5_8.unity
  artifactKey: Guid(0beae5baacd86d74f8caff31074adc2f) Importer(815301076,1909f56bfc062723c751e8b465ee728b)
Start importing Assets/Scenes/Cenas jogo/Fases/Camada 5/Fase 5_8.unity using Guid(0beae5baacd86d74f8caff31074adc2f) Importer(815301076,1909f56bfc062723c751e8b465ee728b)  -> (artifact id: '45ea9a31c5e61ff578609baa6e44b0fe') in 0.017510 seconds 
========================================================================
Received Import Request.
  Time since last request: 79.201671 seconds.
  path: Assets/Scenes/Cenas jogo/Fases/Camada 5/Fase 5_7.unity
  artifactKey: Guid(09d110b36d2cc7f4da19b63f7e0acb1b) Importer(815301076,1909f56bfc062723c751e8b465ee728b)
Start importing Assets/Scenes/Cenas jogo/Fases/Camada 5/Fase 5_7.unity using Guid(09d110b36d2cc7f4da19b63f7e0acb1b) Importer(815301076,1909f56bfc062723c751e8b465ee728b)  -> (artifact id: 'e121de307d2b6dfc7951c110e272d425') in 0.012089 seconds 
========================================================================
Received Import Request.
  Time since last request: 9.384975 seconds.
  path: Assets/Scenes/Cenas jogo/Fases/Camada 5/Fase 5_6.unity
  artifactKey: Guid(3f9ada3a43094a940b9cbf996a84848f) Importer(815301076,1909f56bfc062723c751e8b465ee728b)
Start importing Assets/Scenes/Cenas jogo/Fases/Camada 5/Fase 5_6.unity using Guid(3f9ada3a43094a940b9cbf996a84848f) Importer(815301076,1909f56bfc062723c751e8b465ee728b)  -> (artifact id: '0e29a9b77dab263e2c7fca4fd75aaed2') in 0.012222 seconds 
========================================================================
Received Import Request.
  Time since last request: 1.549481 seconds.
  path: Assets/Scenes/Cenas jogo/Fases/Camada 5/Fase 5_6Settings.lighting
  artifactKey: Guid(ba363665d52269f43a6baec691cecbca) Importer(815301076,1909f56bfc062723c751e8b465ee728b)
Start importing Assets/Scenes/Cenas jogo/Fases/Camada 5/Fase 5_6Settings.lighting using Guid(ba363665d52269f43a6baec691cecbca) Importer(815301076,1909f56bfc062723c751e8b465ee728b)  -> (artifact id: '41b0a00822a0f4fc713ae4412e126636') in 0.011106 seconds 
========================================================================
Received Import Request.
  Time since last request: 6.759903 seconds.
  path: Assets/Scenes/Cenas jogo/Sele_Camadas/LevelSeletion.unity
  artifactKey: Guid(6b3790c42f0ec704fbbfef0a52839c3f) Importer(815301076,1909f56bfc062723c751e8b465ee728b)
Start importing Assets/Scenes/Cenas jogo/Sele_Camadas/LevelSeletion.unity using Guid(6b3790c42f0ec704fbbfef0a52839c3f) Importer(815301076,1909f56bfc062723c751e8b465ee728b)  -> (artifact id: '175d686e04343164439bfc19ea41c01f') in 0.011916 seconds 
========================================================================
Received Import Request.
  Time since last request: 13.490660 seconds.
  path: Assets/Scenes/Cenas jogo/Sele_Camadas
  artifactKey: Guid(c4da9e1d40fe50a499423a7cc32405b7) Importer(815301076,1909f56bfc062723c751e8b465ee728b)
Start importing Assets/Scenes/Cenas jogo/Sele_Camadas using Guid(c4da9e1d40fe50a499423a7cc32405b7) Importer(815301076,1909f56bfc062723c751e8b465ee728b)  -> (artifact id: '9066d025d454505c2f4511c5be4cee00') in 0.013618 seconds 
========================================================================
Received Import Request.
  Time since last request: 72.194243 seconds.
  path: Assets/Scenes/Cenas jogo/Menu
  artifactKey: Guid(409979c3432f720448b620df79d08cf6) Importer(815301076,1909f56bfc062723c751e8b465ee728b)
Start importing Assets/Scenes/Cenas jogo/Menu using Guid(409979c3432f720448b620df79d08cf6) Importer(815301076,1909f56bfc062723c751e8b465ee728b)  -> (artifact id: '047c5d967be7542b7947539f35e916f7') in 0.014198 seconds 
========================================================================
Received Import Request.
  Time since last request: 6.080895 seconds.
  path: Assets/Scenes/Cenas jogo/Tutorial
  artifactKey: Guid(b18fad6abaebdab45ae53b1950fe0c46) Importer(815301076,1909f56bfc062723c751e8b465ee728b)
Start importing Assets/Scenes/Cenas jogo/Tutorial using Guid(b18fad6abaebdab45ae53b1950fe0c46) Importer(815301076,1909f56bfc062723c751e8b465ee728b)  -> (artifact id: 'ee70295ae5ad4dd6ca0c258a17d5c419') in 0.013479 seconds 
========================================================================
Received Import Request.
  Time since last request: 14.651235 seconds.
  path: Assets/Sprites/Cenarios/Anemona/anemona.psb
  artifactKey: Guid(1f7b74fe3201c7141a3f10ecfb2e0903) Importer(815301076,1909f56bfc062723c751e8b465ee728b)
Start importing Assets/Sprites/Cenarios/Anemona/anemona.psb using Guid(1f7b74fe3201c7141a3f10ecfb2e0903) Importer(815301076,1909f56bfc062723c751e8b465ee728b)  -> (artifact id: '20f710a1bef8ca4a882bdd785ee93b29') in 9.416241 seconds 
========================================================================
Received Import Request.
  Time since last request: 0.000045 seconds.
  path: Assets/Samples/2D Animation/3.2.6/Samples/5 SpriteSwap/Sprites/dialog.psb
  artifactKey: Guid(2869d9a7120464944b12b645d39dae7c) Importer(815301076,1909f56bfc062723c751e8b465ee728b)
Start importing Assets/Samples/2D Animation/3.2.6/Samples/5 SpriteSwap/Sprites/dialog.psb using Guid(2869d9a7120464944b12b645d39dae7c) Importer(815301076,1909f56bfc062723c751e8b465ee728b)  -> (artifact id: '188ee3f0ad9bfc806115a83cb7610392') in 1.744374 seconds 
========================================================================
Received Import Request.
  Time since last request: 0.000048 seconds.
  path: Assets/Sprites/UI/Icone
  artifactKey: Guid(200910b25caa4c64394302f6f59cef71) Importer(815301076,1909f56bfc062723c751e8b465ee728b)
Start importing Assets/Sprites/UI/Icone using Guid(200910b25caa4c64394302f6f59cef71) Importer(815301076,1909f56bfc062723c751e8b465ee728b)  -> (artifact id: '9f74a878eaa7fd61b8b13226e7a923ec') in 0.010703 seconds 
========================================================================
Received Import Request.
  Time since last request: 0.000074 seconds.
  path: Assets/Sprites/UI/LevelSeletion/Camada 4.png
  artifactKey: Guid(b0c579abfb82c9a429a499538c31a900) Importer(815301076,1909f56bfc062723c751e8b465ee728b)
Start importing Assets/Sprites/UI/LevelSeletion/Camada 4.png using Guid(b0c579abfb82c9a429a499538c31a900) Importer(815301076,1909f56bfc062723c751e8b465ee728b)  -> (artifact id: '96c46095ffe0f15ecb276cb4ba4e9066') in 0.910550 seconds 
========================================================================
Received Import Request.
  Time since last request: 0.000104 seconds.
  path: Assets/Sprites/UI/LevelSeletion/Camada 2.png
  artifactKey: Guid(341cb36471041ff48a6b9a0187695376) Importer(815301076,1909f56bfc062723c751e8b465ee728b)
Start importing Assets/Sprites/UI/LevelSeletion/Camada 2.png using Guid(341cb36471041ff48a6b9a0187695376) Importer(815301076,1909f56bfc062723c751e8b465ee728b)  -> (artifact id: '566d9d62b6e52b28edbfcb845da7ce5d') in 2.361312 seconds 
========================================================================
Received Import Request.
  Time since last request: 0.000041 seconds.
  path: Assets/Sprites/UI/InGame
  artifactKey: Guid(a1dc7cabec4ec984eb33c097676b4671) Importer(815301076,1909f56bfc062723c751e8b465ee728b)
Start importing Assets/Sprites/UI/InGame using Guid(a1dc7cabec4ec984eb33c097676b4671) Importer(815301076,1909f56bfc062723c751e8b465ee728b)  -> (artifact id: 'c32a1d97c1d635fa618d06237e716ec6') in 0.011995 seconds 
========================================================================
Received Import Request.
  Time since last request: 0.000062 seconds.
  path: Assets/Sprites/UI/InGame/Tutorial/UI tutorial/Deseja fazer um tutorial para aprender as mecânicas do jogo_.png
  artifactKey: Guid(a0fc715eb2151994ba7699bb22f315fe) Importer(815301076,1909f56bfc062723c751e8b465ee728b)
Start importing Assets/Sprites/UI/InGame/Tutorial/UI tutorial/Deseja fazer um tutorial para aprender as mecânicas do jogo_.png using Guid(a0fc715eb2151994ba7699bb22f315fe) Importer(815301076,1909f56bfc062723c751e8b465ee728b)  -> (artifact id: '12f05e49550e57aea907c4b58ac424c3') in 2.590703 seconds 
========================================================================
Received Import Request.
  Time since last request: 0.000097 seconds.
  path: Assets/Sprites/UI/Fases/1/Seleção de Fases - C3.png
  artifactKey: Guid(e9d77409df40d6b458f6d3b6149f59d4) Importer(815301076,1909f56bfc062723c751e8b465ee728b)
Start importing Assets/Sprites/UI/Fases/1/Seleção de Fases - C3.png using Guid(e9d77409df40d6b458f6d3b6149f59d4) Importer(815301076,1909f56bfc062723c751e8b465ee728b)  -> (artifact id: 'dd5b9769f678c4c90a158e676470b844') in 0.275583 seconds 
========================================================================
Received Import Request.
  Time since last request: 0.000058 seconds.
  path: Assets/Sprites/UI/Fases/1/Seleção de Fases - C2.png
  artifactKey: Guid(540dba50be1df7e4fb814190aaeec9cd) Importer(815301076,1909f56bfc062723c751e8b465ee728b)
Start importing Assets/Sprites/UI/Fases/1/Seleção de Fases - C2.png using Guid(540dba50be1df7e4fb814190aaeec9cd) Importer(815301076,1909f56bfc062723c751e8b465ee728b)  -> (artifact id: '3becc72907fd120e8859f306ac49316e') in 0.318520 seconds 
========================================================================
Received Import Request.
  Time since last request: 0.000056 seconds.
  path: Assets/Samples/2D Animation/3.2.6/Samples/5 SpriteSwap/Sprites/dialog gray.psb
  artifactKey: Guid(428110508c93eb249ab59c52640438c7) Importer(815301076,1909f56bfc062723c751e8b465ee728b)
Start importing Assets/Samples/2D Animation/3.2.6/Samples/5 SpriteSwap/Sprites/dialog gray.psb using Guid(428110508c93eb249ab59c52640438c7) Importer(815301076,1909f56bfc062723c751e8b465ee728b)  -> (artifact id: '1d396606ad1a3963b684aeabf6383b38') in 0.865832 seconds 
========================================================================
Received Import Request.
  Time since last request: 0.000036 seconds.
  path: Assets/Sprites/UI/LevelSeletion/Seleção de Camadas.png
  artifactKey: Guid(ecc02b23e37c0b542af3020976395093) Importer(815301076,1909f56bfc062723c751e8b465ee728b)
Start importing Assets/Sprites/UI/LevelSeletion/Seleção de Camadas.png using Guid(ecc02b23e37c0b542af3020976395093) Importer(815301076,1909f56bfc062723c751e8b465ee728b)  -> (artifact id: '7a622fd96b1bd82bed305a048f2faafe') in 0.126296 seconds 
========================================================================
Received Import Request.
  Time since last request: 0.000044 seconds.
  path: Assets/Sprites/Cenarios/Ostra/ostra.psb
  artifactKey: Guid(99941a1beb0c0854fb22fee56cf18a2e) Importer(815301076,1909f56bfc062723c751e8b465ee728b)
Start importing Assets/Sprites/Cenarios/Ostra/ostra.psb using Guid(99941a1beb0c0854fb22fee56cf18a2e) Importer(815301076,1909f56bfc062723c751e8b465ee728b)  -> (artifact id: 'a9c2bf52c54f2da890172fa2c260876f') in 0.373563 seconds 
========================================================================
Received Import Request.
  Time since last request: 0.000043 seconds.
  path: Assets/Sprites/UI/Fases/1/Seleção de Fases - C5.png
  artifactKey: Guid(c7ed14907372ac447bd23a7b23ce1d17) Importer(815301076,1909f56bfc062723c751e8b465ee728b)
Start importing Assets/Sprites/UI/Fases/1/Seleção de Fases - C5.png using Guid(c7ed14907372ac447bd23a7b23ce1d17) Importer(815301076,1909f56bfc062723c751e8b465ee728b)  -> (artifact id: 'd9954423866eb1905966b7567dee3d89') in 0.267058 seconds 
========================================================================
Received Import Request.
  Time since last request: 0.000053 seconds.
  path: Assets/Sprites/UI/Fases/1/Seleção de Fases - C4.png
  artifactKey: Guid(466446c56fad17e45904d3c062af42cc) Importer(815301076,1909f56bfc062723c751e8b465ee728b)
Start importing Assets/Sprites/UI/Fases/1/Seleção de Fases - C4.png using Guid(466446c56fad17e45904d3c062af42cc) Importer(815301076,1909f56bfc062723c751e8b465ee728b)  -> (artifact id: '90537bbbb55c21202a0b0adde4e0740d') in 0.230863 seconds 
========================================================================
Received Import Request.
  Time since last request: 0.000080 seconds.
  path: Assets/Sprites/UI/LevelSeletion/Camada 1.png
  artifactKey: Guid(37ed73d19bac5564883d304ca96653c9) Importer(815301076,1909f56bfc062723c751e8b465ee728b)
Start importing Assets/Sprites/UI/LevelSeletion/Camada 1.png using Guid(37ed73d19bac5564883d304ca96653c9) Importer(815301076,1909f56bfc062723c751e8b465ee728b)  -> (artifact id: '849312f095800b2311f91cd5df8598ac') in 0.164054 seconds 
========================================================================
Received Import Request.
  Time since last request: 0.003343 seconds.
  path: Assets/Sprites/UI/Fases/1/Seleção de Fases - C1.png
  artifactKey: Guid(65f2b84224f4a35498df1e5ef2bd378f) Importer(815301076,1909f56bfc062723c751e8b465ee728b)
Start importing Assets/Sprites/UI/Fases/1/Seleção de Fases - C1.png using Guid(65f2b84224f4a35498df1e5ef2bd378f) Importer(815301076,1909f56bfc062723c751e8b465ee728b)  -> (artifact id: 'b0e40ccf116efd5cfc902092876a8dde') in 0.283581 seconds 
========================================================================
Received Import Request.
  Time since last request: 0.000038 seconds.
  path: Assets/Sprites/UI/Fases
  artifactKey: Guid(11ec67b73a47e4e42973dc63fa0dd8de) Importer(815301076,1909f56bfc062723c751e8b465ee728b)
Start importing Assets/Sprites/UI/Fases using Guid(11ec67b73a47e4e42973dc63fa0dd8de) Importer(815301076,1909f56bfc062723c751e8b465ee728b)  -> (artifact id: 'ef9794788b9398d9a0020e2c05e139fb') in 0.011277 seconds 
========================================================================
Received Import Request.
  Time since last request: 0.000039 seconds.
  path: Assets/Sprites/UI/LevelSeletion/Bolhas.png
  artifactKey: Guid(9944460176ebf2d478b738117c24501f) Importer(815301076,1909f56bfc062723c751e8b465ee728b)
Start importing Assets/Sprites/UI/LevelSeletion/Bolhas.png using Guid(9944460176ebf2d478b738117c24501f) Importer(815301076,1909f56bfc062723c751e8b465ee728b)  -> (artifact id: 'd25f0f4da3306a34bf994aa574ff7545') in 0.092818 seconds 
========================================================================
Received Import Request.
  Time since last request: 0.000030 seconds.
  path: Assets/Sprites/UI/LevelSeletion/Camada 5.png
  artifactKey: Guid(ab0c22651d2f9c442ac1a0178b071b7d) Importer(815301076,1909f56bfc062723c751e8b465ee728b)
Start importing Assets/Sprites/UI/LevelSeletion/Camada 5.png using Guid(ab0c22651d2f9c442ac1a0178b071b7d) Importer(815301076,1909f56bfc062723c751e8b465ee728b)  -> (artifact id: '6160fe58b8d5ae187badf85444af1182') in 0.150275 seconds 
========================================================================
Received Import Request.
  Time since last request: 0.000045 seconds.
  path: Assets/Sprites/UI/LevelSeletion/Regua.png
  artifactKey: Guid(6af8ca8a109a390409ceecd83b0e695a) Importer(815301076,1909f56bfc062723c751e8b465ee728b)
Start importing Assets/Sprites/UI/LevelSeletion/Regua.png using Guid(6af8ca8a109a390409ceecd83b0e695a) Importer(815301076,1909f56bfc062723c751e8b465ee728b)  -> (artifact id: 'c79ac2f9f188f7cc8bb06b307a8161e9') in 0.172114 seconds 
========================================================================
Received Import Request.
  Time since last request: 0.000111 seconds.
  path: Assets/Sprites/UI/LevelSeletion
  artifactKey: Guid(4c2efdee13e4f9641899550b16d2e664) Importer(815301076,1909f56bfc062723c751e8b465ee728b)
Start importing Assets/Sprites/UI/LevelSeletion using Guid(4c2efdee13e4f9641899550b16d2e664) Importer(815301076,1909f56bfc062723c751e8b465ee728b)  -> (artifact id: '787d94d002c44b86029223441560c782') in 0.013095 seconds 
========================================================================
Received Import Request.
  Time since last request: 0.000049 seconds.
  path: Assets/Sprites/UI/LevelSeletion/Camada 3.png
  artifactKey: Guid(82c5f49156af98941814f8a607e72967) Importer(815301076,1909f56bfc062723c751e8b465ee728b)
Start importing Assets/Sprites/UI/LevelSeletion/Camada 3.png using Guid(82c5f49156af98941814f8a607e72967) Importer(815301076,1909f56bfc062723c751e8b465ee728b)  -> (artifact id: 'b6a6eb3200861ed344a0c02e11799f1d') in 0.140633 seconds 
========================================================================
Received Prepare
Refreshing native plugins compatible for Editor in 33.93 ms, found 3 plugins.
Preloading 0 native plugins for Editor in 0.00 ms.
Unloading 50 Unused Serialized files (Serialized files now loaded: 0)
Unloading 51 unused Assets / (0.6 MB). Loaded Objects now: 4816.
Memory consumption went from 103.0 MB to 102.4 MB.
Total: 7.248400 ms (FindLiveObjects: 0.490800 ms CreateObjectMapping: 0.253200 ms MarkObjects: 6.117300 ms  DeleteObjects: 0.385000 ms)

AssetImportParameters requested are different than current active one (requested -> active):
  custom:video-decoder-ogg-theora: a1e56fd34408186e4bbccfd4996cb3dc -> 
  custom:container-muxer-webm: aa71ff27fc2769a1b78a27578f13a17b -> 
  custom:container-demuxer-webm: 4f35f7cbe854078d1ac9338744f61a02 -> 
  custom:video-encoder-webm-vp8: eb34c28f22e8b96e1ab97ce403110664 -> 
  custom:audio-encoder-webm-vorbis: bf7c407c2cedff20999df2af8eb42d56 -> 
  custom:framework-win-MediaFoundation: 216162199b28c13a410421893ffa2e32 -> 
  custom:container-demuxer-ogg: 62fdf1f143b41e24485cea50d1cbac27 -> 
  custom:video-decoder-webm-vp8: 9c59270c3fd7afecdb556c50c9e8de78 -> 
  custom:audio-decoder-ogg-vorbis: bf7c407c2cedff20999df2af8eb42d56 -> 
========================================================================
Received Prepare
Registering precompiled user dll's ...
Registered in 0.011408 seconds.
Begin MonoManager ReloadAssembly
Native extension for WindowsStandalone target not found
Refreshing native plugins compatible for Editor in 1.50 ms, found 3 plugins.
Preloading 0 native plugins for Editor in 0.00 ms.
Mono: successfully reloaded assembly
- Completed reload, in  3.266 seconds
Domain Reload Profiling:
	ReloadAssembly (3267ms)
		BeginReloadAssembly (271ms)
			ExecutionOrderSort (0ms)
			DisableScriptedObjects (26ms)
			BackupInstance (0ms)
			ReleaseScriptingObjects (0ms)
			CreateAndSetChildDomain (83ms)
		EndReloadAssembly (2834ms)
			LoadAssemblies (148ms)
			RebuildTransferFunctionScriptingTraits (0ms)
			SetupTypeCache (579ms)
			ReleaseScriptCaches (4ms)
			RebuildScriptCaches (172ms)
			SetupLoadedEditorAssemblies (1327ms)
				LogAssemblyErrors (0ms)
				InitializePlatformSupportModulesInManaged (26ms)
				SetLoadedEditorAssemblies (1ms)
				RefreshPlugins (2ms)
				BeforeProcessingInitializeOnLoad (98ms)
				ProcessInitializeOnLoadAttributes (1089ms)
				ProcessInitializeOnLoadMethodAttributes (101ms)
				AfterProcessingInitializeOnLoad (11ms)
				EditorAssembliesLoaded (0ms)
			ExecutionOrderSort2 (0ms)
			AwakeInstancesAfterBackupRestoration (39ms)
Platform modules already initialized, skipping
Switching build target platform(19) subTarget(0) extendedPlatform(0) -> platform(13) subTarget(0) extendedPlatform(0)
Refreshing native plugins compatible for Editor in 1.48 ms, found 3 plugins.
Preloading 0 native plugins for Editor in 0.00 ms.
Unloading 4059 Unused Serialized files (Serialized files now loaded: 0)
Unloading 50 unused Assets / (268.5 KB). Loaded Objects now: 5074.
Memory consumption went from 221.1 MB to 220.8 MB.
Total: 5.884000 ms (FindLiveObjects: 0.541500 ms CreateObjectMapping: 0.508900 ms MarkObjects: 4.737100 ms  DeleteObjects: 0.094100 ms)

AssetImportParameters requested are different than current active one (requested -> active):
  custom:video-decoder-ogg-theora: a1e56fd34408186e4bbccfd4996cb3dc -> 
  custom:container-muxer-webm: aa71ff27fc2769a1b78a27578f13a17b -> 
  custom:container-demuxer-webm: 4f35f7cbe854078d1ac9338744f61a02 -> 
  custom:video-encoder-webm-vp8: eb34c28f22e8b96e1ab97ce403110664 -> 
  custom:audio-encoder-webm-vorbis: bf7c407c2cedff20999df2af8eb42d56 -> 
  custom:framework-win-MediaFoundation: 216162199b28c13a410421893ffa2e32 -> 
  custom:container-demuxer-ogg: 62fdf1f143b41e24485cea50d1cbac27 -> 
  custom:video-decoder-webm-vp8: 9c59270c3fd7afecdb556c50c9e8de78 -> 
  custom:audio-decoder-ogg-vorbis: bf7c407c2cedff20999df2af8eb42d56 -> 
========================================================================
Received Import Request.
  Time since last request: 31.365067 seconds.
  path: Assets/Sprites/Boss/Camada5 - lula/lula-gigante.psb
  artifactKey: Guid(2dc0ab89fff1218409b3a4078404a0a0) Importer(815301076,1909f56bfc062723c751e8b465ee728b)
Start importing Assets/Sprites/Boss/Camada5 - lula/lula-gigante.psb using Guid(2dc0ab89fff1218409b3a4078404a0a0) Importer(815301076,1909f56bfc062723c751e8b465ee728b)  -> (artifact id: 'f8481c6584eccfce71955e91c8101169') in 1.426301 seconds 
========================================================================
Received Import Request.
  Time since last request: 1.252859 seconds.
  path: Assets/Sprites/Sele_Fases/Camada5.unity
  artifactKey: Guid(9c387956c48aeb7488af84834f41a343) Importer(815301076,1909f56bfc062723c751e8b465ee728b)
Start importing Assets/Sprites/Sele_Fases/Camada5.unity using Guid(9c387956c48aeb7488af84834f41a343) Importer(815301076,1909f56bfc062723c751e8b465ee728b)  -> (artifact id: 'f458837ca472a0f262298e10e665693f') in 0.013883 seconds 
========================================================================
Received Import Request.
  Time since last request: 5.653107 seconds.
  path: Assets/Sprites/Boss/Camada5 - lula
  artifactKey: Guid(50733d561cb2d394eaf09956fc30de16) Importer(815301076,1909f56bfc062723c751e8b465ee728b)
Start importing Assets/Sprites/Boss/Camada5 - lula using Guid(50733d561cb2d394eaf09956fc30de16) Importer(815301076,1909f56bfc062723c751e8b465ee728b)  -> (artifact id: '133c2b9196d3c44e4fd5675824590d51') in 0.013546 seconds 
========================================================================
Received Import Request.
  Time since last request: 0.192978 seconds.
  path: Assets/Sprites/Boss/Camada5 - lula/lula.psb
  artifactKey: Guid(b4d7af660c83fc747a2b0f026be12d8f) Importer(815301076,1909f56bfc062723c751e8b465ee728b)
Start importing Assets/Sprites/Boss/Camada5 - lula/lula.psb using Guid(b4d7af660c83fc747a2b0f026be12d8f) Importer(815301076,1909f56bfc062723c751e8b465ee728b)  -> (artifact id: '1dcd1dd97eb6fbe4709d98a47aafce66') in 0.631096 seconds 
========================================================================
Received Import Request.
  Time since last request: 0.000046 seconds.
  path: Assets/Sprites/Boss/Camada5 - lula/mancha de oleo.png
  artifactKey: Guid(1fb139cdeed28f7498d962b6ed4bf518) Importer(815301076,1909f56bfc062723c751e8b465ee728b)
Start importing Assets/Sprites/Boss/Camada5 - lula/mancha de oleo.png using Guid(1fb139cdeed28f7498d962b6ed4bf518) Importer(815301076,1909f56bfc062723c751e8b465ee728b)  -> (artifact id: '7ac75c46e1d4f032c2ebf215b7c7e39f') in 0.219578 seconds 
========================================================================
Received Import Request.
  Time since last request: 55.183385 seconds.
  path: Assets/Scenes/Cenas jogo/Fases/Camada 4/Fase 4_1.unity
  artifactKey: Guid(785e691784a92c1498460047e8f63b1b) Importer(815301076,1909f56bfc062723c751e8b465ee728b)
Start importing Assets/Scenes/Cenas jogo/Fases/Camada 4/Fase 4_1.unity using Guid(785e691784a92c1498460047e8f63b1b) Importer(815301076,1909f56bfc062723c751e8b465ee728b)  -> (artifact id: '52cbba22a450b4ab41f66fa9b0995367') in 0.016683 seconds 
========================================================================
Received Import Request.
  Time since last request: 17.838209 seconds.
  path: Assets/Scenes/Cenas jogo/Fases/Camada 4/Fase 4_2.unity
  artifactKey: Guid(0c04ba6876f409041ac2805e48d9d330) Importer(815301076,1909f56bfc062723c751e8b465ee728b)
Start importing Assets/Scenes/Cenas jogo/Fases/Camada 4/Fase 4_2.unity using Guid(0c04ba6876f409041ac2805e48d9d330) Importer(815301076,1909f56bfc062723c751e8b465ee728b)  -> (artifact id: '0930e2030e6ecfbb33d310e3cce8380e') in 0.012676 seconds 
========================================================================
Received Import Request.
  Time since last request: 12.299916 seconds.
  path: Assets/Scenes/Cenas jogo/Fases/Camada 4/Fase 4_3.unity
  artifactKey: Guid(b25105544a25f3048a80839ac596d0d3) Importer(815301076,1909f56bfc062723c751e8b465ee728b)
Start importing Assets/Scenes/Cenas jogo/Fases/Camada 4/Fase 4_3.unity using Guid(b25105544a25f3048a80839ac596d0d3) Importer(815301076,1909f56bfc062723c751e8b465ee728b)  -> (artifact id: 'e224a4fd55df95af90b5d76ac65a9781') in 0.014581 seconds 
========================================================================
Received Import Request.
  Time since last request: 16.759463 seconds.
  path: Assets/Scenes/Cenas jogo/Fases/Camada 4/Fase 4_4.unity
  artifactKey: Guid(776f8fd7644ba0c4b8e4b8b9c1492f3c) Importer(815301076,1909f56bfc062723c751e8b465ee728b)
Start importing Assets/Scenes/Cenas jogo/Fases/Camada 4/Fase 4_4.unity using Guid(776f8fd7644ba0c4b8e4b8b9c1492f3c) Importer(815301076,1909f56bfc062723c751e8b465ee728b)  -> (artifact id: '3b17cd602d9250883eb4c7332e8acdbe') in 0.013983 seconds 
========================================================================
Received Import Request.
  Time since last request: 11.804357 seconds.
  path: Assets/Scenes/Cenas jogo/Fases/Camada 4/Fase 4_5.unity
  artifactKey: Guid(2f7a00382c5332c46b7c3f6406dd80b3) Importer(815301076,1909f56bfc062723c751e8b465ee728b)
Start importing Assets/Scenes/Cenas jogo/Fases/Camada 4/Fase 4_5.unity using Guid(2f7a00382c5332c46b7c3f6406dd80b3) Importer(815301076,1909f56bfc062723c751e8b465ee728b)  -> (artifact id: '106b40f46407bf244523cecd8a55f8e8') in 0.014419 seconds 
========================================================================
Received Import Request.
  Time since last request: 11.580163 seconds.
  path: Assets/Scenes/Cenas jogo/Fases/Camada 4/Fase 4_6.unity
  artifactKey: Guid(72660f3bb6d430944b32439d527455db) Importer(815301076,1909f56bfc062723c751e8b465ee728b)
Start importing Assets/Scenes/Cenas jogo/Fases/Camada 4/Fase 4_6.unity using Guid(72660f3bb6d430944b32439d527455db) Importer(815301076,1909f56bfc062723c751e8b465ee728b)  -> (artifact id: '5a15453410c9ad8b7538a69538a64d66') in 0.025876 seconds 
========================================================================
Received Import Request.
  Time since last request: 6.767329 seconds.
  path: Assets/Scenes/Cenas jogo/Fases/Camada 4/Fase 4_7.unity
  artifactKey: Guid(ce15c38a3c3133347a3ef07b1bba33e5) Importer(815301076,1909f56bfc062723c751e8b465ee728b)
Start importing Assets/Scenes/Cenas jogo/Fases/Camada 4/Fase 4_7.unity using Guid(ce15c38a3c3133347a3ef07b1bba33e5) Importer(815301076,1909f56bfc062723c751e8b465ee728b)  -> (artifact id: 'b2b04bbfcd268995964640ab5554db7a') in 0.015382 seconds 
========================================================================
Received Import Request.
  Time since last request: 8.523598 seconds.
  path: Assets/Scenes/Cenas jogo/Fases/Camada 4/Fase 4_8.unity
  artifactKey: Guid(a7ba3eea1e1e01e49a8a4eb997cd1315) Importer(815301076,1909f56bfc062723c751e8b465ee728b)
Start importing Assets/Scenes/Cenas jogo/Fases/Camada 4/Fase 4_8.unity using Guid(a7ba3eea1e1e01e49a8a4eb997cd1315) Importer(815301076,1909f56bfc062723c751e8b465ee728b)  -> (artifact id: 'd228369ea5238ea559b220ed48ef8bef') in 0.015039 seconds 
========================================================================
Received Import Request.
  Time since last request: 6.953747 seconds.
  path: Assets/Scenes/Cenas jogo/Fases/Camada 4/Fase 4_9.unity
  artifactKey: Guid(01b66002f38bce248a01de5ba9ce531b) Importer(815301076,1909f56bfc062723c751e8b465ee728b)
Start importing Assets/Scenes/Cenas jogo/Fases/Camada 4/Fase 4_9.unity using Guid(01b66002f38bce248a01de5ba9ce531b) Importer(815301076,1909f56bfc062723c751e8b465ee728b)  -> (artifact id: '63ab704aa9dc63784af071cb117c2122') in 0.018988 seconds 
========================================================================
Received Import Request.
  Time since last request: 7.553542 seconds.
  path: Assets/Scenes/Cenas jogo/Fases/Camada 4/Fase 4_10.unity
  artifactKey: Guid(207eb14215383ce45b33d721308e3ff0) Importer(815301076,1909f56bfc062723c751e8b465ee728b)
Start importing Assets/Scenes/Cenas jogo/Fases/Camada 4/Fase 4_10.unity using Guid(207eb14215383ce45b33d721308e3ff0) Importer(815301076,1909f56bfc062723c751e8b465ee728b)  -> (artifact id: 'a8eb5beee17979540dc43d4a8cb45923') in 0.014077 seconds 
========================================================================
Received Import Request.
  Time since last request: 98.914940 seconds.
  path: Assets/Scenes/Cenas jogo/Fases/Camada 3/Fase 3_2.unity
  artifactKey: Guid(3dbe8012476088240ab44e095dedc683) Importer(815301076,1909f56bfc062723c751e8b465ee728b)
Start importing Assets/Scenes/Cenas jogo/Fases/Camada 3/Fase 3_2.unity using Guid(3dbe8012476088240ab44e095dedc683) Importer(815301076,1909f56bfc062723c751e8b465ee728b)  -> (artifact id: 'e288e5fcc0ea9a2effb8927b3c48fed5') in 0.016952 seconds 
========================================================================
Received Import Request.
  Time since last request: 10.452167 seconds.
  path: Assets/Scenes/Cenas jogo/Fases/Camada 3/Fase 3_3.unity
  artifactKey: Guid(298192453250a5d4a85beb8eab3b0569) Importer(815301076,1909f56bfc062723c751e8b465ee728b)
Start importing Assets/Scenes/Cenas jogo/Fases/Camada 3/Fase 3_3.unity using Guid(298192453250a5d4a85beb8eab3b0569) Importer(815301076,1909f56bfc062723c751e8b465ee728b)  -> (artifact id: 'd766f3c67205ed3152fad170480cfb0d') in 0.014538 seconds 
========================================================================
Received Import Request.
  Time since last request: 9.691750 seconds.
  path: Assets/Scenes/Cenas jogo/Fases/Camada 3/Fase 3_4.unity
  artifactKey: Guid(ffa317c435de0924d99fb0a1a24206d9) Importer(815301076,1909f56bfc062723c751e8b465ee728b)
Start importing Assets/Scenes/Cenas jogo/Fases/Camada 3/Fase 3_4.unity using Guid(ffa317c435de0924d99fb0a1a24206d9) Importer(815301076,1909f56bfc062723c751e8b465ee728b)  -> (artifact id: 'c14191d127e1018fac60a2ff11d4803c') in 0.019848 seconds 
========================================================================
Received Import Request.
  Time since last request: 7.486254 seconds.
  path: Assets/Scenes/Cenas jogo/Fases/Camada 3/Fase 3_5.unity
  artifactKey: Guid(559dc3234f1e1824493550a36aff67ba) Importer(815301076,1909f56bfc062723c751e8b465ee728b)
Start importing Assets/Scenes/Cenas jogo/Fases/Camada 3/Fase 3_5.unity using Guid(559dc3234f1e1824493550a36aff67ba) Importer(815301076,1909f56bfc062723c751e8b465ee728b)  -> (artifact id: 'e910de078417e141c21d1d04f7a2e4ea') in 0.013665 seconds 
========================================================================
Received Import Request.
  Time since last request: 10.573514 seconds.
  path: Assets/Scenes/Cenas jogo/Fases/Camada 3/Fase 3_6.unity
  artifactKey: Guid(0ae594ab52451c24c8c82e82219c62e6) Importer(815301076,1909f56bfc062723c751e8b465ee728b)
Start importing Assets/Scenes/Cenas jogo/Fases/Camada 3/Fase 3_6.unity using Guid(0ae594ab52451c24c8c82e82219c62e6) Importer(815301076,1909f56bfc062723c751e8b465ee728b)  -> (artifact id: '628e2a87e2d7d96c5af8d9a59894ffd3') in 0.037878 seconds 
========================================================================
Received Import Request.
  Time since last request: 6.606213 seconds.
  path: Assets/Scenes/Cenas jogo/Fases/Camada 3/Fase 3_7.unity
  artifactKey: Guid(32c665ad1f7b5d04a9c5875bbf1ef68c) Importer(815301076,1909f56bfc062723c751e8b465ee728b)
Start importing Assets/Scenes/Cenas jogo/Fases/Camada 3/Fase 3_7.unity using Guid(32c665ad1f7b5d04a9c5875bbf1ef68c) Importer(815301076,1909f56bfc062723c751e8b465ee728b)  -> (artifact id: '5066dc1056f74441bc8d2a90f31cec36') in 0.014950 seconds 
========================================================================
Received Import Request.
  Time since last request: 5.733346 seconds.
  path: Assets/Scenes/Cenas jogo/Fases/Camada 3/Fase 3_8.unity
  artifactKey: Guid(ec9be5f7d1a660643a0ebcd967243618) Importer(815301076,1909f56bfc062723c751e8b465ee728b)
Start importing Assets/Scenes/Cenas jogo/Fases/Camada 3/Fase 3_8.unity using Guid(ec9be5f7d1a660643a0ebcd967243618) Importer(815301076,1909f56bfc062723c751e8b465ee728b)  -> (artifact id: '53749519030f35af28fe0ac0dace1040') in 0.012578 seconds 
========================================================================
Received Import Request.
  Time since last request: 6.076174 seconds.
  path: Assets/Scenes/Cenas jogo/Fases/Camada 3/Fase 3_9.unity
  artifactKey: Guid(64d63c09fe575f6459b3169d4ac3571d) Importer(815301076,1909f56bfc062723c751e8b465ee728b)
Start importing Assets/Scenes/Cenas jogo/Fases/Camada 3/Fase 3_9.unity using Guid(64d63c09fe575f6459b3169d4ac3571d) Importer(815301076,1909f56bfc062723c751e8b465ee728b)  -> (artifact id: '1f71b0f66c80e34e14d68efa35925c66') in 0.014546 seconds 
========================================================================
Received Import Request.
  Time since last request: 7.107765 seconds.
  path: Assets/Scenes/Cenas jogo/Fases/Camada 3/Fase 3_10.unity
  artifactKey: Guid(f132ada4bd5b68c419f3bc890ebce747) Importer(815301076,1909f56bfc062723c751e8b465ee728b)
Start importing Assets/Scenes/Cenas jogo/Fases/Camada 3/Fase 3_10.unity using Guid(f132ada4bd5b68c419f3bc890ebce747) Importer(815301076,1909f56bfc062723c751e8b465ee728b)  -> (artifact id: '24b36a9d82e2378b3a334106fb40eb4a') in 0.013621 seconds 
========================================================================
Received Import Request.
  Time since last request: 23.157965 seconds.
  path: Assets/Scenes/Cenas jogo/Fases/Camada 2
  artifactKey: Guid(86ffe0dce095fa747b3cf5f4000e82f4) Importer(815301076,1909f56bfc062723c751e8b465ee728b)
Start importing Assets/Scenes/Cenas jogo/Fases/Camada 2 using Guid(86ffe0dce095fa747b3cf5f4000e82f4) Importer(815301076,1909f56bfc062723c751e8b465ee728b)  -> (artifact id: '6fe62618ae15fe60e0a75874c390dd49') in 0.008598 seconds 
========================================================================
Received Import Request.
  Time since last request: 3.424353 seconds.
  path: Assets/Scenes/Cenas jogo/Fases/Camada 2/Fase 2_1.unity
  artifactKey: Guid(e898749539a772a4693e299c4d214f47) Importer(815301076,1909f56bfc062723c751e8b465ee728b)
Start importing Assets/Scenes/Cenas jogo/Fases/Camada 2/Fase 2_1.unity using Guid(e898749539a772a4693e299c4d214f47) Importer(815301076,1909f56bfc062723c751e8b465ee728b)  -> (artifact id: 'bcc41249d98e232a84985c397179062f') in 0.022140 seconds 
========================================================================
Received Import Request.
  Time since last request: 5.200682 seconds.
  path: Assets/Scenes/Cenas jogo/Fases/Camada 2/Fase 2_2.unity
  artifactKey: Guid(aa1117858fe8d244db11e69d627b27fb) Importer(815301076,1909f56bfc062723c751e8b465ee728b)
Start importing Assets/Scenes/Cenas jogo/Fases/Camada 2/Fase 2_2.unity using Guid(aa1117858fe8d244db11e69d627b27fb) Importer(815301076,1909f56bfc062723c751e8b465ee728b)  -> (artifact id: '92039625e7a76b2e231d2e5604c63fe3') in 0.015977 seconds 
========================================================================
Received Import Request.
  Time since last request: 12.604823 seconds.
  path: Assets/Scenes/Cenas jogo/Fases/Camada 2/Fase 2_3.unity
  artifactKey: Guid(84eb0a81adff2924b96e1be385416dc3) Importer(815301076,1909f56bfc062723c751e8b465ee728b)
Start importing Assets/Scenes/Cenas jogo/Fases/Camada 2/Fase 2_3.unity using Guid(84eb0a81adff2924b96e1be385416dc3) Importer(815301076,1909f56bfc062723c751e8b465ee728b)  -> (artifact id: '10f14a3006a609db16280ec3cccbffec') in 0.040666 seconds 
========================================================================
Received Import Request.
  Time since last request: 7.481853 seconds.
  path: Assets/Scenes/Cenas jogo/Fases/Camada 2/Fase 2_4.unity
  artifactKey: Guid(f4fbcbe359ccfcd4cb749bf4ab55abe9) Importer(815301076,1909f56bfc062723c751e8b465ee728b)
Start importing Assets/Scenes/Cenas jogo/Fases/Camada 2/Fase 2_4.unity using Guid(f4fbcbe359ccfcd4cb749bf4ab55abe9) Importer(815301076,1909f56bfc062723c751e8b465ee728b)  -> (artifact id: 'd84dfeb78be5bb63b2d66de9124e50ff') in 0.014599 seconds 
========================================================================
Received Import Request.
  Time since last request: 6.258249 seconds.
  path: Assets/Scenes/Cenas jogo/Fases/Camada 2/Fase 2_5.unity
  artifactKey: Guid(8e8ad454e803e0b4d8bd206ce1b74d9a) Importer(815301076,1909f56bfc062723c751e8b465ee728b)
Start importing Assets/Scenes/Cenas jogo/Fases/Camada 2/Fase 2_5.unity using Guid(8e8ad454e803e0b4d8bd206ce1b74d9a) Importer(815301076,1909f56bfc062723c751e8b465ee728b)  -> (artifact id: 'f2072b79ab0c42a8ceeaa32b90cc8746') in 0.014149 seconds 
========================================================================
Received Import Request.
  Time since last request: 0.677738 seconds.
  path: Assets/Scenes/Cenas jogo/Fases/Camada 2/Fase 2_6.unity
  artifactKey: Guid(d07134c2c945c214f8945eff920188ac) Importer(815301076,1909f56bfc062723c751e8b465ee728b)
Start importing Assets/Scenes/Cenas jogo/Fases/Camada 2/Fase 2_6.unity using Guid(d07134c2c945c214f8945eff920188ac) Importer(815301076,1909f56bfc062723c751e8b465ee728b)  -> (artifact id: 'a71224865a0e365bd424f8a622e069cb') in 0.020077 seconds 
========================================================================
Received Import Request.
  Time since last request: 8.615184 seconds.
  path: Assets/Scenes/Cenas jogo/Fases/Camada 2/Fase 2_7.unity
  artifactKey: Guid(73d731fffd9fbf940a0de04787c5cdb2) Importer(815301076,1909f56bfc062723c751e8b465ee728b)
Start importing Assets/Scenes/Cenas jogo/Fases/Camada 2/Fase 2_7.unity using Guid(73d731fffd9fbf940a0de04787c5cdb2) Importer(815301076,1909f56bfc062723c751e8b465ee728b)  -> (artifact id: '5fbb69eae9b3a476b66ffc184d19eeb9') in 0.014146 seconds 
========================================================================
Received Import Request.
  Time since last request: 8.706370 seconds.
  path: Assets/Scenes/Cenas jogo/Fases/Camada 2/Fase 2_8.unity
  artifactKey: Guid(619bedbcb268f344198d567e6b3ba12f) Importer(815301076,1909f56bfc062723c751e8b465ee728b)
Start importing Assets/Scenes/Cenas jogo/Fases/Camada 2/Fase 2_8.unity using Guid(619bedbcb268f344198d567e6b3ba12f) Importer(815301076,1909f56bfc062723c751e8b465ee728b)  -> (artifact id: 'fe91e4f3899a4d154abe906c1db00fd5') in 0.022063 seconds 
========================================================================
Received Import Request.
  Time since last request: 6.012940 seconds.
  path: Assets/Scenes/Cenas jogo/Fases/Camada 2/Fase 2_9.unity
  artifactKey: Guid(a783816ade6bbda4f825344917ca00d3) Importer(815301076,1909f56bfc062723c751e8b465ee728b)
Start importing Assets/Scenes/Cenas jogo/Fases/Camada 2/Fase 2_9.unity using Guid(a783816ade6bbda4f825344917ca00d3) Importer(815301076,1909f56bfc062723c751e8b465ee728b)  -> (artifact id: '301163b6ee90662811d66eb5f8f52f99') in 0.013828 seconds 
========================================================================
Received Import Request.
  Time since last request: 50.372539 seconds.
  path: Assets/Scenes/Cenas jogo/Fases/Camada 1/Fase 1_2.unity
  artifactKey: Guid(96c687adfcae15044955572e28e2af77) Importer(815301076,1909f56bfc062723c751e8b465ee728b)
Start importing Assets/Scenes/Cenas jogo/Fases/Camada 1/Fase 1_2.unity using Guid(96c687adfcae15044955572e28e2af77) Importer(815301076,1909f56bfc062723c751e8b465ee728b)  -> (artifact id: '9f78c498e487362bf2f6ea533d80fd92') in 0.021166 seconds 
========================================================================
Received Import Request.
  Time since last request: 11.888521 seconds.
  path: Assets/Scenes/Cenas jogo/Fases/Camada 1/Fase 1_3.unity
  artifactKey: Guid(6f2b43686e6994845bf100b418fd613b) Importer(815301076,1909f56bfc062723c751e8b465ee728b)
Start importing Assets/Scenes/Cenas jogo/Fases/Camada 1/Fase 1_3.unity using Guid(6f2b43686e6994845bf100b418fd613b) Importer(815301076,1909f56bfc062723c751e8b465ee728b)  -> (artifact id: 'f646d9f64cf803e68f33d42a8a025695') in 0.016145 seconds 
========================================================================
Received Import Request.
  Time since last request: 7.825673 seconds.
  path: Assets/Scenes/Cenas jogo/Fases/Camada 1/Fase 1_4.unity
  artifactKey: Guid(d2387089fdba3334380511f02931a70d) Importer(815301076,1909f56bfc062723c751e8b465ee728b)
Start importing Assets/Scenes/Cenas jogo/Fases/Camada 1/Fase 1_4.unity using Guid(d2387089fdba3334380511f02931a70d) Importer(815301076,1909f56bfc062723c751e8b465ee728b)  -> (artifact id: 'e39022a633aa4ba8f821b9b674e79b0b') in 0.013437 seconds 
========================================================================
Received Import Request.
  Time since last request: 7.379030 seconds.
  path: Assets/Scenes/Cenas jogo/Fases/Camada 1/Fase 1_5.unity
  artifactKey: Guid(a16cf21e8b05d8c41a077a072470fdee) Importer(815301076,1909f56bfc062723c751e8b465ee728b)
Start importing Assets/Scenes/Cenas jogo/Fases/Camada 1/Fase 1_5.unity using Guid(a16cf21e8b05d8c41a077a072470fdee) Importer(815301076,1909f56bfc062723c751e8b465ee728b)  -> (artifact id: '0941b6207bd28b83b9972be9b69739de') in 0.044613 seconds 
========================================================================
Received Import Request.
  Time since last request: 8.612909 seconds.
  path: Assets/Scenes/Cenas jogo/Fases/Camada 1/Fase 1_6.unity
  artifactKey: Guid(e9911362437d9c5449a59d6434b298cd) Importer(815301076,1909f56bfc062723c751e8b465ee728b)
Start importing Assets/Scenes/Cenas jogo/Fases/Camada 1/Fase 1_6.unity using Guid(e9911362437d9c5449a59d6434b298cd) Importer(815301076,1909f56bfc062723c751e8b465ee728b)  -> (artifact id: '26b80ab88f61b91f7278ee21893b301c') in 0.022135 seconds 
========================================================================
Received Import Request.
  Time since last request: 6.102639 seconds.
  path: Assets/Scenes/Cenas jogo/Fases/Camada 1/Fase 1_7.unity
  artifactKey: Guid(eaac83cc05cab8d45a3b05e16268295f) Importer(815301076,1909f56bfc062723c751e8b465ee728b)
Start importing Assets/Scenes/Cenas jogo/Fases/Camada 1/Fase 1_7.unity using Guid(eaac83cc05cab8d45a3b05e16268295f) Importer(815301076,1909f56bfc062723c751e8b465ee728b)  -> (artifact id: '2aa8829e517ed87c526d37d8f1a83a39') in 0.014822 seconds 
========================================================================
Received Import Request.
  Time since last request: 10.311733 seconds.
  path: Assets/Scenes/Cenas jogo/Fases/Camada 1/Fase 1_8.unity
  artifactKey: Guid(3c522ad83d62e4949bd25a40d758851e) Importer(815301076,1909f56bfc062723c751e8b465ee728b)
Start importing Assets/Scenes/Cenas jogo/Fases/Camada 1/Fase 1_8.unity using Guid(3c522ad83d62e4949bd25a40d758851e) Importer(815301076,1909f56bfc062723c751e8b465ee728b)  -> (artifact id: 'd494c43ffc4efb8592f6650120398835') in 0.012879 seconds 
========================================================================
Received Import Request.
  Time since last request: 8.996706 seconds.
  path: Assets/Scenes/Cenas jogo/Fases/Camada 1/Fase 1_9.unity
  artifactKey: Guid(570233955157c9e4cbe682d2d9435672) Importer(815301076,1909f56bfc062723c751e8b465ee728b)
Start importing Assets/Scenes/Cenas jogo/Fases/Camada 1/Fase 1_9.unity using Guid(570233955157c9e4cbe682d2d9435672) Importer(815301076,1909f56bfc062723c751e8b465ee728b)  -> (artifact id: 'e826b74ee44cb88cbe6bcd473f9823f3') in 0.016658 seconds 
========================================================================
Received Import Request.
  Time since last request: 17.178273 seconds.
  path: Assets/Scenes/Cenas jogo/Fases/Camada 1/Fase 1_10.unity
  artifactKey: Guid(e4fae32402f42374e863cebb6dd5521e) Importer(815301076,1909f56bfc062723c751e8b465ee728b)
Start importing Assets/Scenes/Cenas jogo/Fases/Camada 1/Fase 1_10.unity using Guid(e4fae32402f42374e863cebb6dd5521e) Importer(815301076,1909f56bfc062723c751e8b465ee728b)  -> (artifact id: '3100ca8115ab16e7e6a0f77b60d3669a') in 0.018576 seconds 
========================================================================
Received Import Request.
  Time since last request: 158.381919 seconds.
  path: Assets/Sprites/Sele_Fases/Camada1.unity
  artifactKey: Guid(158dab86f59ce9940af3454899839db7) Importer(815301076,1909f56bfc062723c751e8b465ee728b)
Start importing Assets/Sprites/Sele_Fases/Camada1.unity using Guid(158dab86f59ce9940af3454899839db7) Importer(815301076,1909f56bfc062723c751e8b465ee728b)  -> (artifact id: '4ddd410564a97f533e76eed19b06e2bb') in 0.014420 seconds 
========================================================================
Received Import Request.
  Time since last request: 22.387193 seconds.
  path: Assets/Sprites/Sele_Fases/Camada2.unity
  artifactKey: Guid(18a514dd7c89c124c903793203e0a601) Importer(815301076,1909f56bfc062723c751e8b465ee728b)
Start importing Assets/Sprites/Sele_Fases/Camada2.unity using Guid(18a514dd7c89c124c903793203e0a601) Importer(815301076,1909f56bfc062723c751e8b465ee728b)  -> (artifact id: '4eba4138af801ceea2189ce6d433ef85') in 0.015649 seconds 
========================================================================
Received Import Request.
  Time since last request: 12.283508 seconds.
  path: Assets/Sprites/Sele_Fases/Camada3.unity
  artifactKey: Guid(6dd85ff978a90ec478fa8007efb15752) Importer(815301076,1909f56bfc062723c751e8b465ee728b)
Start importing Assets/Sprites/Sele_Fases/Camada3.unity using Guid(6dd85ff978a90ec478fa8007efb15752) Importer(815301076,1909f56bfc062723c751e8b465ee728b)  -> (artifact id: 'fdb465ed198fe751572ffbad3f55c7dd') in 0.014803 seconds 
========================================================================
Received Import Request.
  Time since last request: 22.498701 seconds.
  path: Assets/Sprites/Sele_Fases/Camada4.unity
  artifactKey: Guid(bf6ad28e43d479e46a9641f6bc6c77dc) Importer(815301076,1909f56bfc062723c751e8b465ee728b)
Start importing Assets/Sprites/Sele_Fases/Camada4.unity using Guid(bf6ad28e43d479e46a9641f6bc6c77dc) Importer(815301076,1909f56bfc062723c751e8b465ee728b)  -> (artifact id: '3dd7a2327d5f0ea8b7b549c7744e4bea') in 0.013041 seconds 
