Using pre-set license
Built from '2021.2/staging' branch; Version is '2021.2.8f1 (d0e5f0a7b06a) revision 13690352'; Using compiler version '192829333'; Build Type 'Release'
OS: 'Windows 11  (10.0.22000) 64bit Professional' Language: 'pt' Physical Memory: 16295 MB
BatchMode: 1, IsHumanControllingUs: 0, StartBugReporterOnCrash: 0, Is64bit: 1, IsPro: 0

COMMAND LINE ARGUMENTS:
D:\Unity\Hub\Editor\2021.2.8f1\Editor\Unity.exe
-adb2
-batchMode
-noUpm
-name
AssetImportWorker12
-projectPath
D:/Documents/GitHub/bubble/BubbleProject
-logFile
Logs/AssetImportWorker12.log
-srvPort
49976
Successfully changed project path to: D:/Documents/GitHub/bubble/BubbleProject
D:/Documents/GitHub/bubble/BubbleProject
[UnityMemory] Configuration Parameters - Can be set up in boot.config
    "memorysetup-bucket-allocator-granularity=16"
    "memorysetup-bucket-allocator-bucket-count=8"
    "memorysetup-bucket-allocator-block-size=33554432"
    "memorysetup-bucket-allocator-block-count=8"
    "memorysetup-main-allocator-block-size=16777216"
    "memorysetup-thread-allocator-block-size=16777216"
    "memorysetup-gfx-main-allocator-block-size=16777216"
    "memorysetup-gfx-thread-allocator-block-size=16777216"
    "memorysetup-cache-allocator-block-size=4194304"
    "memorysetup-typetree-allocator-block-size=2097152"
    "memorysetup-profiler-bucket-allocator-granularity=16"
    "memorysetup-profiler-bucket-allocator-bucket-count=8"
    "memorysetup-profiler-bucket-allocator-block-size=33554432"
    "memorysetup-profiler-bucket-allocator-block-count=8"
    "memorysetup-profiler-allocator-block-size=16777216"
    "memorysetup-profiler-editor-allocator-block-size=1048576"
    "memorysetup-temp-allocator-size-main=16777216"
    "memorysetup-job-temp-allocator-block-size=2097152"
    "memorysetup-job-temp-allocator-block-size-background=1048576"
    "memorysetup-job-temp-allocator-reduction-small-platforms=262144"
    "memorysetup-temp-allocator-size-background-worker=32768"
    "memorysetup-temp-allocator-size-job-worker=262144"
    "memorysetup-temp-allocator-size-preload-manager=33554432"
    "memorysetup-temp-allocator-size-nav-mesh-worker=65536"
    "memorysetup-temp-allocator-size-audio-worker=65536"
    "memorysetup-temp-allocator-size-cloud-worker=32768"
    "memorysetup-temp-allocator-size-gi-baking-worker=262144"
    "memorysetup-temp-allocator-size-gfx=262144"
Refreshing native plugins compatible for Editor in 75.01 ms, found 3 plugins.
Preloading 0 native plugins for Editor in 0.00 ms.
Initialize engine version: 2021.2.8f1 (d0e5f0a7b06a)
[Subsystems] Discovering subsystems at path D:/Unity/Hub/Editor/2021.2.8f1/Editor/Data/Resources/UnitySubsystems
[Subsystems] Discovering subsystems at path D:/Documents/GitHub/bubble/BubbleProject/Assets
GfxDevice: creating device client; threaded=0; jobified=0
Direct3D:
    Version:  Direct3D 11.0 [level 11.1]
    Renderer: NVIDIA GeForce GTX 1080 Ti (ID=0x1b06)
    Vendor:   NVIDIA
    VRAM:     11128 MB
    Driver:   30.0.15.1165
Initialize mono
Mono path[0] = 'D:/Unity/Hub/Editor/2021.2.8f1/Editor/Data/Managed'
Mono path[1] = 'D:/Unity/Hub/Editor/2021.2.8f1/Editor/Data/MonoBleedingEdge/lib/mono/unityjit-win32'
Mono config path = 'D:/Unity/Hub/Editor/2021.2.8f1/Editor/Data/MonoBleedingEdge/etc'
Using monoOptions --debugger-agent=transport=dt_socket,embedding=1,server=y,suspend=n,address=127.0.0.1:56664
Begin MonoManager ReloadAssembly
Registering precompiled unity dll's ...
Register platform support module: D:/Unity/Hub/Editor/2021.2.8f1/Editor/Data/PlaybackEngines/WebGLSupport/UnityEditor.WebGL.Extensions.dll
Register platform support module: D:/Unity/Hub/Editor/2021.2.8f1/Editor/Data/PlaybackEngines/MacStandaloneSupport/UnityEditor.OSXStandalone.Extensions.dll
Register platform support module: D:/Unity/Hub/Editor/2021.2.8f1/Editor/Data/PlaybackEngines/WindowsStandaloneSupport/UnityEditor.WindowsStandalone.Extensions.dll
Register platform support module: D:/Unity/Hub/Editor/2021.2.8f1/Editor/Data/PlaybackEngines/LinuxStandaloneSupport/UnityEditor.LinuxStandalone.Extensions.dll
Registered in 0.003778 seconds.
Native extension for LinuxStandalone target not found
Native extension for WindowsStandalone target not found
Native extension for OSXStandalone target not found
Native extension for WebGL target not found
Refreshing native plugins compatible for Editor in 115.00 ms, found 3 plugins.
Preloading 0 native plugins for Editor in 0.00 ms.
Mono: successfully reloaded assembly
- Completed reload, in  0.675 seconds
Domain Reload Profiling:
	ReloadAssembly (676ms)
		BeginReloadAssembly (78ms)
			ExecutionOrderSort (0ms)
			DisableScriptedObjects (0ms)
			BackupInstance (0ms)
			ReleaseScriptingObjects (0ms)
			CreateAndSetChildDomain (1ms)
		EndReloadAssembly (515ms)
			LoadAssemblies (77ms)
			RebuildTransferFunctionScriptingTraits (0ms)
			SetupTypeCache (146ms)
			ReleaseScriptCaches (0ms)
			RebuildScriptCaches (26ms)
			SetupLoadedEditorAssemblies (288ms)
				LogAssemblyErrors (0ms)
				InitializePlatformSupportModulesInManaged (19ms)
				SetLoadedEditorAssemblies (0ms)
				RefreshPlugins (115ms)
				BeforeProcessingInitializeOnLoad (1ms)
				ProcessInitializeOnLoadAttributes (109ms)
				ProcessInitializeOnLoadMethodAttributes (44ms)
				AfterProcessingInitializeOnLoad (0ms)
				EditorAssembliesLoaded (0ms)
			ExecutionOrderSort2 (0ms)
			AwakeInstancesAfterBackupRestoration (0ms)
Platform modules already initialized, skipping
Registering precompiled user dll's ...
Registered in 0.005056 seconds.
Begin MonoManager ReloadAssembly
Native extension for LinuxStandalone target not found
Native extension for WindowsStandalone target not found
Native extension for OSXStandalone target not found
Native extension for WebGL target not found
Refreshing native plugins compatible for Editor in 72.72 ms, found 3 plugins.
Preloading 0 native plugins for Editor in 0.00 ms.
Mono: successfully reloaded assembly
- Completed reload, in  5.983 seconds
Domain Reload Profiling:
	ReloadAssembly (5984ms)
		BeginReloadAssembly (104ms)
			ExecutionOrderSort (0ms)
			DisableScriptedObjects (5ms)
			BackupInstance (0ms)
			ReleaseScriptingObjects (0ms)
			CreateAndSetChildDomain (18ms)
		EndReloadAssembly (5650ms)
			LoadAssemblies (3497ms)
			RebuildTransferFunctionScriptingTraits (0ms)
			SetupTypeCache (232ms)
			ReleaseScriptCaches (1ms)
			RebuildScriptCaches (63ms)
			SetupLoadedEditorAssemblies (1827ms)
				LogAssemblyErrors (0ms)
				InitializePlatformSupportModulesInManaged (11ms)
				SetLoadedEditorAssemblies (0ms)
				RefreshPlugins (73ms)
				BeforeProcessingInitializeOnLoad (77ms)
				ProcessInitializeOnLoadAttributes (1490ms)
				ProcessInitializeOnLoadMethodAttributes (173ms)
				AfterProcessingInitializeOnLoad (2ms)
				EditorAssembliesLoaded (0ms)
			ExecutionOrderSort2 (0ms)
			AwakeInstancesAfterBackupRestoration (7ms)
Platform modules already initialized, skipping
========================================================================
Worker process is ready to serve import requests
Launched and connected shader compiler UnityShaderCompiler.exe after 2.04 seconds
Refreshing native plugins compatible for Editor in 0.90 ms, found 3 plugins.
Preloading 0 native plugins for Editor in 0.00 ms.
Unloading 4165 Unused Serialized files (Serialized files now loaded: 0)
Unloading 64 unused Assets / (0.6 MB). Loaded Objects now: 4611.
Memory consumption went from 188.8 MB to 188.2 MB.
Total: 4.261800 ms (FindLiveObjects: 0.329200 ms CreateObjectMapping: 0.277800 ms MarkObjects: 3.372000 ms  DeleteObjects: 0.281100 ms)

AssetImportParameters requested are different than current active one (requested -> active):
  custom:video-decoder-ogg-theora: a1e56fd34408186e4bbccfd4996cb3dc -> 
  custom:container-muxer-webm: aa71ff27fc2769a1b78a27578f13a17b -> 
  custom:container-demuxer-webm: 4f35f7cbe854078d1ac9338744f61a02 -> 
  custom:video-encoder-webm-vp8: eb34c28f22e8b96e1ab97ce403110664 -> 
  custom:audio-encoder-webm-vorbis: bf7c407c2cedff20999df2af8eb42d56 -> 
  custom:framework-win-MediaFoundation: 216162199b28c13a410421893ffa2e32 -> 
  custom:container-demuxer-ogg: 62fdf1f143b41e24485cea50d1cbac27 -> 
  custom:video-decoder-webm-vp8: 9c59270c3fd7afecdb556c50c9e8de78 -> 
  custom:audio-decoder-ogg-vorbis: bf7c407c2cedff20999df2af8eb42d56 -> 
========================================================================
Received Import Request.
  Time since last request: 10193.287912 seconds.
  path: Assets/Sprites/UI/MenuPrincipal/Menu.png
  artifactKey: Guid(22b13425e143a9246b542a574eacc4b7) Importer(815301076,1909f56bfc062723c751e8b465ee728b)
Start importing Assets/Sprites/UI/MenuPrincipal/Menu.png using Guid(22b13425e143a9246b542a574eacc4b7) Importer(815301076,1909f56bfc062723c751e8b465ee728b)  -> (artifact id: '088abc340098459891da36a3b005087f') in 0.511579 seconds 
========================================================================
Received Import Request.
  Time since last request: 0.000018 seconds.
  path: Assets/Sprites/UI/MenuPrincipal/Botão.png
  artifactKey: Guid(c420582328ddf3d43b032befe6d923cf) Importer(815301076,1909f56bfc062723c751e8b465ee728b)
Start importing Assets/Sprites/UI/MenuPrincipal/Botão.png using Guid(c420582328ddf3d43b032befe6d923cf) Importer(815301076,1909f56bfc062723c751e8b465ee728b)  -> (artifact id: '34867d1bf0f5a03849a36acbbb9c5587') in 0.023264 seconds 
========================================================================
Received Import Request.
  Time since last request: 277.629925 seconds.
  path: Assets/Sprites/UI/MenuPrincipal
  artifactKey: Guid(8c03a26c24c3fee46b05a4ff8f8fe71c) Importer(815301076,1909f56bfc062723c751e8b465ee728b)
Start importing Assets/Sprites/UI/MenuPrincipal using Guid(8c03a26c24c3fee46b05a4ff8f8fe71c) Importer(815301076,1909f56bfc062723c751e8b465ee728b)  -> (artifact id: '5177f2c06958efd27af0a3b09559d8ae') in 0.005888 seconds 
========================================================================
Received Import Request.
  Time since last request: 8.196180 seconds.
  path: Assets/Sprites/UI/Icone
  artifactKey: Guid(200910b25caa4c64394302f6f59cef71) Importer(815301076,1909f56bfc062723c751e8b465ee728b)
Start importing Assets/Sprites/UI/Icone using Guid(200910b25caa4c64394302f6f59cef71) Importer(815301076,1909f56bfc062723c751e8b465ee728b)  -> (artifact id: '9f74a878eaa7fd61b8b13226e7a923ec') in 0.026074 seconds 
========================================================================
Received Import Request.
  Time since last request: 15.043616 seconds.
  path: Assets/Sprites/Cenarios
  artifactKey: Guid(31b3c2993bf01ff48b145813b9f31923) Importer(815301076,1909f56bfc062723c751e8b465ee728b)
Start importing Assets/Sprites/Cenarios using Guid(31b3c2993bf01ff48b145813b9f31923) Importer(815301076,1909f56bfc062723c751e8b465ee728b)  -> (artifact id: '268694b0f23c51298ae7cd5b14714371') in 0.020003 seconds 
========================================================================
Received Import Request.
  Time since last request: 9.901191 seconds.
  path: Assets/Sprites/Cenarios/Rede e baú
  artifactKey: Guid(e6e7d5151355ffb4cb34657e3bb39d5d) Importer(815301076,1909f56bfc062723c751e8b465ee728b)
Start importing Assets/Sprites/Cenarios/Rede e baú using Guid(e6e7d5151355ffb4cb34657e3bb39d5d) Importer(815301076,1909f56bfc062723c751e8b465ee728b)  -> (artifact id: '75c5f8f18a44d181d0245284b55bc383') in 0.006767 seconds 
========================================================================
Received Import Request.
  Time since last request: 90.251034 seconds.
  path: Assets/Scenes/Cenas jogo/Inicio.unity
  artifactKey: Guid(319a34a0b9ec4954a97b77abb015efe3) Importer(815301076,1909f56bfc062723c751e8b465ee728b)
Start importing Assets/Scenes/Cenas jogo/Inicio.unity using Guid(319a34a0b9ec4954a97b77abb015efe3) Importer(815301076,1909f56bfc062723c751e8b465ee728b)  -> (artifact id: '95c1767d3150898970c3b8e05dd688f3') in 0.018432 seconds 
========================================================================
Received Import Request.
  Time since last request: 57.553267 seconds.
  path: Assets/Scenes/Cenas jogo/Menu/Menu.unity
  artifactKey: Guid(7301cd1eb39c12a499daa558a07f6f94) Importer(815301076,1909f56bfc062723c751e8b465ee728b)
Start importing Assets/Scenes/Cenas jogo/Menu/Menu.unity using Guid(7301cd1eb39c12a499daa558a07f6f94) Importer(815301076,1909f56bfc062723c751e8b465ee728b)  -> (artifact id: '1fe78651ff80f380838188c5f3bb6f8c') in 0.008322 seconds 
========================================================================
Received Import Request.
  Time since last request: 33.109064 seconds.
  path: Assets/Sprites/Cenarios/Fundos
  artifactKey: Guid(11950671203a57c4095ee0cd08adae6f) Importer(815301076,1909f56bfc062723c751e8b465ee728b)
Start importing Assets/Sprites/Cenarios/Fundos using Guid(11950671203a57c4095ee0cd08adae6f) Importer(815301076,1909f56bfc062723c751e8b465ee728b)  -> (artifact id: '0d0e515539fe643795b90fe623a1bcc2') in 0.019203 seconds 
========================================================================
Received Import Request.
  Time since last request: 7.516754 seconds.
  path: Assets/Sprites/Cenarios/Fase inicial
  artifactKey: Guid(b437329affc87944688658b52081ec11) Importer(815301076,1909f56bfc062723c751e8b465ee728b)
Start importing Assets/Sprites/Cenarios/Fase inicial using Guid(b437329affc87944688658b52081ec11) Importer(815301076,1909f56bfc062723c751e8b465ee728b)  -> (artifact id: '6293d4f23506648c6bcd5ddcf3b29623') in 0.010573 seconds 
========================================================================
Received Import Request.
  Time since last request: 130.203286 seconds.
  path: Assets/Prefabs/Coisas que não sei/material0.mat
  artifactKey: Guid(1e6fbff84d8c55a449b45d71cad0cf67) Importer(815301076,1909f56bfc062723c751e8b465ee728b)
Start importing Assets/Prefabs/Coisas que não sei/material0.mat using Guid(1e6fbff84d8c55a449b45d71cad0cf67) Importer(815301076,1909f56bfc062723c751e8b465ee728b)  -> (artifact id: '20c794fa2b75c3b2a5602f09c0be7f37') in 2.190055 seconds 
========================================================================
Received Import Request.
  Time since last request: 0.000021 seconds.
  path: Assets/Scripts/Shaders/New Material.mat
  artifactKey: Guid(385dafba5d23d9d48a6dcd8a560f6a65) Importer(815301076,1909f56bfc062723c751e8b465ee728b)
Start importing Assets/Scripts/Shaders/New Material.mat using Guid(385dafba5d23d9d48a6dcd8a560f6a65) Importer(815301076,1909f56bfc062723c751e8b465ee728b)  -> (artifact id: '441064afaeb11f60be1a99524ab3f91e') in 0.198758 seconds 
========================================================================
Received Import Request.
  Time since last request: 832.823341 seconds.
  path: Packages/com.unity.render-pipelines.universal/Runtime/Materials/Sprite-Lit-Default.mat
  artifactKey: Guid(a97c105638bdf8b4a8650670310a4cd3) Importer(815301076,1909f56bfc062723c751e8b465ee728b)
Start importing Packages/com.unity.render-pipelines.universal/Runtime/Materials/Sprite-Lit-Default.mat using Guid(a97c105638bdf8b4a8650670310a4cd3) Importer(815301076,1909f56bfc062723c751e8b465ee728b)  -> (artifact id: '39d71774de684bf55ef443a6a4bc06ba') in 0.145417 seconds 
========================================================================
Received Prepare
Refreshing native plugins compatible for Editor in 582.81 ms, found 3 plugins.
Preloading 0 native plugins for Editor in 0.00 ms.
Unloading 40 Unused Serialized files (Serialized files now loaded: 0)
Unloading 39 unused Assets / (0.6 MB). Loaded Objects now: 4725.
Memory consumption went from 104.1 MB to 103.5 MB.
Total: 4.952900 ms (FindLiveObjects: 0.440400 ms CreateObjectMapping: 0.305100 ms MarkObjects: 3.943900 ms  DeleteObjects: 0.261900 ms)

AssetImportParameters requested are different than current active one (requested -> active):
  custom:video-decoder-ogg-theora: a1e56fd34408186e4bbccfd4996cb3dc -> 
  custom:container-muxer-webm: aa71ff27fc2769a1b78a27578f13a17b -> 
  custom:container-demuxer-webm: 4f35f7cbe854078d1ac9338744f61a02 -> 
  custom:video-encoder-webm-vp8: eb34c28f22e8b96e1ab97ce403110664 -> 
  custom:audio-encoder-webm-vorbis: bf7c407c2cedff20999df2af8eb42d56 -> 
  custom:framework-win-MediaFoundation: 216162199b28c13a410421893ffa2e32 -> 
  custom:container-demuxer-ogg: 62fdf1f143b41e24485cea50d1cbac27 -> 
  custom:video-decoder-webm-vp8: 9c59270c3fd7afecdb556c50c9e8de78 -> 
  custom:audio-decoder-ogg-vorbis: bf7c407c2cedff20999df2af8eb42d56 -> 
========================================================================
Received Prepare
Registering precompiled user dll's ...
Registered in 0.004710 seconds.
Begin MonoManager ReloadAssembly
Native extension for LinuxStandalone target not found
Native extension for WindowsStandalone target not found
Native extension for OSXStandalone target not found
Native extension for WebGL target not found
Refreshing native plugins compatible for Editor in 1.00 ms, found 3 plugins.
Preloading 0 native plugins for Editor in 0.00 ms.
Mono: successfully reloaded assembly
- Completed reload, in  1.707 seconds
Domain Reload Profiling:
	ReloadAssembly (1708ms)
		BeginReloadAssembly (213ms)
			ExecutionOrderSort (0ms)
			DisableScriptedObjects (12ms)
			BackupInstance (0ms)
			ReleaseScriptingObjects (0ms)
			CreateAndSetChildDomain (91ms)
		EndReloadAssembly (1411ms)
			LoadAssemblies (107ms)
			RebuildTransferFunctionScriptingTraits (0ms)
			SetupTypeCache (244ms)
			ReleaseScriptCaches (2ms)
			RebuildScriptCaches (63ms)
			SetupLoadedEditorAssemblies (552ms)
				LogAssemblyErrors (0ms)
				InitializePlatformSupportModulesInManaged (12ms)
				SetLoadedEditorAssemblies (0ms)
				RefreshPlugins (1ms)
				BeforeProcessingInitializeOnLoad (90ms)
				ProcessInitializeOnLoadAttributes (370ms)
				ProcessInitializeOnLoadMethodAttributes (76ms)
				AfterProcessingInitializeOnLoad (2ms)
				EditorAssembliesLoaded (0ms)
			ExecutionOrderSort2 (0ms)
			AwakeInstancesAfterBackupRestoration (16ms)
Platform modules already initialized, skipping
Switching build target platform(19) subTarget(0) extendedPlatform(0) -> platform(13) subTarget(0) extendedPlatform(0)
Refreshing native plugins compatible for Editor in 0.96 ms, found 3 plugins.
Preloading 0 native plugins for Editor in 0.00 ms.
Unloading 4009 Unused Serialized files (Serialized files now loaded: 0)
Unloading 50 unused Assets / (249.8 KB). Loaded Objects now: 4746.
Memory consumption went from 190.2 MB to 190.0 MB.
Total: 3.409900 ms (FindLiveObjects: 0.350200 ms CreateObjectMapping: 0.277100 ms MarkObjects: 2.713100 ms  DeleteObjects: 0.068000 ms)

AssetImportParameters requested are different than current active one (requested -> active):
  custom:video-decoder-ogg-theora: a1e56fd34408186e4bbccfd4996cb3dc -> 
  custom:container-muxer-webm: aa71ff27fc2769a1b78a27578f13a17b -> 
  custom:container-demuxer-webm: 4f35f7cbe854078d1ac9338744f61a02 -> 
  custom:video-encoder-webm-vp8: eb34c28f22e8b96e1ab97ce403110664 -> 
  custom:graphics/normal-map-encoding: 02000000000000000000000000000000 -> 01000000000000000000000000000000
  custom:audio-encoder-webm-vorbis: bf7c407c2cedff20999df2af8eb42d56 -> 
  custom:framework-win-MediaFoundation: 216162199b28c13a410421893ffa2e32 -> 
  custom:container-demuxer-ogg: 62fdf1f143b41e24485cea50d1cbac27 -> 
  custom:video-decoder-webm-vp8: 9c59270c3fd7afecdb556c50c9e8de78 -> 
  custom:audio-decoder-ogg-vorbis: bf7c407c2cedff20999df2af8eb42d56 -> 
========================================================================
Received Import Request.
  Time since last request: 796.486233 seconds.
  path: Assets/Materiais Fisicos/bolhaFisica.physicsMaterial2D
  artifactKey: Guid(ebe5f91483df89e40ada95766aa2e851) Importer(815301076,1909f56bfc062723c751e8b465ee728b)
Start importing Assets/Materiais Fisicos/bolhaFisica.physicsMaterial2D using Guid(ebe5f91483df89e40ada95766aa2e851) Importer(815301076,1909f56bfc062723c751e8b465ee728b)  -> (artifact id: '85634d8968697c13441b5b70e00d41e5') in 0.139613 seconds 
========================================================================
Received Import Request.
  Time since last request: 0.000021 seconds.
  path: Assets/Materiais Fisicos/boucinesudo.physicsMaterial2D
  artifactKey: Guid(83a4e2721d6462448ba54cf2cc9e028c) Importer(815301076,1909f56bfc062723c751e8b465ee728b)
Start importing Assets/Materiais Fisicos/boucinesudo.physicsMaterial2D using Guid(83a4e2721d6462448ba54cf2cc9e028c) Importer(815301076,1909f56bfc062723c751e8b465ee728b)  -> (artifact id: '2017a0975b277326f43a9831eb2396aa') in 0.012810 seconds 
========================================================================
Received Import Request.
  Time since last request: 13.853424 seconds.
  path: Assets/Prefabs/UI/Vitória
  artifactKey: Guid(e2e1a936e07fb1e45bfa7c6f9b39080e) Importer(815301076,1909f56bfc062723c751e8b465ee728b)
Start importing Assets/Prefabs/UI/Vitória using Guid(e2e1a936e07fb1e45bfa7c6f9b39080e) Importer(815301076,1909f56bfc062723c751e8b465ee728b)  -> (artifact id: 'd6d942d9e7ed3c04cbf4676f58367040') in 0.007213 seconds 
========================================================================
Received Import Request.
  Time since last request: 0.000028 seconds.
  path: Assets/Prefabs/UI/Vitória/Win.prefab
  artifactKey: Guid(6d3cef390461bf14d9a67c57eca0e99a) Importer(815301076,1909f56bfc062723c751e8b465ee728b)
Start importing Assets/Prefabs/UI/Vitória/Win.prefab using Guid(6d3cef390461bf14d9a67c57eca0e99a) Importer(815301076,1909f56bfc062723c751e8b465ee728b)  -> (artifact id: '68960ead39440281d478ba8ff0aa6214') in 1.734537 seconds 
========================================================================
Received Import Request.
  Time since last request: 28.131381 seconds.
  path: Assets/Prefabs/UI/Vitória/Win.prefab
  artifactKey: Guid(6d3cef390461bf14d9a67c57eca0e99a) Importer(815301076,1909f56bfc062723c751e8b465ee728b)
Start importing Assets/Prefabs/UI/Vitória/Win.prefab using Guid(6d3cef390461bf14d9a67c57eca0e99a) Importer(815301076,1909f56bfc062723c751e8b465ee728b)  -> (artifact id: '8e103c5ca67cceef25472f563267803f') in 0.022559 seconds 
========================================================================
Received Import Request.
  Time since last request: 27.050851 seconds.
  path: Assets/Scenes/Cenas jogo/Fases/Camada 1/Fase 1_1.unity
  artifactKey: Guid(c413acb4d97e89b48a4bdbafc084cefe) Importer(815301076,1909f56bfc062723c751e8b465ee728b)
Start importing Assets/Scenes/Cenas jogo/Fases/Camada 1/Fase 1_1.unity using Guid(c413acb4d97e89b48a4bdbafc084cefe) Importer(815301076,1909f56bfc062723c751e8b465ee728b)  -> (artifact id: '68a3a20880a2c5fa34f819f7df2e7e83') in 0.006378 seconds 
========================================================================
Received Import Request.
  Time since last request: 54.522881 seconds.
  path: Assets/Sprites/UI/InGame/Win/Continuar.png
  artifactKey: Guid(8c97121d521e9d74e81b49e9af8994d2) Importer(815301076,1909f56bfc062723c751e8b465ee728b)
Start importing Assets/Sprites/UI/InGame/Win/Continuar.png using Guid(8c97121d521e9d74e81b49e9af8994d2) Importer(815301076,1909f56bfc062723c751e8b465ee728b)  -> (artifact id: 'c96c1959951e9ea7b971fe24f102f33a') in 0.087924 seconds 
========================================================================
Received Import Request.
  Time since last request: 0.000021 seconds.
  path: Assets/Sprites/UI/InGame/Win/Reiniciar.png
  artifactKey: Guid(ff03318faf6c25e468f8d6e51a88cc4b) Importer(815301076,1909f56bfc062723c751e8b465ee728b)
Start importing Assets/Sprites/UI/InGame/Win/Reiniciar.png using Guid(ff03318faf6c25e468f8d6e51a88cc4b) Importer(815301076,1909f56bfc062723c751e8b465ee728b)  -> (artifact id: '572dc1bc8e581ba48fba43280caf1730') in 0.057968 seconds 
========================================================================
Received Import Request.
  Time since last request: 0.000026 seconds.
  path: Assets/Sprites/UI/InGame/Win/Fundo.png
  artifactKey: Guid(f3cbf962482ac3f499a34d8815b5fb59) Importer(815301076,1909f56bfc062723c751e8b465ee728b)
Start importing Assets/Sprites/UI/InGame/Win/Fundo.png using Guid(f3cbf962482ac3f499a34d8815b5fb59) Importer(815301076,1909f56bfc062723c751e8b465ee728b)  -> (artifact id: 'cd8670a2a3dd82e7a5e9f7081ff3a79d') in 0.072797 seconds 
========================================================================
Received Import Request.
  Time since last request: 84.165356 seconds.
  path: Assets/Sprites/UI/InGame/Lost/Fundo Arte.png
  artifactKey: Guid(8753f1c7108ffa243b8f602f3c3d4fc4) Importer(815301076,1909f56bfc062723c751e8b465ee728b)
Start importing Assets/Sprites/UI/InGame/Lost/Fundo Arte.png using Guid(8753f1c7108ffa243b8f602f3c3d4fc4) Importer(815301076,1909f56bfc062723c751e8b465ee728b)  -> (artifact id: 'ebf54b9dfe3429fb94afd71e667aa8a0') in 0.057900 seconds 
========================================================================
Received Import Request.
  Time since last request: 0.000020 seconds.
  path: Assets/Sprites/UI/InGame/Lost/Fundo.png
  artifactKey: Guid(3db6bba571382694cb1575bae327618a) Importer(815301076,1909f56bfc062723c751e8b465ee728b)
Start importing Assets/Sprites/UI/InGame/Lost/Fundo.png using Guid(3db6bba571382694cb1575bae327618a) Importer(815301076,1909f56bfc062723c751e8b465ee728b)  -> (artifact id: 'd3f875787b11423a20b14d8ee5961946') in 0.053050 seconds 
========================================================================
Received Prepare
Refreshing native plugins compatible for Editor in 24.81 ms, found 3 plugins.
Preloading 0 native plugins for Editor in 0.00 ms.
Unloading 37 Unused Serialized files (Serialized files now loaded: 0)
Unloading 36 unused Assets / (247.1 KB). Loaded Objects now: 4758.
Memory consumption went from 109.8 MB to 109.5 MB.
Total: 4.308900 ms (FindLiveObjects: 0.312600 ms CreateObjectMapping: 0.264600 ms MarkObjects: 3.669700 ms  DeleteObjects: 0.061000 ms)

AssetImportParameters requested are different than current active one (requested -> active):
  custom:video-decoder-ogg-theora: a1e56fd34408186e4bbccfd4996cb3dc -> 
  custom:container-muxer-webm: aa71ff27fc2769a1b78a27578f13a17b -> 
  custom:container-demuxer-webm: 4f35f7cbe854078d1ac9338744f61a02 -> 
  custom:video-encoder-webm-vp8: eb34c28f22e8b96e1ab97ce403110664 -> 
  custom:audio-encoder-webm-vorbis: bf7c407c2cedff20999df2af8eb42d56 -> 
  custom:framework-win-MediaFoundation: 216162199b28c13a410421893ffa2e32 -> 
  custom:container-demuxer-ogg: 62fdf1f143b41e24485cea50d1cbac27 -> 
  custom:video-decoder-webm-vp8: 9c59270c3fd7afecdb556c50c9e8de78 -> 
  custom:audio-decoder-ogg-vorbis: bf7c407c2cedff20999df2af8eb42d56 -> 
========================================================================
Received Prepare
Registering precompiled user dll's ...
Registered in 0.004655 seconds.
Begin MonoManager ReloadAssembly
Native extension for LinuxStandalone target not found
Native extension for WindowsStandalone target not found
Native extension for OSXStandalone target not found
Native extension for WebGL target not found
Refreshing native plugins compatible for Editor in 1.20 ms, found 3 plugins.
Preloading 0 native plugins for Editor in 0.00 ms.
Mono: successfully reloaded assembly
- Completed reload, in  1.286 seconds
Domain Reload Profiling:
	ReloadAssembly (1287ms)
		BeginReloadAssembly (141ms)
			ExecutionOrderSort (0ms)
			DisableScriptedObjects (6ms)
			BackupInstance (0ms)
			ReleaseScriptingObjects (0ms)
			CreateAndSetChildDomain (34ms)
		EndReloadAssembly (1064ms)
			LoadAssemblies (95ms)
			RebuildTransferFunctionScriptingTraits (0ms)
			SetupTypeCache (236ms)
			ReleaseScriptCaches (2ms)
			RebuildScriptCaches (69ms)
			SetupLoadedEditorAssemblies (549ms)
				LogAssemblyErrors (0ms)
				InitializePlatformSupportModulesInManaged (12ms)
				SetLoadedEditorAssemblies (0ms)
				RefreshPlugins (1ms)
				BeforeProcessingInitializeOnLoad (92ms)
				ProcessInitializeOnLoadAttributes (357ms)
				ProcessInitializeOnLoadMethodAttributes (84ms)
				AfterProcessingInitializeOnLoad (2ms)
				EditorAssembliesLoaded (0ms)
			ExecutionOrderSort2 (0ms)
			AwakeInstancesAfterBackupRestoration (23ms)
Platform modules already initialized, skipping
Switching build target platform(19) subTarget(0) extendedPlatform(0) -> platform(13) subTarget(0) extendedPlatform(0)
Refreshing native plugins compatible for Editor in 0.81 ms, found 3 plugins.
Preloading 0 native plugins for Editor in 0.00 ms.
Unloading 4001 Unused Serialized files (Serialized files now loaded: 0)
Unloading 50 unused Assets / (249.8 KB). Loaded Objects now: 4829.
Memory consumption went from 201.9 MB to 201.7 MB.
Total: 3.230300 ms (FindLiveObjects: 0.384000 ms CreateObjectMapping: 0.277400 ms MarkObjects: 2.508300 ms  DeleteObjects: 0.059800 ms)

AssetImportParameters requested are different than current active one (requested -> active):
  custom:video-decoder-ogg-theora: a1e56fd34408186e4bbccfd4996cb3dc -> 
  custom:container-muxer-webm: aa71ff27fc2769a1b78a27578f13a17b -> 
  custom:container-demuxer-webm: 4f35f7cbe854078d1ac9338744f61a02 -> 
  custom:video-encoder-webm-vp8: eb34c28f22e8b96e1ab97ce403110664 -> 
  custom:graphics/normal-map-encoding: 02000000000000000000000000000000 -> 01000000000000000000000000000000
  custom:audio-encoder-webm-vorbis: bf7c407c2cedff20999df2af8eb42d56 -> 
  custom:framework-win-MediaFoundation: 216162199b28c13a410421893ffa2e32 -> 
  custom:container-demuxer-ogg: 62fdf1f143b41e24485cea50d1cbac27 -> 
  custom:video-decoder-webm-vp8: 9c59270c3fd7afecdb556c50c9e8de78 -> 
  custom:audio-decoder-ogg-vorbis: bf7c407c2cedff20999df2af8eb42d56 -> 
