Using pre-set license
Built from '2021.2/staging' branch; Version is '2021.2.8f1 (d0e5f0a7b06a) revision 13690352'; Using compiler version '192829333'; Build Type 'Release'
OS: 'Windows 10  (10.0.19043) 64bit CoreSingleLanguage' Language: 'pt' Physical Memory: 8066 MB
BatchMode: 1, IsHumanControllingUs: 0, StartBugReporterOnCrash: 0, Is64bit: 1, IsPro: 0

COMMAND LINE ARGUMENTS:
C:\Program Files\Unity\Hub\Editor\2021.2.8f1\Editor\Unity.exe
-adb2
-batchMode
-noUpm
-name
AssetImportWorker0
-projectPath
C:/Users/Marina/Bubble/bubble/BubbleProject
-logFile
Logs/AssetImportWorker0.log
-srvPort
61995
Successfully changed project path to: C:/Users/Marina/Bubble/bubble/BubbleProject
C:/Users/Marina/Bubble/bubble/BubbleProject
[UnityMemory] Configuration Parameters - Can be set up in boot.config
    "memorysetup-bucket-allocator-granularity=16"
    "memorysetup-bucket-allocator-bucket-count=8"
    "memorysetup-bucket-allocator-block-size=33554432"
    "memorysetup-bucket-allocator-block-count=8"
    "memorysetup-main-allocator-block-size=16777216"
    "memorysetup-thread-allocator-block-size=16777216"
    "memorysetup-gfx-main-allocator-block-size=16777216"
    "memorysetup-gfx-thread-allocator-block-size=16777216"
    "memorysetup-cache-allocator-block-size=4194304"
    "memorysetup-typetree-allocator-block-size=2097152"
    "memorysetup-profiler-bucket-allocator-granularity=16"
    "memorysetup-profiler-bucket-allocator-bucket-count=8"
    "memorysetup-profiler-bucket-allocator-block-size=33554432"
    "memorysetup-profiler-bucket-allocator-block-count=8"
    "memorysetup-profiler-allocator-block-size=16777216"
    "memorysetup-profiler-editor-allocator-block-size=1048576"
    "memorysetup-temp-allocator-size-main=16777216"
    "memorysetup-job-temp-allocator-block-size=2097152"
    "memorysetup-job-temp-allocator-block-size-background=1048576"
    "memorysetup-job-temp-allocator-reduction-small-platforms=262144"
    "memorysetup-temp-allocator-size-background-worker=32768"
    "memorysetup-temp-allocator-size-job-worker=262144"
    "memorysetup-temp-allocator-size-preload-manager=33554432"
    "memorysetup-temp-allocator-size-nav-mesh-worker=65536"
    "memorysetup-temp-allocator-size-audio-worker=65536"
    "memorysetup-temp-allocator-size-cloud-worker=32768"
    "memorysetup-temp-allocator-size-gi-baking-worker=262144"
    "memorysetup-temp-allocator-size-gfx=262144"
Refreshing native plugins compatible for Editor in 106.38 ms, found 3 plugins.
Preloading 0 native plugins for Editor in 0.00 ms.
Initialize engine version: 2021.2.8f1 (d0e5f0a7b06a)
[Subsystems] Discovering subsystems at path C:/Program Files/Unity/Hub/Editor/2021.2.8f1/Editor/Data/Resources/UnitySubsystems
[Subsystems] Discovering subsystems at path C:/Users/Marina/Bubble/bubble/BubbleProject/Assets
GfxDevice: creating device client; threaded=0; jobified=0
Direct3D:
    Version:  Direct3D 11.0 [level 11.0]
    Renderer: NVIDIA GeForce 940MX (ID=0x134d)
    Vendor:   NVIDIA
    VRAM:     2010 MB
    Driver:   25.21.14.1788
Initialize mono
Mono path[0] = 'C:/Program Files/Unity/Hub/Editor/2021.2.8f1/Editor/Data/Managed'
Mono path[1] = 'C:/Program Files/Unity/Hub/Editor/2021.2.8f1/Editor/Data/MonoBleedingEdge/lib/mono/unityjit-win32'
Mono config path = 'C:/Program Files/Unity/Hub/Editor/2021.2.8f1/Editor/Data/MonoBleedingEdge/etc'
Using monoOptions --debugger-agent=transport=dt_socket,embedding=1,server=y,suspend=n,address=127.0.0.1:56644
Begin MonoManager ReloadAssembly
Registering precompiled unity dll's ...
Register platform support module: C:/Program Files/Unity/Hub/Editor/2021.2.8f1/Editor/Data/PlaybackEngines/WindowsStandaloneSupport/UnityEditor.WindowsStandalone.Extensions.dll
Registered in 0.010873 seconds.
Native extension for WindowsStandalone target not found
Refreshing native plugins compatible for Editor in 110.68 ms, found 3 plugins.
Preloading 0 native plugins for Editor in 0.00 ms.
Mono: successfully reloaded assembly
- Completed reload, in  0.891 seconds
Domain Reload Profiling:
	ReloadAssembly (891ms)
		BeginReloadAssembly (112ms)
			ExecutionOrderSort (0ms)
			DisableScriptedObjects (0ms)
			BackupInstance (0ms)
			ReleaseScriptingObjects (0ms)
			CreateAndSetChildDomain (1ms)
		EndReloadAssembly (658ms)
			LoadAssemblies (109ms)
			RebuildTransferFunctionScriptingTraits (0ms)
			SetupTypeCache (162ms)
			ReleaseScriptCaches (0ms)
			RebuildScriptCaches (35ms)
			SetupLoadedEditorAssemblies (386ms)
				LogAssemblyErrors (0ms)
				InitializePlatformSupportModulesInManaged (23ms)
				SetLoadedEditorAssemblies (1ms)
				RefreshPlugins (111ms)
				BeforeProcessingInitializeOnLoad (1ms)
				ProcessInitializeOnLoadAttributes (193ms)
				ProcessInitializeOnLoadMethodAttributes (57ms)
				AfterProcessingInitializeOnLoad (0ms)
				EditorAssembliesLoaded (0ms)
			ExecutionOrderSort2 (0ms)
			AwakeInstancesAfterBackupRestoration (0ms)
Platform modules already initialized, skipping
Registering precompiled user dll's ...
Registered in 0.009030 seconds.
Begin MonoManager ReloadAssembly
Native extension for WindowsStandalone target not found
Refreshing native plugins compatible for Editor in 95.72 ms, found 3 plugins.
Preloading 0 native plugins for Editor in 0.00 ms.
Mono: successfully reloaded assembly
- Completed reload, in  2.450 seconds
Domain Reload Profiling:
	ReloadAssembly (2450ms)
		BeginReloadAssembly (145ms)
			ExecutionOrderSort (0ms)
			DisableScriptedObjects (7ms)
			BackupInstance (0ms)
			ReleaseScriptingObjects (0ms)
			CreateAndSetChildDomain (25ms)
		EndReloadAssembly (2166ms)
			LoadAssemblies (115ms)
			RebuildTransferFunctionScriptingTraits (0ms)
			SetupTypeCache (458ms)
			ReleaseScriptCaches (1ms)
			RebuildScriptCaches (118ms)
			SetupLoadedEditorAssemblies (1396ms)
				LogAssemblyErrors (0ms)
				InitializePlatformSupportModulesInManaged (16ms)
				SetLoadedEditorAssemblies (0ms)
				RefreshPlugins (96ms)
				BeforeProcessingInitializeOnLoad (132ms)
				ProcessInitializeOnLoadAttributes (1022ms)
				ProcessInitializeOnLoadMethodAttributes (121ms)
				AfterProcessingInitializeOnLoad (10ms)
				EditorAssembliesLoaded (0ms)
			ExecutionOrderSort2 (0ms)
			AwakeInstancesAfterBackupRestoration (8ms)
Platform modules already initialized, skipping
========================================================================
Worker process is ready to serve import requests
Launched and connected shader compiler UnityShaderCompiler.exe after 0.22 seconds
Refreshing native plugins compatible for Editor in 2.18 ms, found 3 plugins.
Preloading 0 native plugins for Editor in 0.00 ms.
Unloading 4169 Unused Serialized files (Serialized files now loaded: 0)
Unloading 64 unused Assets / (0.6 MB). Loaded Objects now: 4607.
Memory consumption went from 187.3 MB to 186.7 MB.
Total: 6.118800 ms (FindLiveObjects: 0.465800 ms CreateObjectMapping: 0.576600 ms MarkObjects: 4.700700 ms  DeleteObjects: 0.373800 ms)

AssetImportParameters requested are different than current active one (requested -> active):
  custom:video-decoder-ogg-theora: a1e56fd34408186e4bbccfd4996cb3dc -> 
  custom:container-muxer-webm: aa71ff27fc2769a1b78a27578f13a17b -> 
  custom:container-demuxer-webm: 4f35f7cbe854078d1ac9338744f61a02 -> 
  custom:video-encoder-webm-vp8: eb34c28f22e8b96e1ab97ce403110664 -> 
  custom:audio-encoder-webm-vorbis: bf7c407c2cedff20999df2af8eb42d56 -> 
  custom:framework-win-MediaFoundation: 216162199b28c13a410421893ffa2e32 -> 
  custom:container-demuxer-ogg: 62fdf1f143b41e24485cea50d1cbac27 -> 
  custom:video-decoder-webm-vp8: 9c59270c3fd7afecdb556c50c9e8de78 -> 
  custom:audio-decoder-ogg-vorbis: bf7c407c2cedff20999df2af8eb42d56 -> 
========================================================================
Received Import Request.
  Time since last request: 540235.547702 seconds.
  path: Assets/Scenes/Cenas jogo/Fases/Camada 4/Fase 4_1.unity
  artifactKey: Guid(785e691784a92c1498460047e8f63b1b) Importer(815301076,1909f56bfc062723c751e8b465ee728b)
Start importing Assets/Scenes/Cenas jogo/Fases/Camada 4/Fase 4_1.unity using Guid(785e691784a92c1498460047e8f63b1b) Importer(815301076,1909f56bfc062723c751e8b465ee728b)  -> (artifact id: '2013d098357bc144c790a9e2f297c674') in 0.032082 seconds 
========================================================================
Received Import Request.
  Time since last request: 0.000026 seconds.
  path: Assets/Scenes/Cenas jogo/Fases/Camada 4
  artifactKey: Guid(a94c4ed5e515f534081e27b9f4ac8ef9) Importer(815301076,1909f56bfc062723c751e8b465ee728b)
Start importing Assets/Scenes/Cenas jogo/Fases/Camada 4 using Guid(a94c4ed5e515f534081e27b9f4ac8ef9) Importer(815301076,1909f56bfc062723c751e8b465ee728b)  -> (artifact id: '3cab2f2e6ba50cca584b7720b12c2daa') in 0.009650 seconds 
========================================================================
Received Import Request.
  Time since last request: 59.242402 seconds.
  path: Assets/Scenes/Cenas jogo/Fases/Camada 4/Fase 4_2.unity
  artifactKey: Guid(9b8600388b0a86341b534e7283281d72) Importer(815301076,1909f56bfc062723c751e8b465ee728b)
Start importing Assets/Scenes/Cenas jogo/Fases/Camada 4/Fase 4_2.unity using Guid(9b8600388b0a86341b534e7283281d72) Importer(815301076,1909f56bfc062723c751e8b465ee728b)  -> (artifact id: 'bbed9923e62654d6dfecc445bdc4ed2a') in 0.012169 seconds 
========================================================================
Received Import Request.
  Time since last request: 57.556765 seconds.
  path: Assets/Scenes/Cenas jogo/Fases/Camada 4/Fase 4_1.unity
  artifactKey: Guid(785e691784a92c1498460047e8f63b1b) Importer(815301076,1909f56bfc062723c751e8b465ee728b)
Start importing Assets/Scenes/Cenas jogo/Fases/Camada 4/Fase 4_1.unity using Guid(785e691784a92c1498460047e8f63b1b) Importer(815301076,1909f56bfc062723c751e8b465ee728b)  -> (artifact id: '68b82175cce77caccd1c35c29067bbfe') in 0.003664 seconds 
========================================================================
Received Import Request.
  Time since last request: 9.652472 seconds.
  path: Assets/Scenes/Cenas jogo/Fases/Camada 4/Fase 4_3.unity
  artifactKey: Guid(b25105544a25f3048a80839ac596d0d3) Importer(815301076,1909f56bfc062723c751e8b465ee728b)
Start importing Assets/Scenes/Cenas jogo/Fases/Camada 4/Fase 4_3.unity using Guid(b25105544a25f3048a80839ac596d0d3) Importer(815301076,1909f56bfc062723c751e8b465ee728b)  -> (artifact id: '7c80330362d6196957bdc572ac8b4bde') in 0.010188 seconds 
========================================================================
Received Import Request.
  Time since last request: 47.281573 seconds.
  path: Assets/Scenes/Cenas jogo/Fases/Camada 4/Fase 4_4.unity
  artifactKey: Guid(207eb14215383ce45b33d721308e3ff0) Importer(815301076,1909f56bfc062723c751e8b465ee728b)
Start importing Assets/Scenes/Cenas jogo/Fases/Camada 4/Fase 4_4.unity using Guid(207eb14215383ce45b33d721308e3ff0) Importer(815301076,1909f56bfc062723c751e8b465ee728b)  -> (artifact id: '30549f817a315eee91509c40be21f530') in 0.012843 seconds 
========================================================================
Received Import Request.
  Time since last request: 113.946620 seconds.
  path: Assets/Scenes/Cenas jogo/Fases/Camada 3
  artifactKey: Guid(6da5590ca66ceb94ba6176d1d5a52230) Importer(815301076,1909f56bfc062723c751e8b465ee728b)
Start importing Assets/Scenes/Cenas jogo/Fases/Camada 3 using Guid(6da5590ca66ceb94ba6176d1d5a52230) Importer(815301076,1909f56bfc062723c751e8b465ee728b)  -> (artifact id: '21b82bd9e45bc45c21637e00d8a8f5ef') in 0.010138 seconds 
========================================================================
Received Import Request.
  Time since last request: 1.576779 seconds.
  path: Assets/Scenes/Cenas jogo/Fases/Camada 3/Fase 3_1.unity
  artifactKey: Guid(a44d6dfc798ef454eac0b0ea89e284cb) Importer(815301076,1909f56bfc062723c751e8b465ee728b)
Start importing Assets/Scenes/Cenas jogo/Fases/Camada 3/Fase 3_1.unity using Guid(a44d6dfc798ef454eac0b0ea89e284cb) Importer(815301076,1909f56bfc062723c751e8b465ee728b)  -> (artifact id: 'dbff244b66ea850b5debadafa988012d') in 0.011272 seconds 
========================================================================
Received Import Request.
  Time since last request: 38.833938 seconds.
  path: Assets/Scenes/Cenas jogo/Fases/Camada 3/Fase 3_2.unity
  artifactKey: Guid(0bed364c2aae8084d984ce1270a0f3d5) Importer(815301076,1909f56bfc062723c751e8b465ee728b)
Start importing Assets/Scenes/Cenas jogo/Fases/Camada 3/Fase 3_2.unity using Guid(0bed364c2aae8084d984ce1270a0f3d5) Importer(815301076,1909f56bfc062723c751e8b465ee728b)  -> (artifact id: 'be68c5b8e3bc74f590dc1bf4b61903a1') in 0.010524 seconds 
========================================================================
Received Import Request.
  Time since last request: 31.191834 seconds.
  path: Assets/Scenes/Cenas jogo/Fases/Camada 3/Fase 3_2.unity
  artifactKey: Guid(0bed364c2aae8084d984ce1270a0f3d5) Importer(815301076,1909f56bfc062723c751e8b465ee728b)
Start importing Assets/Scenes/Cenas jogo/Fases/Camada 3/Fase 3_2.unity using Guid(0bed364c2aae8084d984ce1270a0f3d5) Importer(815301076,1909f56bfc062723c751e8b465ee728b)  -> (artifact id: '76202159bef9ca6f82da383c8cccd290') in 0.003814 seconds 
========================================================================
Received Import Request.
  Time since last request: 3.577234 seconds.
  path: Assets/Scenes/Cenas jogo/Fases/Camada 3/Fase 3_3.unity
  artifactKey: Guid(0686ad84e49b7424091fe68e0a13b545) Importer(815301076,1909f56bfc062723c751e8b465ee728b)
Start importing Assets/Scenes/Cenas jogo/Fases/Camada 3/Fase 3_3.unity using Guid(0686ad84e49b7424091fe68e0a13b545) Importer(815301076,1909f56bfc062723c751e8b465ee728b)  -> (artifact id: '9f80304ab275a051cec9178a18d92e2e') in 0.015068 seconds 
========================================================================
Received Import Request.
  Time since last request: 73.808447 seconds.
  path: Assets/Scenes/Cenas jogo/Fases/Camada 3/Fase 3_4.unity
  artifactKey: Guid(f132ada4bd5b68c419f3bc890ebce747) Importer(815301076,1909f56bfc062723c751e8b465ee728b)
Start importing Assets/Scenes/Cenas jogo/Fases/Camada 3/Fase 3_4.unity using Guid(f132ada4bd5b68c419f3bc890ebce747) Importer(815301076,1909f56bfc062723c751e8b465ee728b)  -> (artifact id: 'c07b9d33ead3dde63d3d332b7a4dcbd2') in 0.017266 seconds 
========================================================================
Received Import Request.
  Time since last request: 63.734721 seconds.
  path: Assets/Scenes/Cenas jogo/Fases/Camada 2
  artifactKey: Guid(86ffe0dce095fa747b3cf5f4000e82f4) Importer(815301076,1909f56bfc062723c751e8b465ee728b)
Start importing Assets/Scenes/Cenas jogo/Fases/Camada 2 using Guid(86ffe0dce095fa747b3cf5f4000e82f4) Importer(815301076,1909f56bfc062723c751e8b465ee728b)  -> (artifact id: '6fe62618ae15fe60e0a75874c390dd49') in 0.014522 seconds 
========================================================================
Received Import Request.
  Time since last request: 0.702298 seconds.
  path: Assets/Scenes/Cenas jogo/Fases/Camada 2/Fase 2_1.unity
  artifactKey: Guid(e898749539a772a4693e299c4d214f47) Importer(815301076,1909f56bfc062723c751e8b465ee728b)
Start importing Assets/Scenes/Cenas jogo/Fases/Camada 2/Fase 2_1.unity using Guid(e898749539a772a4693e299c4d214f47) Importer(815301076,1909f56bfc062723c751e8b465ee728b)  -> (artifact id: 'c88f22aa52b7f48dc803056d8d1af38a') in 0.017869 seconds 
========================================================================
Received Import Request.
  Time since last request: 49.332358 seconds.
  path: Assets/Scenes/Cenas jogo/Fases/Camada 2/Fase 2_2.unity
  artifactKey: Guid(8e8ad454e803e0b4d8bd206ce1b74d9a) Importer(815301076,1909f56bfc062723c751e8b465ee728b)
Start importing Assets/Scenes/Cenas jogo/Fases/Camada 2/Fase 2_2.unity using Guid(8e8ad454e803e0b4d8bd206ce1b74d9a) Importer(815301076,1909f56bfc062723c751e8b465ee728b)  -> (artifact id: '9bb4ac03b8725e225242af9e1e262cd0') in 0.018079 seconds 
========================================================================
Received Import Request.
  Time since last request: 33.237293 seconds.
  path: Assets/Scenes/Cenas jogo/Fases/Camada 2/Fase 2_3.unity
  artifactKey: Guid(a783816ade6bbda4f825344917ca00d3) Importer(815301076,1909f56bfc062723c751e8b465ee728b)
Start importing Assets/Scenes/Cenas jogo/Fases/Camada 2/Fase 2_3.unity using Guid(a783816ade6bbda4f825344917ca00d3) Importer(815301076,1909f56bfc062723c751e8b465ee728b)  -> (artifact id: '0c02169ba2effc0d5019c50f024637c2') in 0.016324 seconds 
========================================================================
Received Import Request.
  Time since last request: 40.962324 seconds.
  path: Assets/Scenes/Cenas jogo/Fases/Camada 2/Fase 2_4.unity
  artifactKey: Guid(156588d74da5d3a4fb269b7a6eee751e) Importer(815301076,1909f56bfc062723c751e8b465ee728b)
Start importing Assets/Scenes/Cenas jogo/Fases/Camada 2/Fase 2_4.unity using Guid(156588d74da5d3a4fb269b7a6eee751e) Importer(815301076,1909f56bfc062723c751e8b465ee728b)  -> (artifact id: 'a6732b18b1463bf77fdc0ad938c3a1e9') in 0.017214 seconds 
========================================================================
Received Import Request.
  Time since last request: 62.131783 seconds.
  path: Assets/Scenes/Cenas jogo/Fases/Camada 1
  artifactKey: Guid(6d5759750dca9194db733faeff5cd58b) Importer(815301076,1909f56bfc062723c751e8b465ee728b)
Start importing Assets/Scenes/Cenas jogo/Fases/Camada 1 using Guid(6d5759750dca9194db733faeff5cd58b) Importer(815301076,1909f56bfc062723c751e8b465ee728b)  -> (artifact id: '944b34eaaec8cb8c39b49d5fc9f5532b') in 0.010279 seconds 
========================================================================
Received Import Request.
  Time since last request: 1.117994 seconds.
  path: Assets/Scenes/Cenas jogo/Fases/Camada 1/Fase 1_1.unity
  artifactKey: Guid(c413acb4d97e89b48a4bdbafc084cefe) Importer(815301076,1909f56bfc062723c751e8b465ee728b)
Start importing Assets/Scenes/Cenas jogo/Fases/Camada 1/Fase 1_1.unity using Guid(c413acb4d97e89b48a4bdbafc084cefe) Importer(815301076,1909f56bfc062723c751e8b465ee728b)  -> (artifact id: 'c4eb048c796513351dde9a1dc04b1c58') in 0.011754 seconds 
========================================================================
Received Import Request.
  Time since last request: 44.619194 seconds.
  path: Assets/Scenes/Cenas jogo/Fases/Camada 1/Fase 1_2.unity
  artifactKey: Guid(46139108d6a887642af430adf158efeb) Importer(815301076,1909f56bfc062723c751e8b465ee728b)
Start importing Assets/Scenes/Cenas jogo/Fases/Camada 1/Fase 1_2.unity using Guid(46139108d6a887642af430adf158efeb) Importer(815301076,1909f56bfc062723c751e8b465ee728b)  -> (artifact id: '279a320a237ec18da786298414c282e9') in 0.013254 seconds 
========================================================================
Received Import Request.
  Time since last request: 42.616668 seconds.
  path: Assets/Scenes/Cenas jogo/Fases/Camada 1/Fase 1_3.unity
  artifactKey: Guid(6f2b43686e6994845bf100b418fd613b) Importer(815301076,1909f56bfc062723c751e8b465ee728b)
Start importing Assets/Scenes/Cenas jogo/Fases/Camada 1/Fase 1_3.unity using Guid(6f2b43686e6994845bf100b418fd613b) Importer(815301076,1909f56bfc062723c751e8b465ee728b)  -> (artifact id: '5d4fb2d9ecd5738ef215005431fb6a9d') in 0.008979 seconds 
========================================================================
Received Import Request.
  Time since last request: 81.007957 seconds.
  path: Assets/Scenes/Cenas jogo/Sele_Fases
  artifactKey: Guid(9a9bbce2413347248b2abf36ec722503) Importer(815301076,1909f56bfc062723c751e8b465ee728b)
Start importing Assets/Scenes/Cenas jogo/Sele_Fases using Guid(9a9bbce2413347248b2abf36ec722503) Importer(815301076,1909f56bfc062723c751e8b465ee728b)  -> (artifact id: '5d924d06513997738cf567abf11bdb84') in 0.015882 seconds 
========================================================================
Received Import Request.
  Time since last request: 1.422536 seconds.
  path: Assets/Scenes/Cenas jogo/Sele_Fases/Camada1.unity
  artifactKey: Guid(158dab86f59ce9940af3454899839db7) Importer(815301076,1909f56bfc062723c751e8b465ee728b)
Start importing Assets/Scenes/Cenas jogo/Sele_Fases/Camada1.unity using Guid(158dab86f59ce9940af3454899839db7) Importer(815301076,1909f56bfc062723c751e8b465ee728b)  -> (artifact id: '27bae8a21e570a861b54335c9e25490d') in 0.011482 seconds 
========================================================================
Received Import Request.
  Time since last request: 3.475030 seconds.
  path: Assets/Scenes/Cenas jogo/Sele_Fases/Camada3.unity
  artifactKey: Guid(6dd85ff978a90ec478fa8007efb15752) Importer(815301076,1909f56bfc062723c751e8b465ee728b)
Start importing Assets/Scenes/Cenas jogo/Sele_Fases/Camada3.unity using Guid(6dd85ff978a90ec478fa8007efb15752) Importer(815301076,1909f56bfc062723c751e8b465ee728b)  -> (artifact id: 'b555d0e4d28498cbd868d46d07822d11') in 0.010724 seconds 
========================================================================
Received Import Request.
  Time since last request: 1.659000 seconds.
  path: Assets/Scenes/Cenas jogo/Sele_Fases/Camada2.unity
  artifactKey: Guid(18a514dd7c89c124c903793203e0a601) Importer(815301076,1909f56bfc062723c751e8b465ee728b)
Start importing Assets/Scenes/Cenas jogo/Sele_Fases/Camada2.unity using Guid(18a514dd7c89c124c903793203e0a601) Importer(815301076,1909f56bfc062723c751e8b465ee728b)  -> (artifact id: 'bddcfb801ef192ca72ce13e9b06e6998') in 0.014394 seconds 
========================================================================
Received Import Request.
  Time since last request: 2.188056 seconds.
  path: Assets/Scenes/Cenas jogo/Sele_Fases/Camada4.unity
  artifactKey: Guid(bf6ad28e43d479e46a9641f6bc6c77dc) Importer(815301076,1909f56bfc062723c751e8b465ee728b)
Start importing Assets/Scenes/Cenas jogo/Sele_Fases/Camada4.unity using Guid(bf6ad28e43d479e46a9641f6bc6c77dc) Importer(815301076,1909f56bfc062723c751e8b465ee728b)  -> (artifact id: '318050306f5b26cd12e793b77fc42e02') in 0.015087 seconds 
========================================================================
Received Import Request.
  Time since last request: 1.417221 seconds.
  path: Assets/Scenes/Cenas jogo/Sele_Fases/Camada5.unity
  artifactKey: Guid(9c387956c48aeb7488af84834f41a343) Importer(815301076,1909f56bfc062723c751e8b465ee728b)
Start importing Assets/Scenes/Cenas jogo/Sele_Fases/Camada5.unity using Guid(9c387956c48aeb7488af84834f41a343) Importer(815301076,1909f56bfc062723c751e8b465ee728b)  -> (artifact id: '13f09031df22a12407e4f8bb23d2c8f0') in 0.016853 seconds 
========================================================================
Received Import Request.
  Time since last request: 3.195693 seconds.
  path: Assets/Scenes/Cenas jogo/Sele_Camadas
  artifactKey: Guid(c4da9e1d40fe50a499423a7cc32405b7) Importer(815301076,1909f56bfc062723c751e8b465ee728b)
Start importing Assets/Scenes/Cenas jogo/Sele_Camadas using Guid(c4da9e1d40fe50a499423a7cc32405b7) Importer(815301076,1909f56bfc062723c751e8b465ee728b)  -> (artifact id: '9066d025d454505c2f4511c5be4cee00') in 0.015664 seconds 
========================================================================
Received Import Request.
  Time since last request: 0.853041 seconds.
  path: Assets/Scenes/Cenas jogo/Sele_Camadas/LevelSeletion.unity
  artifactKey: Guid(6b3790c42f0ec704fbbfef0a52839c3f) Importer(815301076,1909f56bfc062723c751e8b465ee728b)
Start importing Assets/Scenes/Cenas jogo/Sele_Camadas/LevelSeletion.unity using Guid(6b3790c42f0ec704fbbfef0a52839c3f) Importer(815301076,1909f56bfc062723c751e8b465ee728b)  -> (artifact id: '6f7b58f3179dbe0d5434a8810491fcc5') in 0.015626 seconds 
