Using pre-set license
Built from '2021.2/staging' branch; Version is '2021.2.8f1 (d0e5f0a7b06a) revision 13690352'; Using compiler version '192829333'; Build Type 'Release'
OS: 'Windows 11  (10.0.22000) 64bit CoreSingleLanguage' Language: 'pt' Physical Memory: 8122 MB
BatchMode: 1, IsHumanControllingUs: 0, StartBugReporterOnCrash: 0, Is64bit: 1, IsPro: 0

COMMAND LINE ARGUMENTS:
C:\Program Files\Unity\Hub\Editor\2021.2.8f1\Editor\Unity.exe
-adb2
-batchMode
-noUpm
-name
AssetImportWorker12
-projectPath
C:/Users/Marina/Documents/GitHub/bubble/BubbleProject
-logFile
Logs/AssetImportWorker12.log
-srvPort
51803
Successfully changed project path to: C:/Users/Marina/Documents/GitHub/bubble/BubbleProject
C:/Users/Marina/Documents/GitHub/bubble/BubbleProject
[UnityMemory] Configuration Parameters - Can be set up in boot.config
    "memorysetup-bucket-allocator-granularity=16"
    "memorysetup-bucket-allocator-bucket-count=8"
    "memorysetup-bucket-allocator-block-size=33554432"
    "memorysetup-bucket-allocator-block-count=8"
    "memorysetup-main-allocator-block-size=16777216"
    "memorysetup-thread-allocator-block-size=16777216"
    "memorysetup-gfx-main-allocator-block-size=16777216"
    "memorysetup-gfx-thread-allocator-block-size=16777216"
    "memorysetup-cache-allocator-block-size=4194304"
    "memorysetup-typetree-allocator-block-size=2097152"
    "memorysetup-profiler-bucket-allocator-granularity=16"
    "memorysetup-profiler-bucket-allocator-bucket-count=8"
    "memorysetup-profiler-bucket-allocator-block-size=33554432"
    "memorysetup-profiler-bucket-allocator-block-count=8"
    "memorysetup-profiler-allocator-block-size=16777216"
    "memorysetup-profiler-editor-allocator-block-size=1048576"
    "memorysetup-temp-allocator-size-main=16777216"
    "memorysetup-job-temp-allocator-block-size=2097152"
    "memorysetup-job-temp-allocator-block-size-background=1048576"
    "memorysetup-job-temp-allocator-reduction-small-platforms=262144"
    "memorysetup-temp-allocator-size-background-worker=32768"
    "memorysetup-temp-allocator-size-job-worker=262144"
    "memorysetup-temp-allocator-size-preload-manager=33554432"
    "memorysetup-temp-allocator-size-nav-mesh-worker=65536"
    "memorysetup-temp-allocator-size-audio-worker=65536"
    "memorysetup-temp-allocator-size-cloud-worker=32768"
    "memorysetup-temp-allocator-size-gi-baking-worker=262144"
    "memorysetup-temp-allocator-size-gfx=262144"
Refreshing native plugins compatible for Editor in 252.90 ms, found 3 plugins.
Preloading 0 native plugins for Editor in 0.00 ms.
Initialize engine version: 2021.2.8f1 (d0e5f0a7b06a)
[Subsystems] Discovering subsystems at path C:/Program Files/Unity/Hub/Editor/2021.2.8f1/Editor/Data/Resources/UnitySubsystems
[Subsystems] Discovering subsystems at path C:/Users/Marina/Documents/GitHub/bubble/BubbleProject/Assets
GfxDevice: creating device client; threaded=0; jobified=0
Direct3D:
    Version:  Direct3D 11.0 [level 11.1]
    Renderer: Intel(R) HD Graphics Family (ID=0xa16)
    Vendor:   Intel
    VRAM:     2048 MB
    Driver:   20.19.15.4531
Initialize mono
Mono path[0] = 'C:/Program Files/Unity/Hub/Editor/2021.2.8f1/Editor/Data/Managed'
Mono path[1] = 'C:/Program Files/Unity/Hub/Editor/2021.2.8f1/Editor/Data/MonoBleedingEdge/lib/mono/unityjit-win32'
Mono config path = 'C:/Program Files/Unity/Hub/Editor/2021.2.8f1/Editor/Data/MonoBleedingEdge/etc'
Using monoOptions --debugger-agent=transport=dt_socket,embedding=1,server=y,suspend=n,address=127.0.0.1:56428
Begin MonoManager ReloadAssembly
Registering precompiled unity dll's ...
Register platform support module: C:/Program Files/Unity/Hub/Editor/2021.2.8f1/Editor/Data/PlaybackEngines/WindowsStandaloneSupport/UnityEditor.WindowsStandalone.Extensions.dll
Registered in 0.008641 seconds.
Native extension for WindowsStandalone target not found
Refreshing native plugins compatible for Editor in 179.66 ms, found 3 plugins.
Preloading 0 native plugins for Editor in 0.00 ms.
Mono: successfully reloaded assembly
- Completed reload, in  1.573 seconds
Domain Reload Profiling:
	ReloadAssembly (1574ms)
		BeginReloadAssembly (110ms)
			ExecutionOrderSort (0ms)
			DisableScriptedObjects (0ms)
			BackupInstance (0ms)
			ReleaseScriptingObjects (0ms)
			CreateAndSetChildDomain (1ms)
		EndReloadAssembly (1243ms)
			LoadAssemblies (107ms)
			RebuildTransferFunctionScriptingTraits (0ms)
			SetupTypeCache (206ms)
			ReleaseScriptCaches (0ms)
			RebuildScriptCaches (47ms)
			SetupLoadedEditorAssemblies (783ms)
				LogAssemblyErrors (0ms)
				InitializePlatformSupportModulesInManaged (26ms)
				SetLoadedEditorAssemblies (0ms)
				RefreshPlugins (180ms)
				BeforeProcessingInitializeOnLoad (3ms)
				ProcessInitializeOnLoadAttributes (441ms)
				ProcessInitializeOnLoadMethodAttributes (133ms)
				AfterProcessingInitializeOnLoad (0ms)
				EditorAssembliesLoaded (0ms)
			ExecutionOrderSort2 (0ms)
			AwakeInstancesAfterBackupRestoration (0ms)
Platform modules already initialized, skipping
Registering precompiled user dll's ...
Registered in 0.015473 seconds.
Begin MonoManager ReloadAssembly
Native extension for WindowsStandalone target not found
Refreshing native plugins compatible for Editor in 128.46 ms, found 3 plugins.
Preloading 0 native plugins for Editor in 0.00 ms.
GPGSUpgrader start
UnityEngine.StackTraceUtility:ExtractStackTrace ()
UnityEngine.DebugLogHandler:LogFormat (UnityEngine.LogType,UnityEngine.Object,string,object[])
UnityEngine.Logger:Log (UnityEngine.LogType,object)
UnityEngine.Debug:Log (object)
GooglePlayGames.Editor.GPGSUpgrader:.cctor () (at Assets/GooglePlayGames/com.google.play.games/Editor/GPGSUpgrader.cs:38)
System.Runtime.CompilerServices.RuntimeHelpers:RunClassConstructor (System.RuntimeTypeHandle)
UnityEditor.EditorAssemblies:ProcessInitializeOnLoadAttributes (System.Type[])

(Filename: Assets/GooglePlayGames/com.google.play.games/Editor/GPGSUpgrader.cs Line: 38)

GPGSUpgrader done
UnityEngine.StackTraceUtility:ExtractStackTrace ()
UnityEngine.DebugLogHandler:LogFormat (UnityEngine.LogType,UnityEngine.Object,string,object[])
UnityEngine.Logger:Log (UnityEngine.LogType,object)
UnityEngine.Debug:Log (object)
GooglePlayGames.Editor.GPGSUpgrader:.cctor () (at Assets/GooglePlayGames/com.google.play.games/Editor/GPGSUpgrader.cs:57)
System.Runtime.CompilerServices.RuntimeHelpers:RunClassConstructor (System.RuntimeTypeHandle)
UnityEditor.EditorAssemblies:ProcessInitializeOnLoadAttributes (System.Type[])

(Filename: Assets/GooglePlayGames/com.google.play.games/Editor/GPGSUpgrader.cs Line: 57)

Mono: successfully reloaded assembly
- Completed reload, in  7.324 seconds
Domain Reload Profiling:
	ReloadAssembly (7327ms)
		BeginReloadAssembly (479ms)
			ExecutionOrderSort (0ms)
			DisableScriptedObjects (12ms)
			BackupInstance (0ms)
			ReleaseScriptingObjects (0ms)
			CreateAndSetChildDomain (324ms)
		EndReloadAssembly (6646ms)
			LoadAssemblies (149ms)
			RebuildTransferFunctionScriptingTraits (0ms)
			SetupTypeCache (1265ms)
			ReleaseScriptCaches (1ms)
			RebuildScriptCaches (157ms)
			SetupLoadedEditorAssemblies (4906ms)
				LogAssemblyErrors (0ms)
				InitializePlatformSupportModulesInManaged (537ms)
				SetLoadedEditorAssemblies (0ms)
				RefreshPlugins (129ms)
				BeforeProcessingInitializeOnLoad (201ms)
				ProcessInitializeOnLoadAttributes (3714ms)
				ProcessInitializeOnLoadMethodAttributes (315ms)
				AfterProcessingInitializeOnLoad (10ms)
				EditorAssembliesLoaded (0ms)
			ExecutionOrderSort2 (0ms)
			AwakeInstancesAfterBackupRestoration (6ms)
Platform modules already initialized, skipping
========================================================================
Worker process is ready to serve import requests
Launched and connected shader compiler UnityShaderCompiler.exe after 0.84 seconds
Refreshing native plugins compatible for Editor in 2.12 ms, found 3 plugins.
Preloading 0 native plugins for Editor in 0.00 ms.
Unloading 4351 Unused Serialized files (Serialized files now loaded: 0)
Unloading 81 unused Assets / (0.6 MB). Loaded Objects now: 4783.
Memory consumption went from 192.3 MB to 191.6 MB.
Total: 102.316100 ms (FindLiveObjects: 1.109400 ms CreateObjectMapping: 1.200800 ms MarkObjects: 89.926000 ms  DeleteObjects: 1.072900 ms)

AssetImportParameters requested are different than current active one (requested -> active):
  custom:video-decoder-ogg-theora: a1e56fd34408186e4bbccfd4996cb3dc -> 
  custom:container-muxer-webm: aa71ff27fc2769a1b78a27578f13a17b -> 
  custom:container-demuxer-webm: 4f35f7cbe854078d1ac9338744f61a02 -> 
  custom:video-encoder-webm-vp8: eb34c28f22e8b96e1ab97ce403110664 -> 
  custom:audio-encoder-webm-vorbis: bf7c407c2cedff20999df2af8eb42d56 -> 
  custom:framework-win-MediaFoundation: 216162199b28c13a410421893ffa2e32 -> 
  custom:container-demuxer-ogg: 62fdf1f143b41e24485cea50d1cbac27 -> 
  custom:video-decoder-webm-vp8: 9c59270c3fd7afecdb556c50c9e8de78 -> 
  custom:audio-decoder-ogg-vorbis: bf7c407c2cedff20999df2af8eb42d56 -> 
========================================================================
Received Import Request.
  Time since last request: 5913.999844 seconds.
  path: Assets/Scripts/Geral/Save System/PlayServices/PlayServices.cs
  artifactKey: Guid(551693c10bae2d244bdc5054280066a7) Importer(815301076,1909f56bfc062723c751e8b465ee728b)
Start importing Assets/Scripts/Geral/Save System/PlayServices/PlayServices.cs using Guid(551693c10bae2d244bdc5054280066a7) Importer(815301076,1909f56bfc062723c751e8b465ee728b)  -> (artifact id: '26621673d0e5b314208e076b3553bcf9') in 0.170503 seconds 
========================================================================
Received Import Request.
  Time since last request: 0.000040 seconds.
  path: Assets/Scripts/Geral/Save System/SaveData.cs
  artifactKey: Guid(bbab893e0a7782a47bc73e5a104a2d38) Importer(815301076,1909f56bfc062723c751e8b465ee728b)
Start importing Assets/Scripts/Geral/Save System/SaveData.cs using Guid(bbab893e0a7782a47bc73e5a104a2d38) Importer(815301076,1909f56bfc062723c751e8b465ee728b)  -> (artifact id: 'c66c461d1ada06f9eb0804d13de74926') in 0.029590 seconds 
========================================================================
Received Import Request.
  Time since last request: 990.621803 seconds.
  path: Assets/Scripts/Geral/Save System/SaveDataFile.cs
  artifactKey: Guid(522771fb945ab744d91d39f9d543873d) Importer(815301076,1909f56bfc062723c751e8b465ee728b)
Start importing Assets/Scripts/Geral/Save System/SaveDataFile.cs using Guid(522771fb945ab744d91d39f9d543873d) Importer(815301076,1909f56bfc062723c751e8b465ee728b)  -> (artifact id: 'c215ad6600d29f40b43adcdd1fe0a0fd') in 0.100186 seconds 
========================================================================
Received Import Request.
  Time since last request: 4.241406 seconds.
  path: Assets/Scripts/Geral/Save System/SaveDataSystem.cs
  artifactKey: Guid(e9249974d2c84114cb7b215e69c23010) Importer(815301076,1909f56bfc062723c751e8b465ee728b)
Start importing Assets/Scripts/Geral/Save System/SaveDataSystem.cs using Guid(e9249974d2c84114cb7b215e69c23010) Importer(815301076,1909f56bfc062723c751e8b465ee728b)  -> (artifact id: '851aa124fa0986eaa99637eb11616cac') in 0.044502 seconds 
========================================================================
Received Import Request.
  Time since last request: 12.950709 seconds.
  path: Assets/Sprites/Cenarios/Corais/planta amarela.png
  artifactKey: Guid(6ef3fc90969bb72458dabadc32b62fe4) Importer(815301076,1909f56bfc062723c751e8b465ee728b)
Start importing Assets/Sprites/Cenarios/Corais/planta amarela.png using Guid(6ef3fc90969bb72458dabadc32b62fe4) Importer(815301076,1909f56bfc062723c751e8b465ee728b)  -> (artifact id: 'b16fff9f363ac9907c38021fe98b3f5f') in 0.759114 seconds 
========================================================================
Received Import Request.
  Time since last request: 0.000028 seconds.
  path: Assets/Sprites/Cenarios/Corais/planta vermelha.png
  artifactKey: Guid(8cb2ead92c7ff684ca4248886398a5d3) Importer(815301076,1909f56bfc062723c751e8b465ee728b)
Start importing Assets/Sprites/Cenarios/Corais/planta vermelha.png using Guid(8cb2ead92c7ff684ca4248886398a5d3) Importer(815301076,1909f56bfc062723c751e8b465ee728b)  -> (artifact id: 'ff3f5fb7f3d9bf90f06aa1022e4e366e') in 0.163137 seconds 
========================================================================
Received Import Request.
  Time since last request: 0.000111 seconds.
  path: Assets/Prefabs/Utils/Cenario/Corais/planta rosa.prefab
  artifactKey: Guid(fc2a99a45f8b0bd4bacba025261016e9) Importer(815301076,1909f56bfc062723c751e8b465ee728b)
Start importing Assets/Prefabs/Utils/Cenario/Corais/planta rosa.prefab using Guid(fc2a99a45f8b0bd4bacba025261016e9) Importer(815301076,1909f56bfc062723c751e8b465ee728b)  -> (artifact id: 'a6ad0baaf4b75f1433fa4008bfdf1d61') in 1.237213 seconds 
========================================================================
Received Import Request.
  Time since last request: 0.000058 seconds.
  path: Assets/Prefabs/Utils/Cenario/Corais/planta amarela.prefab
  artifactKey: Guid(a2e1b29ed4a0aaa45bbce7714b171b14) Importer(815301076,1909f56bfc062723c751e8b465ee728b)
Start importing Assets/Prefabs/Utils/Cenario/Corais/planta amarela.prefab using Guid(a2e1b29ed4a0aaa45bbce7714b171b14) Importer(815301076,1909f56bfc062723c751e8b465ee728b)  -> (artifact id: 'ebe14bd4d036de0e6c3fed9fe865d379') in 0.047166 seconds 
========================================================================
Received Import Request.
  Time since last request: 0.000094 seconds.
  path: Assets/Prefabs/Utils/Cenario/Corais/planta roxa.prefab
  artifactKey: Guid(5e61d59904214aa43b60f11cba12099b) Importer(815301076,1909f56bfc062723c751e8b465ee728b)
Start importing Assets/Prefabs/Utils/Cenario/Corais/planta roxa.prefab using Guid(5e61d59904214aa43b60f11cba12099b) Importer(815301076,1909f56bfc062723c751e8b465ee728b)  -> (artifact id: '728da18155a9be7274fd15cab1d9fe4e') in 0.190402 seconds 
========================================================================
Received Import Request.
  Time since last request: 0.000047 seconds.
  path: Assets/Scripts/Controle Jogador/PlayerController.cs
  artifactKey: Guid(5c3ecfd9cd1644840bf42e50faa38fb1) Importer(815301076,1909f56bfc062723c751e8b465ee728b)
Start importing Assets/Scripts/Controle Jogador/PlayerController.cs using Guid(5c3ecfd9cd1644840bf42e50faa38fb1) Importer(815301076,1909f56bfc062723c751e8b465ee728b)  -> (artifact id: '1d8d6c8e7d086d5b5c0b18b81463f697') in 0.012999 seconds 
========================================================================
Received Import Request.
  Time since last request: 0.000083 seconds.
  path: Assets/Prefabs/Geral/PlayerController.prefab
  artifactKey: Guid(94bd39b2fd03ba04ba98d483bc9c84c4) Importer(815301076,1909f56bfc062723c751e8b465ee728b)
Start importing Assets/Prefabs/Geral/PlayerController.prefab using Guid(94bd39b2fd03ba04ba98d483bc9c84c4) Importer(815301076,1909f56bfc062723c751e8b465ee728b)  -> (artifact id: 'f58a7215a9fa570c69a910e6fba4a7bd') in 1.938521 seconds 
========================================================================
Received Import Request.
  Time since last request: 0.000044 seconds.
  path: Assets/Sprites/Cenarios/Corais/planta rosa.png
  artifactKey: Guid(e3a663e2c1936e043bc4f9557c353ad4) Importer(815301076,1909f56bfc062723c751e8b465ee728b)
Start importing Assets/Sprites/Cenarios/Corais/planta rosa.png using Guid(e3a663e2c1936e043bc4f9557c353ad4) Importer(815301076,1909f56bfc062723c751e8b465ee728b)  -> (artifact id: '36385409eb66d2ca2dcaad431b0e7495') in 0.055108 seconds 
========================================================================
Received Import Request.
  Time since last request: 0.000044 seconds.
  path: Assets/Prefabs/Utils/Cenario/Corais/plantinha.prefab
  artifactKey: Guid(fb1cc7a0ee0d3f5469d8aa8070e9fbd8) Importer(815301076,1909f56bfc062723c751e8b465ee728b)
Start importing Assets/Prefabs/Utils/Cenario/Corais/plantinha.prefab using Guid(fb1cc7a0ee0d3f5469d8aa8070e9fbd8) Importer(815301076,1909f56bfc062723c751e8b465ee728b)  -> (artifact id: '8362a50dd5ebf41cdd581878085a126a') in 0.116064 seconds 
========================================================================
Received Import Request.
  Time since last request: 0.000040 seconds.
  path: Assets/Prefabs/Utils/Cenario/Corais/planta vermelha.prefab
  artifactKey: Guid(35acd0a9136d91c4dbbd93e50e308972) Importer(815301076,1909f56bfc062723c751e8b465ee728b)
Start importing Assets/Prefabs/Utils/Cenario/Corais/planta vermelha.prefab using Guid(35acd0a9136d91c4dbbd93e50e308972) Importer(815301076,1909f56bfc062723c751e8b465ee728b)  -> (artifact id: 'e14cbdb178f85240b177d91bc7ee7625') in 0.030677 seconds 
========================================================================
Received Import Request.
  Time since last request: 0.000063 seconds.
  path: Assets/Sprites/Cenarios/Corais/planta roxa.png
  artifactKey: Guid(d9ac5cc0db6746c4a90223709df2e7ee) Importer(815301076,1909f56bfc062723c751e8b465ee728b)
Start importing Assets/Sprites/Cenarios/Corais/planta roxa.png using Guid(d9ac5cc0db6746c4a90223709df2e7ee) Importer(815301076,1909f56bfc062723c751e8b465ee728b)  -> (artifact id: '917280d3f43742b40dccbe9acf09a861') in 0.045642 seconds 
========================================================================
Received Import Request.
  Time since last request: 0.000053 seconds.
  path: Assets/Sprites/Cenarios/Corais/plantinha.png
  artifactKey: Guid(b6091c423e32f68429e5f647f1e49cce) Importer(815301076,1909f56bfc062723c751e8b465ee728b)
Start importing Assets/Sprites/Cenarios/Corais/plantinha.png using Guid(b6091c423e32f68429e5f647f1e49cce) Importer(815301076,1909f56bfc062723c751e8b465ee728b)  -> (artifact id: '10b5eb908d2495fcba2678056c34aa7a') in 0.126570 seconds 
========================================================================
Received Import Request.
  Time since last request: 16.778309 seconds.
  path: Assets/Sprites/UI/InGame/timeCounter/fonts/FingerPaint-Regular.ttf
  artifactKey: Guid(bbaaf47f9b88bad41aea40016c6cb615) Importer(815301076,1909f56bfc062723c751e8b465ee728b)
Start importing Assets/Sprites/UI/InGame/timeCounter/fonts/FingerPaint-Regular.ttf using Guid(bbaaf47f9b88bad41aea40016c6cb615) Importer(815301076,1909f56bfc062723c751e8b465ee728b)  -> (artifact id: '7400a8adceca25b2fde90e9d55cbe099') in 0.661816 seconds 
========================================================================
Received Import Request.
  Time since last request: 0.000519 seconds.
  path: Assets/Sprites/Boss/Camada3 - Aguas vivas/Raio_Image.png
  artifactKey: Guid(b1636f745c822be4891ac30e22fa1267) Importer(815301076,1909f56bfc062723c751e8b465ee728b)
Start importing Assets/Sprites/Boss/Camada3 - Aguas vivas/Raio_Image.png using Guid(b1636f745c822be4891ac30e22fa1267) Importer(815301076,1909f56bfc062723c751e8b465ee728b)  -> (artifact id: 'f02b98ce7d0ffb4da237ea7fb88735a8') in 0.153933 seconds 
========================================================================
Received Import Request.
  Time since last request: 0.000057 seconds.
  path: Assets/Samples/2D Animation/3.2.6/Samples/5 SpriteSwap/Sprites/Rikr Rage.png
  artifactKey: Guid(62aab9d0b7eea6d46a98bc6bfb5f255e) Importer(815301076,1909f56bfc062723c751e8b465ee728b)
Start importing Assets/Samples/2D Animation/3.2.6/Samples/5 SpriteSwap/Sprites/Rikr Rage.png using Guid(62aab9d0b7eea6d46a98bc6bfb5f255e) Importer(815301076,1909f56bfc062723c751e8b465ee728b)  -> (artifact id: '7c9057bd3aa0c8efab4a0a64a7b1a14a') in 0.415174 seconds 
========================================================================
Received Import Request.
  Time since last request: 0.000032 seconds.
  path: Assets/Prefabs/Geral/GeneralSettings.prefab
  artifactKey: Guid(9ef9c1b4095e8bd4189f6b8e0b1439ac) Importer(815301076,1909f56bfc062723c751e8b465ee728b)
Start importing Assets/Prefabs/Geral/GeneralSettings.prefab using Guid(9ef9c1b4095e8bd4189f6b8e0b1439ac) Importer(815301076,1909f56bfc062723c751e8b465ee728b)  -> (artifact id: 'ac1e65c4c24f812be03f2537e0715409') in 0.128619 seconds 
========================================================================
Received Import Request.
  Time since last request: 0.000040 seconds.
  path: Assets/Prefabs/Utils/Geral.prefab
  artifactKey: Guid(900ad0296bcfcc3459c9a8fa97627e5e) Importer(815301076,1909f56bfc062723c751e8b465ee728b)
Start importing Assets/Prefabs/Utils/Geral.prefab using Guid(900ad0296bcfcc3459c9a8fa97627e5e) Importer(815301076,1909f56bfc062723c751e8b465ee728b) Tried select unknown importer for id '-2' '00000000000000000000000000000000'
 -> (artifact id: 'd02b33881e28de99151cfcddda3de9bd') in 3.987565 seconds 
========================================================================
Received Import Request.
  Time since last request: 0.000036 seconds.
  path: Assets/Sprites/UI/InGame/timeCounter/fonts/FingerPaint-Regular SDF.asset
  artifactKey: Guid(29954c81aa6c30348bfa40eba42ccfb8) Importer(815301076,1909f56bfc062723c751e8b465ee728b)
Start importing Assets/Sprites/UI/InGame/timeCounter/fonts/FingerPaint-Regular SDF.asset using Guid(29954c81aa6c30348bfa40eba42ccfb8) Importer(815301076,1909f56bfc062723c751e8b465ee728b)  -> (artifact id: 'b325cd818c46c0191f8c6f359aee0a4c') in 0.469863 seconds 
========================================================================
Received Import Request.
  Time since last request: 0.000043 seconds.
  path: Assets/Samples/2D Animation/3.2.6/Samples/5 SpriteSwap/Sprite Library/Rikr Rage.asset
  artifactKey: Guid(781d493586743394ca892e005906a27d) Importer(815301076,1909f56bfc062723c751e8b465ee728b)
Start importing Assets/Samples/2D Animation/3.2.6/Samples/5 SpriteSwap/Sprite Library/Rikr Rage.asset using Guid(781d493586743394ca892e005906a27d) Importer(815301076,1909f56bfc062723c751e8b465ee728b)  -> (artifact id: '313d3f85583996b137fe1e8681f95a23') in 0.041799 seconds 
========================================================================
Received Import Request.
  Time since last request: 0.000032 seconds.
  path: Assets/Samples/2D Animation/3.2.6/Samples/5 SpriteSwap/Sprites/Scavengers_SpriteSheet.png
  artifactKey: Guid(6b750765a9e73934383c8285cef51320) Importer(815301076,1909f56bfc062723c751e8b465ee728b)
Start importing Assets/Samples/2D Animation/3.2.6/Samples/5 SpriteSwap/Sprites/Scavengers_SpriteSheet.png using Guid(6b750765a9e73934383c8285cef51320) Importer(815301076,1909f56bfc062723c751e8b465ee728b)  -> (artifact id: '2e3d179682c3d87dbd58ca8bc7b53ecd') in 0.340393 seconds 
========================================================================
Received Import Request.
  Time since last request: 0.000032 seconds.
  path: Assets/Scripts/Geral/GeneralFunctions.cs
  artifactKey: Guid(1ff117c890e96d44d92392f97e9c967a) Importer(815301076,1909f56bfc062723c751e8b465ee728b)
Start importing Assets/Scripts/Geral/GeneralFunctions.cs using Guid(1ff117c890e96d44d92392f97e9c967a) Importer(815301076,1909f56bfc062723c751e8b465ee728b)  -> (artifact id: '1337e433989320da98bc253b442443af') in 0.055440 seconds 
========================================================================
Received Import Request.
  Time since last request: 0.000058 seconds.
  path: Assets/Prefabs/Utils/Cenario/Sistema de particulas/Geiser/Geiser.prefab
  artifactKey: Guid(0ef91a0737eeb374e939017b3ecc905c) Importer(815301076,1909f56bfc062723c751e8b465ee728b)
Start importing Assets/Prefabs/Utils/Cenario/Sistema de particulas/Geiser/Geiser.prefab using Guid(0ef91a0737eeb374e939017b3ecc905c) Importer(815301076,1909f56bfc062723c751e8b465ee728b)  -> (artifact id: 'ab7d7f5b76981887c3d1b3429148fe06') in 0.386300 seconds 
========================================================================
Received Import Request.
  Time since last request: 304.809317 seconds.
  path: Assets/Scripts/Geral/GeneralFunctions.cs
  artifactKey: Guid(1ff117c890e96d44d92392f97e9c967a) Importer(815301076,1909f56bfc062723c751e8b465ee728b)
Start importing Assets/Scripts/Geral/GeneralFunctions.cs using Guid(1ff117c890e96d44d92392f97e9c967a) Importer(815301076,1909f56bfc062723c751e8b465ee728b)  -> (artifact id: 'facf1e3f93d4b481f551bf63b921453e') in 0.058727 seconds 
========================================================================
Received Prepare
Registering precompiled user dll's ...
Registered in 0.009400 seconds.
Begin MonoManager ReloadAssembly
Native extension for WindowsStandalone target not found
Refreshing native plugins compatible for Editor in 2.41 ms, found 3 plugins.
Preloading 0 native plugins for Editor in 0.00 ms.
GPGSUpgrader start
UnityEngine.StackTraceUtility:ExtractStackTrace ()
UnityEngine.DebugLogHandler:LogFormat (UnityEngine.LogType,UnityEngine.Object,string,object[])
UnityEngine.Logger:Log (UnityEngine.LogType,object)
UnityEngine.Debug:Log (object)
GooglePlayGames.Editor.GPGSUpgrader:.cctor () (at Assets/GooglePlayGames/com.google.play.games/Editor/GPGSUpgrader.cs:38)
System.Runtime.CompilerServices.RuntimeHelpers:RunClassConstructor (System.RuntimeTypeHandle)
UnityEditor.EditorAssemblies:ProcessInitializeOnLoadAttributes (System.Type[])

(Filename: Assets/GooglePlayGames/com.google.play.games/Editor/GPGSUpgrader.cs Line: 38)

GPGSUpgrader done
UnityEngine.StackTraceUtility:ExtractStackTrace ()
UnityEngine.DebugLogHandler:LogFormat (UnityEngine.LogType,UnityEngine.Object,string,object[])
UnityEngine.Logger:Log (UnityEngine.LogType,object)
UnityEngine.Debug:Log (object)
GooglePlayGames.Editor.GPGSUpgrader:.cctor () (at Assets/GooglePlayGames/com.google.play.games/Editor/GPGSUpgrader.cs:57)
System.Runtime.CompilerServices.RuntimeHelpers:RunClassConstructor (System.RuntimeTypeHandle)
UnityEditor.EditorAssemblies:ProcessInitializeOnLoadAttributes (System.Type[])

(Filename: Assets/GooglePlayGames/com.google.play.games/Editor/GPGSUpgrader.cs Line: 57)

Mono: successfully reloaded assembly
- Completed reload, in  2.674 seconds
Domain Reload Profiling:
	ReloadAssembly (2675ms)
		BeginReloadAssembly (332ms)
			ExecutionOrderSort (0ms)
			DisableScriptedObjects (16ms)
			BackupInstance (0ms)
			ReleaseScriptingObjects (1ms)
			CreateAndSetChildDomain (142ms)
		EndReloadAssembly (2160ms)
			LoadAssemblies (151ms)
			RebuildTransferFunctionScriptingTraits (0ms)
			SetupTypeCache (390ms)
			ReleaseScriptCaches (2ms)
			RebuildScriptCaches (72ms)
			SetupLoadedEditorAssemblies (1374ms)
				LogAssemblyErrors (0ms)
				InitializePlatformSupportModulesInManaged (198ms)
				SetLoadedEditorAssemblies (2ms)
				RefreshPlugins (3ms)
				BeforeProcessingInitializeOnLoad (115ms)
				ProcessInitializeOnLoadAttributes (918ms)
				ProcessInitializeOnLoadMethodAttributes (130ms)
				AfterProcessingInitializeOnLoad (9ms)
				EditorAssembliesLoaded (0ms)
			ExecutionOrderSort2 (0ms)
			AwakeInstancesAfterBackupRestoration (30ms)
Platform modules already initialized, skipping
Switching build target platform(19) subTarget(0) extendedPlatform(0) -> platform(13) subTarget(0) extendedPlatform(0)
Refreshing native plugins compatible for Editor in 2.81 ms, found 3 plugins.
Preloading 0 native plugins for Editor in 0.00 ms.
Unloading 4202 Unused Serialized files (Serialized files now loaded: 0)
Unloading 55 unused Assets / (245.0 KB). Loaded Objects now: 5080.
Memory consumption went from 211.6 MB to 211.3 MB.
Total: 8.149000 ms (FindLiveObjects: 1.121100 ms CreateObjectMapping: 0.556100 ms MarkObjects: 6.355200 ms  DeleteObjects: 0.114000 ms)

AssetImportParameters requested are different than current active one (requested -> active):
  custom:video-decoder-ogg-theora: a1e56fd34408186e4bbccfd4996cb3dc -> 
  custom:container-muxer-webm: aa71ff27fc2769a1b78a27578f13a17b -> 
  custom:container-demuxer-webm: 4f35f7cbe854078d1ac9338744f61a02 -> 
  custom:video-encoder-webm-vp8: eb34c28f22e8b96e1ab97ce403110664 -> 
  custom:audio-encoder-webm-vorbis: bf7c407c2cedff20999df2af8eb42d56 -> 
  custom:framework-win-MediaFoundation: 216162199b28c13a410421893ffa2e32 -> 
  custom:container-demuxer-ogg: 62fdf1f143b41e24485cea50d1cbac27 -> 
  custom:video-decoder-webm-vp8: 9c59270c3fd7afecdb556c50c9e8de78 -> 
  custom:audio-decoder-ogg-vorbis: bf7c407c2cedff20999df2af8eb42d56 -> 
